[1.284s] DEBUG:colcon:Command line arguments: ['/usr/bin/colcon', 'list', '-p', '--base-paths', '/home/ashu/workspace/Obstacle-Avoidance/ros2_driver']
[1.284s] DEBUG:colcon:Parsed command line arguments: Namespace(log_base=None, log_level=None, verb_name='list', build_base='build', ignore_user_meta=False, metas=['./colcon.meta'], base_paths=['/home/ashu/workspace/Obstacle-Avoidance/ros2_driver'], packages_ignore=None, packages_ignore_regex=None, paths=None, packages_up_to=None, packages_up_to_regex=None, packages_above=None, packages_above_and_dependencies=None, packages_above_depth=None, packages_select_by_dep=None, packages_skip_by_dep=None, packages_skip_up_to=None, packages_select_build_failed=False, packages_skip_build_finished=False, packages_select_test_failures=False, packages_skip_test_passed=False, packages_select=None, packages_skip=None, packages_select_regex=None, packages_skip_regex=None, packages_start=None, packages_end=None, allow_overriding=[], topological_order=False, names_only=False, paths_only=True, topological_graph=False, topological_graph_dot=False, topological_graph_density=False, topological_graph_legend=False, topological_graph_dot_cluster=False, topological_graph_dot_include_skipped=False, verb_parser=<colcon_defaults.argument_parser.defaults.DefaultArgumentsDecorator object at 0x7f96bb9193c0>, verb_extension=<colcon_package_information.verb.list.ListVerb object at 0x7f96bba90a00>, main=<bound method ListVerb.main of <colcon_package_information.verb.list.ListVerb object at 0x7f96bba90a00>>)
[1.353s] Level 1:colcon.colcon_core.package_discovery:discover_packages(colcon_meta) check parameters
[1.353s] Level 1:colcon.colcon_core.package_discovery:discover_packages(recursive) check parameters
[1.353s] Level 1:colcon.colcon_core.package_discovery:discover_packages(ignore) check parameters
[1.353s] Level 1:colcon.colcon_core.package_discovery:discover_packages(path) check parameters
[1.353s] Level 1:colcon.colcon_core.package_discovery:discover_packages(recursive) discover
[1.353s] INFO:colcon.colcon_core.package_discovery:Crawling recursively for packages in '/home/ashu/workspace/Obstacle-Avoidance/ros2_driver'
[1.353s] Level 1:colcon.colcon_core.package_identification:_identify(/home/ashu/workspace/Obstacle-Avoidance/ros2_driver) by extensions ['ignore', 'ignore_ament_install']
[1.353s] Level 1:colcon.colcon_core.package_identification:_identify(/home/ashu/workspace/Obstacle-Avoidance/ros2_driver) by extension 'ignore'
[1.353s] Level 1:colcon.colcon_core.package_identification:_identify(/home/ashu/workspace/Obstacle-Avoidance/ros2_driver) by extension 'ignore_ament_install'
[1.354s] Level 1:colcon.colcon_core.package_identification:_identify(/home/ashu/workspace/Obstacle-Avoidance/ros2_driver) by extensions ['colcon_pkg']
[1.354s] Level 1:colcon.colcon_core.package_identification:_identify(/home/ashu/workspace/Obstacle-Avoidance/ros2_driver) by extension 'colcon_pkg'
[1.354s] Level 1:colcon.colcon_core.package_identification:_identify(/home/ashu/workspace/Obstacle-Avoidance/ros2_driver) by extensions ['colcon_meta']
[1.354s] Level 1:colcon.colcon_core.package_identification:_identify(/home/ashu/workspace/Obstacle-Avoidance/ros2_driver) by extension 'colcon_meta'
[1.354s] Level 1:colcon.colcon_core.package_identification:_identify(/home/ashu/workspace/Obstacle-Avoidance/ros2_driver) by extensions ['ros']
[1.354s] Level 1:colcon.colcon_core.package_identification:_identify(/home/ashu/workspace/Obstacle-Avoidance/ros2_driver) by extension 'ros'
[1.372s] Level 1:colcon.colcon_core.package_identification:_identify(/home/ashu/workspace/Obstacle-Avoidance/ros2_driver) by extensions ['cmake', 'python']
[1.372s] Level 1:colcon.colcon_core.package_identification:_identify(/home/ashu/workspace/Obstacle-Avoidance/ros2_driver) by extension 'cmake'
[1.373s] Level 1:colcon.colcon_core.package_identification:_identify(/home/ashu/workspace/Obstacle-Avoidance/ros2_driver) by extension 'python'
[1.373s] Level 1:colcon.colcon_core.package_identification:_identify(/home/ashu/workspace/Obstacle-Avoidance/ros2_driver) by extensions ['python_setup_py']
[1.373s] Level 1:colcon.colcon_core.package_identification:_identify(/home/ashu/workspace/Obstacle-Avoidance/ros2_driver) by extension 'python_setup_py'
[1.373s] Level 1:colcon.colcon_core.package_identification:_identify(/home/ashu/workspace/Obstacle-Avoidance/ros2_driver/build) by extensions ['ignore', 'ignore_ament_install']
[1.373s] Level 1:colcon.colcon_core.package_identification:_identify(/home/ashu/workspace/Obstacle-Avoidance/ros2_driver/build) by extension 'ignore'
[1.373s] Level 1:colcon.colcon_core.package_identification:_identify(/home/ashu/workspace/Obstacle-Avoidance/ros2_driver/build) ignored
[1.373s] Level 1:colcon.colcon_core.package_identification:_identify(/home/ashu/workspace/Obstacle-Avoidance/ros2_driver/install) by extensions ['ignore', 'ignore_ament_install']
[1.374s] Level 1:colcon.colcon_core.package_identification:_identify(/home/ashu/workspace/Obstacle-Avoidance/ros2_driver/install) by extension 'ignore'
[1.374s] Level 1:colcon.colcon_core.package_identification:_identify(/home/ashu/workspace/Obstacle-Avoidance/ros2_driver/install) ignored
[1.374s] Level 1:colcon.colcon_core.package_identification:_identify(/home/ashu/workspace/Obstacle-Avoidance/ros2_driver/log) by extensions ['ignore', 'ignore_ament_install']
[1.374s] Level 1:colcon.colcon_core.package_identification:_identify(/home/ashu/workspace/Obstacle-Avoidance/ros2_driver/log) by extension 'ignore'
[1.374s] Level 1:colcon.colcon_core.package_identification:_identify(/home/ashu/workspace/Obstacle-Avoidance/ros2_driver/log) ignored
[1.374s] Level 1:colcon.colcon_core.package_identification:_identify(/home/ashu/workspace/Obstacle-Avoidance/ros2_driver/src) by extensions ['ignore', 'ignore_ament_install']
[1.375s] Level 1:colcon.colcon_core.package_identification:_identify(/home/ashu/workspace/Obstacle-Avoidance/ros2_driver/src) by extension 'ignore'
[1.375s] Level 1:colcon.colcon_core.package_identification:_identify(/home/ashu/workspace/Obstacle-Avoidance/ros2_driver/src) by extension 'ignore_ament_install'
[1.375s] Level 1:colcon.colcon_core.package_identification:_identify(/home/ashu/workspace/Obstacle-Avoidance/ros2_driver/src) by extensions ['colcon_pkg']
[1.375s] Level 1:colcon.colcon_core.package_identification:_identify(/home/ashu/workspace/Obstacle-Avoidance/ros2_driver/src) by extension 'colcon_pkg'
[1.375s] Level 1:colcon.colcon_core.package_identification:_identify(/home/ashu/workspace/Obstacle-Avoidance/ros2_driver/src) by extensions ['colcon_meta']
[1.375s] Level 1:colcon.colcon_core.package_identification:_identify(/home/ashu/workspace/Obstacle-Avoidance/ros2_driver/src) by extension 'colcon_meta'
[1.375s] Level 1:colcon.colcon_core.package_identification:_identify(/home/ashu/workspace/Obstacle-Avoidance/ros2_driver/src) by extensions ['ros']
[1.375s] Level 1:colcon.colcon_core.package_identification:_identify(/home/ashu/workspace/Obstacle-Avoidance/ros2_driver/src) by extension 'ros'
[1.376s] Level 1:colcon.colcon_core.package_identification:_identify(/home/ashu/workspace/Obstacle-Avoidance/ros2_driver/src) by extensions ['cmake', 'python']
[1.376s] Level 1:colcon.colcon_core.package_identification:_identify(/home/ashu/workspace/Obstacle-Avoidance/ros2_driver/src) by extension 'cmake'
[1.376s] Level 1:colcon.colcon_core.package_identification:_identify(/home/ashu/workspace/Obstacle-Avoidance/ros2_driver/src) by extension 'python'
[1.376s] Level 1:colcon.colcon_core.package_identification:_identify(/home/ashu/workspace/Obstacle-Avoidance/ros2_driver/src) by extensions ['python_setup_py']
[1.376s] Level 1:colcon.colcon_core.package_identification:_identify(/home/ashu/workspace/Obstacle-Avoidance/ros2_driver/src) by extension 'python_setup_py'
[1.376s] Level 1:colcon.colcon_core.package_identification:_identify(/home/ashu/workspace/Obstacle-Avoidance/ros2_driver/src/serial-ros2-master) by extensions ['ignore', 'ignore_ament_install']
[1.376s] Level 1:colcon.colcon_core.package_identification:_identify(/home/ashu/workspace/Obstacle-Avoidance/ros2_driver/src/serial-ros2-master) by extension 'ignore'
[1.376s] Level 1:colcon.colcon_core.package_identification:_identify(/home/ashu/workspace/Obstacle-Avoidance/ros2_driver/src/serial-ros2-master) by extension 'ignore_ament_install'
[1.377s] Level 1:colcon.colcon_core.package_identification:_identify(/home/ashu/workspace/Obstacle-Avoidance/ros2_driver/src/serial-ros2-master) by extensions ['colcon_pkg']
[1.377s] Level 1:colcon.colcon_core.package_identification:_identify(/home/ashu/workspace/Obstacle-Avoidance/ros2_driver/src/serial-ros2-master) by extension 'colcon_pkg'
[1.377s] Level 1:colcon.colcon_core.package_identification:_identify(/home/ashu/workspace/Obstacle-Avoidance/ros2_driver/src/serial-ros2-master) by extensions ['colcon_meta']
[1.377s] Level 1:colcon.colcon_core.package_identification:_identify(/home/ashu/workspace/Obstacle-Avoidance/ros2_driver/src/serial-ros2-master) by extension 'colcon_meta'
[1.377s] Level 1:colcon.colcon_core.package_identification:_identify(/home/ashu/workspace/Obstacle-Avoidance/ros2_driver/src/serial-ros2-master) by extensions ['ros']
[1.377s] Level 1:colcon.colcon_core.package_identification:_identify(/home/ashu/workspace/Obstacle-Avoidance/ros2_driver/src/serial-ros2-master) by extension 'ros'
[1.381s] DEBUG:colcon.colcon_core.package_identification:Package '/home/ashu/workspace/Obstacle-Avoidance/ros2_driver/src/serial-ros2-master' with type 'ros.ament_cmake' and name 'serial'
[1.382s] Level 1:colcon.colcon_core.package_identification:_identify(/home/ashu/workspace/Obstacle-Avoidance/ros2_driver/src/ti_mmwave_rospkg) by extensions ['ignore', 'ignore_ament_install']
[1.382s] Level 1:colcon.colcon_core.package_identification:_identify(/home/ashu/workspace/Obstacle-Avoidance/ros2_driver/src/ti_mmwave_rospkg) by extension 'ignore'
[1.382s] Level 1:colcon.colcon_core.package_identification:_identify(/home/ashu/workspace/Obstacle-Avoidance/ros2_driver/src/ti_mmwave_rospkg) by extension 'ignore_ament_install'
[1.382s] Level 1:colcon.colcon_core.package_identification:_identify(/home/ashu/workspace/Obstacle-Avoidance/ros2_driver/src/ti_mmwave_rospkg) by extensions ['colcon_pkg']
[1.382s] Level 1:colcon.colcon_core.package_identification:_identify(/home/ashu/workspace/Obstacle-Avoidance/ros2_driver/src/ti_mmwave_rospkg) by extension 'colcon_pkg'
[1.382s] Level 1:colcon.colcon_core.package_identification:_identify(/home/ashu/workspace/Obstacle-Avoidance/ros2_driver/src/ti_mmwave_rospkg) by extensions ['colcon_meta']
[1.382s] Level 1:colcon.colcon_core.package_identification:_identify(/home/ashu/workspace/Obstacle-Avoidance/ros2_driver/src/ti_mmwave_rospkg) by extension 'colcon_meta'
[1.382s] Level 1:colcon.colcon_core.package_identification:_identify(/home/ashu/workspace/Obstacle-Avoidance/ros2_driver/src/ti_mmwave_rospkg) by extensions ['ros']
[1.382s] Level 1:colcon.colcon_core.package_identification:_identify(/home/ashu/workspace/Obstacle-Avoidance/ros2_driver/src/ti_mmwave_rospkg) by extension 'ros'
[1.384s] DEBUG:colcon.colcon_core.package_identification:Package '/home/ashu/workspace/Obstacle-Avoidance/ros2_driver/src/ti_mmwave_rospkg' with type 'ros.ament_cmake' and name 'ti_mmwave_rospkg'
[1.384s] Level 1:colcon.colcon_core.package_identification:_identify(/home/ashu/workspace/Obstacle-Avoidance/ros2_driver/src/ti_mmwave_rospkg_msgs) by extensions ['ignore', 'ignore_ament_install']
[1.385s] Level 1:colcon.colcon_core.package_identification:_identify(/home/ashu/workspace/Obstacle-Avoidance/ros2_driver/src/ti_mmwave_rospkg_msgs) by extension 'ignore'
[1.385s] Level 1:colcon.colcon_core.package_identification:_identify(/home/ashu/workspace/Obstacle-Avoidance/ros2_driver/src/ti_mmwave_rospkg_msgs) by extension 'ignore_ament_install'
[1.385s] Level 1:colcon.colcon_core.package_identification:_identify(/home/ashu/workspace/Obstacle-Avoidance/ros2_driver/src/ti_mmwave_rospkg_msgs) by extensions ['colcon_pkg']
[1.385s] Level 1:colcon.colcon_core.package_identification:_identify(/home/ashu/workspace/Obstacle-Avoidance/ros2_driver/src/ti_mmwave_rospkg_msgs) by extension 'colcon_pkg'
[1.385s] Level 1:colcon.colcon_core.package_identification:_identify(/home/ashu/workspace/Obstacle-Avoidance/ros2_driver/src/ti_mmwave_rospkg_msgs) by extensions ['colcon_meta']
[1.385s] Level 1:colcon.colcon_core.package_identification:_identify(/home/ashu/workspace/Obstacle-Avoidance/ros2_driver/src/ti_mmwave_rospkg_msgs) by extension 'colcon_meta'
[1.385s] Level 1:colcon.colcon_core.package_identification:_identify(/home/ashu/workspace/Obstacle-Avoidance/ros2_driver/src/ti_mmwave_rospkg_msgs) by extensions ['ros']
[1.385s] Level 1:colcon.colcon_core.package_identification:_identify(/home/ashu/workspace/Obstacle-Avoidance/ros2_driver/src/ti_mmwave_rospkg_msgs) by extension 'ros'
[1.386s] DEBUG:colcon.colcon_core.package_identification:Package '/home/ashu/workspace/Obstacle-Avoidance/ros2_driver/src/ti_mmwave_rospkg_msgs' with type 'ros.ament_cmake' and name 'ti_mmwave_rospkg_msgs'
[1.386s] Level 1:colcon.colcon_core.package_discovery:discover_packages(recursive) using defaults
