[35m[1mConsolidate compiler generated dependencies of target ti_mmwave_rospkg_msgs__rosidl_generator_c[0m
[  1%] Built target ti_mmwave_rospkg_msgs__cpp
[ 12%] Built target ti_mmwave_rospkg_msgs__rosidl_generator_c
[ 12%] Built target ament_cmake_python_copy_ti_mmwave_rospkg_msgs
[35m[1mConsolidate compiler generated dependencies of target ti_mmwave_rospkg_msgs__rosidl_typesupport_cpp[0m
[35m[1mConsolidate compiler generated dependencies of target ti_mmwave_rospkg_msgs__rosidl_typesupport_introspection_cpp[0m
[35m[1mConsolidate compiler generated dependencies of target ti_mmwave_rospkg_msgs__rosidl_typesupport_fastrtps_cpp[0m
[35m[1mConsolidate compiler generated dependencies of target ti_mmwave_rospkg_msgs__rosidl_typesupport_fastrtps_c[0m
[35m[1mConsolidate compiler generated dependencies of target ti_mmwave_rospkg_msgs__rosidl_typesupport_c[0m
[35m[1mConsolidate compiler generated dependencies of target ti_mmwave_rospkg_msgs__rosidl_typesupport_introspection_c[0m
[ 23%] Built target ti_mmwave_rospkg_msgs__rosidl_typesupport_c
[ 35%] Built target ti_mmwave_rospkg_msgs__rosidl_typesupport_cpp
[ 46%] Built target ti_mmwave_rospkg_msgs__rosidl_typesupport_introspection_c
[ 57%] Built target ti_mmwave_rospkg_msgs__rosidl_typesupport_introspection_cpp
[ 77%] Built target ti_mmwave_rospkg_msgs__rosidl_typesupport_fastrtps_cpp
[ 80%] Built target ti_mmwave_rospkg_msgs__rosidl_typesupport_fastrtps_c
[ 80%] Built target ti_mmwave_rospkg_msgs
[ 81%] Built target ti_mmwave_rospkg_msgs__py
[35m[1mConsolidate compiler generated dependencies of target ti_mmwave_rospkg_msgs__rosidl_generator_py[0m
[ 91%] Built target ti_mmwave_rospkg_msgs__rosidl_generator_py
[35m[1mConsolidate compiler generated dependencies of target ti_mmwave_rospkg_msgs__rosidl_typesupport_c__pyext[0m
[35m[1mConsolidate compiler generated dependencies of target ti_mmwave_rospkg_msgs__rosidl_typesupport_fastrtps_c__pyext[0m
[35m[1mConsolidate compiler generated dependencies of target ti_mmwave_rospkg_msgs__rosidl_typesupport_introspection_c__pyext[0m
[ 94%] Built target ti_mmwave_rospkg_msgs__rosidl_typesupport_fastrtps_c__pyext
[ 97%] Built target ti_mmwave_rospkg_msgs__rosidl_typesupport_c__pyext
[100%] Built target ti_mmwave_rospkg_msgs__rosidl_typesupport_introspection_c__pyext
running egg_info
writing ti_mmwave_rospkg_msgs.egg-info/PKG-INFO
writing dependency_links to ti_mmwave_rospkg_msgs.egg-info/dependency_links.txt
writing top-level names to ti_mmwave_rospkg_msgs.egg-info/top_level.txt
reading manifest file 'ti_mmwave_rospkg_msgs.egg-info/SOURCES.txt'
writing manifest file 'ti_mmwave_rospkg_msgs.egg-info/SOURCES.txt'
[100%] Built target ament_cmake_python_build_ti_mmwave_rospkg_msgs_egg
-- Install configuration: ""
-- Up-to-date: /home/ashu/workspace/Obstacle-Avoidance/ros2_driver/install/ti_mmwave_rospkg_msgs/share/ament_index/resource_index/rosidl_interfaces/ti_mmwave_rospkg_msgs
-- Up-to-date: /home/ashu/workspace/Obstacle-Avoidance/ros2_driver/install/ti_mmwave_rospkg_msgs/include/ti_mmwave_rospkg_msgs/ti_mmwave_rospkg_msgs
-- Up-to-date: /home/ashu/workspace/Obstacle-Avoidance/ros2_driver/install/ti_mmwave_rospkg_msgs/include/ti_mmwave_rospkg_msgs/ti_mmwave_rospkg_msgs/srv
-- Up-to-date: /home/ashu/workspace/Obstacle-Avoidance/ros2_driver/install/ti_mmwave_rospkg_msgs/include/ti_mmwave_rospkg_msgs/ti_mmwave_rospkg_msgs/srv/detail
-- Up-to-date: /home/ashu/workspace/Obstacle-Avoidance/ros2_driver/install/ti_mmwave_rospkg_msgs/include/ti_mmwave_rospkg_msgs/ti_mmwave_rospkg_msgs/srv/detail/mmwave_cli__functions.h
-- Up-to-date: /home/ashu/workspace/Obstacle-Avoidance/ros2_driver/install/ti_mmwave_rospkg_msgs/include/ti_mmwave_rospkg_msgs/ti_mmwave_rospkg_msgs/srv/detail/mmwave_cli__type_support.h
-- Up-to-date: /home/ashu/workspace/Obstacle-Avoidance/ros2_driver/install/ti_mmwave_rospkg_msgs/include/ti_mmwave_rospkg_msgs/ti_mmwave_rospkg_msgs/srv/detail/mmwave_cli__struct.h
-- Up-to-date: /home/ashu/workspace/Obstacle-Avoidance/ros2_driver/install/ti_mmwave_rospkg_msgs/include/ti_mmwave_rospkg_msgs/ti_mmwave_rospkg_msgs/srv/detail/mmwave_cli__functions.c
-- Up-to-date: /home/ashu/workspace/Obstacle-Avoidance/ros2_driver/install/ti_mmwave_rospkg_msgs/include/ti_mmwave_rospkg_msgs/ti_mmwave_rospkg_msgs/srv/mmwave_cli.h
-- Up-to-date: /home/ashu/workspace/Obstacle-Avoidance/ros2_driver/install/ti_mmwave_rospkg_msgs/include/ti_mmwave_rospkg_msgs/ti_mmwave_rospkg_msgs/msg
-- Up-to-date: /home/ashu/workspace/Obstacle-Avoidance/ros2_driver/install/ti_mmwave_rospkg_msgs/include/ti_mmwave_rospkg_msgs/ti_mmwave_rospkg_msgs/msg/radar_track_contents.h
-- Up-to-date: /home/ashu/workspace/Obstacle-Avoidance/ros2_driver/install/ti_mmwave_rospkg_msgs/include/ti_mmwave_rospkg_msgs/ti_mmwave_rospkg_msgs/msg/detail
-- Up-to-date: /home/ashu/workspace/Obstacle-Avoidance/ros2_driver/install/ti_mmwave_rospkg_msgs/include/ti_mmwave_rospkg_msgs/ti_mmwave_rospkg_msgs/msg/detail/radar_scan__functions.h
-- Up-to-date: /home/ashu/workspace/Obstacle-Avoidance/ros2_driver/install/ti_mmwave_rospkg_msgs/include/ti_mmwave_rospkg_msgs/ti_mmwave_rospkg_msgs/msg/detail/radar_occupancy__functions.c
-- Up-to-date: /home/ashu/workspace/Obstacle-Avoidance/ros2_driver/install/ti_mmwave_rospkg_msgs/include/ti_mmwave_rospkg_msgs/ti_mmwave_rospkg_msgs/msg/detail/radar_track_array__type_support.h
-- Up-to-date: /home/ashu/workspace/Obstacle-Avoidance/ros2_driver/install/ti_mmwave_rospkg_msgs/include/ti_mmwave_rospkg_msgs/ti_mmwave_rospkg_msgs/msg/detail/radar_scan__type_support.h
-- Up-to-date: /home/ashu/workspace/Obstacle-Avoidance/ros2_driver/install/ti_mmwave_rospkg_msgs/include/ti_mmwave_rospkg_msgs/ti_mmwave_rospkg_msgs/msg/detail/radar_track_array__functions.h
-- Up-to-date: /home/ashu/workspace/Obstacle-Avoidance/ros2_driver/install/ti_mmwave_rospkg_msgs/include/ti_mmwave_rospkg_msgs/ti_mmwave_rospkg_msgs/msg/detail/radar_occupancy__type_support.h
-- Up-to-date: /home/ashu/workspace/Obstacle-Avoidance/ros2_driver/install/ti_mmwave_rospkg_msgs/include/ti_mmwave_rospkg_msgs/ti_mmwave_rospkg_msgs/msg/detail/radar_track_array__functions.c
-- Up-to-date: /home/ashu/workspace/Obstacle-Avoidance/ros2_driver/install/ti_mmwave_rospkg_msgs/include/ti_mmwave_rospkg_msgs/ti_mmwave_rospkg_msgs/msg/detail/radar_track_contents__functions.c
-- Up-to-date: /home/ashu/workspace/Obstacle-Avoidance/ros2_driver/install/ti_mmwave_rospkg_msgs/include/ti_mmwave_rospkg_msgs/ti_mmwave_rospkg_msgs/msg/detail/radar_occupancy__struct.h
-- Up-to-date: /home/ashu/workspace/Obstacle-Avoidance/ros2_driver/install/ti_mmwave_rospkg_msgs/include/ti_mmwave_rospkg_msgs/ti_mmwave_rospkg_msgs/msg/detail/radar_track_contents__functions.h
-- Up-to-date: /home/ashu/workspace/Obstacle-Avoidance/ros2_driver/install/ti_mmwave_rospkg_msgs/include/ti_mmwave_rospkg_msgs/ti_mmwave_rospkg_msgs/msg/detail/radar_track_array__struct.h
-- Up-to-date: /home/ashu/workspace/Obstacle-Avoidance/ros2_driver/install/ti_mmwave_rospkg_msgs/include/ti_mmwave_rospkg_msgs/ti_mmwave_rospkg_msgs/msg/detail/radar_point_track_id__functions.h
-- Up-to-date: /home/ashu/workspace/Obstacle-Avoidance/ros2_driver/install/ti_mmwave_rospkg_msgs/include/ti_mmwave_rospkg_msgs/ti_mmwave_rospkg_msgs/msg/detail/radar_scan__struct.h
-- Up-to-date: /home/ashu/workspace/Obstacle-Avoidance/ros2_driver/install/ti_mmwave_rospkg_msgs/include/ti_mmwave_rospkg_msgs/ti_mmwave_rospkg_msgs/msg/detail/radar_track_contents__type_support.h
-- Up-to-date: /home/ashu/workspace/Obstacle-Avoidance/ros2_driver/install/ti_mmwave_rospkg_msgs/include/ti_mmwave_rospkg_msgs/ti_mmwave_rospkg_msgs/msg/detail/radar_occupancy__functions.h
-- Up-to-date: /home/ashu/workspace/Obstacle-Avoidance/ros2_driver/install/ti_mmwave_rospkg_msgs/include/ti_mmwave_rospkg_msgs/ti_mmwave_rospkg_msgs/msg/detail/radar_scan__functions.c
-- Up-to-date: /home/ashu/workspace/Obstacle-Avoidance/ros2_driver/install/ti_mmwave_rospkg_msgs/include/ti_mmwave_rospkg_msgs/ti_mmwave_rospkg_msgs/msg/detail/radar_point_track_id__functions.c
-- Up-to-date: /home/ashu/workspace/Obstacle-Avoidance/ros2_driver/install/ti_mmwave_rospkg_msgs/include/ti_mmwave_rospkg_msgs/ti_mmwave_rospkg_msgs/msg/detail/radar_track_contents__struct.h
-- Up-to-date: /home/ashu/workspace/Obstacle-Avoidance/ros2_driver/install/ti_mmwave_rospkg_msgs/include/ti_mmwave_rospkg_msgs/ti_mmwave_rospkg_msgs/msg/detail/radar_point_track_id__type_support.h
-- Up-to-date: /home/ashu/workspace/Obstacle-Avoidance/ros2_driver/install/ti_mmwave_rospkg_msgs/include/ti_mmwave_rospkg_msgs/ti_mmwave_rospkg_msgs/msg/detail/radar_point_track_id__struct.h
-- Up-to-date: /home/ashu/workspace/Obstacle-Avoidance/ros2_driver/install/ti_mmwave_rospkg_msgs/include/ti_mmwave_rospkg_msgs/ti_mmwave_rospkg_msgs/msg/rosidl_generator_c__visibility_control.h
-- Up-to-date: /home/ashu/workspace/Obstacle-Avoidance/ros2_driver/install/ti_mmwave_rospkg_msgs/include/ti_mmwave_rospkg_msgs/ti_mmwave_rospkg_msgs/msg/radar_scan.h
-- Up-to-date: /home/ashu/workspace/Obstacle-Avoidance/ros2_driver/install/ti_mmwave_rospkg_msgs/include/ti_mmwave_rospkg_msgs/ti_mmwave_rospkg_msgs/msg/radar_occupancy.h
-- Up-to-date: /home/ashu/workspace/Obstacle-Avoidance/ros2_driver/install/ti_mmwave_rospkg_msgs/include/ti_mmwave_rospkg_msgs/ti_mmwave_rospkg_msgs/msg/radar_track_array.h
-- Up-to-date: /home/ashu/workspace/Obstacle-Avoidance/ros2_driver/install/ti_mmwave_rospkg_msgs/include/ti_mmwave_rospkg_msgs/ti_mmwave_rospkg_msgs/msg/radar_point_track_id.h
-- Up-to-date: /home/ashu/workspace/Obstacle-Avoidance/ros2_driver/install/ti_mmwave_rospkg_msgs/share/ti_mmwave_rospkg_msgs/environment/library_path.sh
-- Up-to-date: /home/ashu/workspace/Obstacle-Avoidance/ros2_driver/install/ti_mmwave_rospkg_msgs/share/ti_mmwave_rospkg_msgs/environment/library_path.dsv
-- Up-to-date: /home/ashu/workspace/Obstacle-Avoidance/ros2_driver/install/ti_mmwave_rospkg_msgs/lib/libti_mmwave_rospkg_msgs__rosidl_generator_c.so
-- Up-to-date: /home/ashu/workspace/Obstacle-Avoidance/ros2_driver/install/ti_mmwave_rospkg_msgs/include/ti_mmwave_rospkg_msgs/ti_mmwave_rospkg_msgs
-- Up-to-date: /home/ashu/workspace/Obstacle-Avoidance/ros2_driver/install/ti_mmwave_rospkg_msgs/include/ti_mmwave_rospkg_msgs/ti_mmwave_rospkg_msgs/srv
-- Up-to-date: /home/ashu/workspace/Obstacle-Avoidance/ros2_driver/install/ti_mmwave_rospkg_msgs/include/ti_mmwave_rospkg_msgs/ti_mmwave_rospkg_msgs/srv/detail
-- Up-to-date: /home/ashu/workspace/Obstacle-Avoidance/ros2_driver/install/ti_mmwave_rospkg_msgs/include/ti_mmwave_rospkg_msgs/ti_mmwave_rospkg_msgs/srv/detail/mmwave_cli__rosidl_typesupport_fastrtps_c.h
-- Up-to-date: /home/ashu/workspace/Obstacle-Avoidance/ros2_driver/install/ti_mmwave_rospkg_msgs/include/ti_mmwave_rospkg_msgs/ti_mmwave_rospkg_msgs/msg
-- Up-to-date: /home/ashu/workspace/Obstacle-Avoidance/ros2_driver/install/ti_mmwave_rospkg_msgs/include/ti_mmwave_rospkg_msgs/ti_mmwave_rospkg_msgs/msg/detail
-- Up-to-date: /home/ashu/workspace/Obstacle-Avoidance/ros2_driver/install/ti_mmwave_rospkg_msgs/include/ti_mmwave_rospkg_msgs/ti_mmwave_rospkg_msgs/msg/detail/radar_track_contents__rosidl_typesupport_fastrtps_c.h
-- Up-to-date: /home/ashu/workspace/Obstacle-Avoidance/ros2_driver/install/ti_mmwave_rospkg_msgs/include/ti_mmwave_rospkg_msgs/ti_mmwave_rospkg_msgs/msg/detail/radar_occupancy__rosidl_typesupport_fastrtps_c.h
-- Up-to-date: /home/ashu/workspace/Obstacle-Avoidance/ros2_driver/install/ti_mmwave_rospkg_msgs/include/ti_mmwave_rospkg_msgs/ti_mmwave_rospkg_msgs/msg/detail/radar_track_array__rosidl_typesupport_fastrtps_c.h
-- Up-to-date: /home/ashu/workspace/Obstacle-Avoidance/ros2_driver/install/ti_mmwave_rospkg_msgs/include/ti_mmwave_rospkg_msgs/ti_mmwave_rospkg_msgs/msg/detail/radar_scan__rosidl_typesupport_fastrtps_c.h
-- Up-to-date: /home/ashu/workspace/Obstacle-Avoidance/ros2_driver/install/ti_mmwave_rospkg_msgs/include/ti_mmwave_rospkg_msgs/ti_mmwave_rospkg_msgs/msg/detail/radar_point_track_id__rosidl_typesupport_fastrtps_c.h
-- Up-to-date: /home/ashu/workspace/Obstacle-Avoidance/ros2_driver/install/ti_mmwave_rospkg_msgs/include/ti_mmwave_rospkg_msgs/ti_mmwave_rospkg_msgs/msg/rosidl_typesupport_fastrtps_c__visibility_control.h
-- Up-to-date: /home/ashu/workspace/Obstacle-Avoidance/ros2_driver/install/ti_mmwave_rospkg_msgs/lib/libti_mmwave_rospkg_msgs__rosidl_typesupport_fastrtps_c.so
-- Up-to-date: /home/ashu/workspace/Obstacle-Avoidance/ros2_driver/install/ti_mmwave_rospkg_msgs/include/ti_mmwave_rospkg_msgs/ti_mmwave_rospkg_msgs
-- Up-to-date: /home/ashu/workspace/Obstacle-Avoidance/ros2_driver/install/ti_mmwave_rospkg_msgs/include/ti_mmwave_rospkg_msgs/ti_mmwave_rospkg_msgs/srv
-- Up-to-date: /home/ashu/workspace/Obstacle-Avoidance/ros2_driver/install/ti_mmwave_rospkg_msgs/include/ti_mmwave_rospkg_msgs/ti_mmwave_rospkg_msgs/srv/detail
-- Up-to-date: /home/ashu/workspace/Obstacle-Avoidance/ros2_driver/install/ti_mmwave_rospkg_msgs/include/ti_mmwave_rospkg_msgs/ti_mmwave_rospkg_msgs/srv/detail/mmwave_cli__rosidl_typesupport_introspection_c.h
-- Up-to-date: /home/ashu/workspace/Obstacle-Avoidance/ros2_driver/install/ti_mmwave_rospkg_msgs/include/ti_mmwave_rospkg_msgs/ti_mmwave_rospkg_msgs/srv/detail/mmwave_cli__type_support.c
-- Up-to-date: /home/ashu/workspace/Obstacle-Avoidance/ros2_driver/install/ti_mmwave_rospkg_msgs/include/ti_mmwave_rospkg_msgs/ti_mmwave_rospkg_msgs/msg
-- Up-to-date: /home/ashu/workspace/Obstacle-Avoidance/ros2_driver/install/ti_mmwave_rospkg_msgs/include/ti_mmwave_rospkg_msgs/ti_mmwave_rospkg_msgs/msg/rosidl_typesupport_introspection_c__visibility_control.h
-- Up-to-date: /home/ashu/workspace/Obstacle-Avoidance/ros2_driver/install/ti_mmwave_rospkg_msgs/include/ti_mmwave_rospkg_msgs/ti_mmwave_rospkg_msgs/msg/detail
-- Up-to-date: /home/ashu/workspace/Obstacle-Avoidance/ros2_driver/install/ti_mmwave_rospkg_msgs/include/ti_mmwave_rospkg_msgs/ti_mmwave_rospkg_msgs/msg/detail/radar_track_array__rosidl_typesupport_introspection_c.h
-- Up-to-date: /home/ashu/workspace/Obstacle-Avoidance/ros2_driver/install/ti_mmwave_rospkg_msgs/include/ti_mmwave_rospkg_msgs/ti_mmwave_rospkg_msgs/msg/detail/radar_occupancy__rosidl_typesupport_introspection_c.h
-- Up-to-date: /home/ashu/workspace/Obstacle-Avoidance/ros2_driver/install/ti_mmwave_rospkg_msgs/include/ti_mmwave_rospkg_msgs/ti_mmwave_rospkg_msgs/msg/detail/radar_track_contents__type_support.c
-- Up-to-date: /home/ashu/workspace/Obstacle-Avoidance/ros2_driver/install/ti_mmwave_rospkg_msgs/include/ti_mmwave_rospkg_msgs/ti_mmwave_rospkg_msgs/msg/detail/radar_scan__type_support.c
-- Up-to-date: /home/ashu/workspace/Obstacle-Avoidance/ros2_driver/install/ti_mmwave_rospkg_msgs/include/ti_mmwave_rospkg_msgs/ti_mmwave_rospkg_msgs/msg/detail/radar_point_track_id__rosidl_typesupport_introspection_c.h
-- Up-to-date: /home/ashu/workspace/Obstacle-Avoidance/ros2_driver/install/ti_mmwave_rospkg_msgs/include/ti_mmwave_rospkg_msgs/ti_mmwave_rospkg_msgs/msg/detail/radar_occupancy__type_support.c
-- Up-to-date: /home/ashu/workspace/Obstacle-Avoidance/ros2_driver/install/ti_mmwave_rospkg_msgs/include/ti_mmwave_rospkg_msgs/ti_mmwave_rospkg_msgs/msg/detail/radar_scan__rosidl_typesupport_introspection_c.h
-- Up-to-date: /home/ashu/workspace/Obstacle-Avoidance/ros2_driver/install/ti_mmwave_rospkg_msgs/include/ti_mmwave_rospkg_msgs/ti_mmwave_rospkg_msgs/msg/detail/radar_point_track_id__type_support.c
-- Up-to-date: /home/ashu/workspace/Obstacle-Avoidance/ros2_driver/install/ti_mmwave_rospkg_msgs/include/ti_mmwave_rospkg_msgs/ti_mmwave_rospkg_msgs/msg/detail/radar_track_array__type_support.c
-- Up-to-date: /home/ashu/workspace/Obstacle-Avoidance/ros2_driver/install/ti_mmwave_rospkg_msgs/include/ti_mmwave_rospkg_msgs/ti_mmwave_rospkg_msgs/msg/detail/radar_track_contents__rosidl_typesupport_introspection_c.h
-- Up-to-date: /home/ashu/workspace/Obstacle-Avoidance/ros2_driver/install/ti_mmwave_rospkg_msgs/lib/libti_mmwave_rospkg_msgs__rosidl_typesupport_introspection_c.so
-- Up-to-date: /home/ashu/workspace/Obstacle-Avoidance/ros2_driver/install/ti_mmwave_rospkg_msgs/lib/libti_mmwave_rospkg_msgs__rosidl_typesupport_c.so
-- Up-to-date: /home/ashu/workspace/Obstacle-Avoidance/ros2_driver/install/ti_mmwave_rospkg_msgs/include/ti_mmwave_rospkg_msgs/ti_mmwave_rospkg_msgs
-- Up-to-date: /home/ashu/workspace/Obstacle-Avoidance/ros2_driver/install/ti_mmwave_rospkg_msgs/include/ti_mmwave_rospkg_msgs/ti_mmwave_rospkg_msgs/srv
-- Up-to-date: /home/ashu/workspace/Obstacle-Avoidance/ros2_driver/install/ti_mmwave_rospkg_msgs/include/ti_mmwave_rospkg_msgs/ti_mmwave_rospkg_msgs/srv/mmwave_cli.hpp
-- Up-to-date: /home/ashu/workspace/Obstacle-Avoidance/ros2_driver/install/ti_mmwave_rospkg_msgs/include/ti_mmwave_rospkg_msgs/ti_mmwave_rospkg_msgs/srv/detail
-- Up-to-date: /home/ashu/workspace/Obstacle-Avoidance/ros2_driver/install/ti_mmwave_rospkg_msgs/include/ti_mmwave_rospkg_msgs/ti_mmwave_rospkg_msgs/srv/detail/mmwave_cli__traits.hpp
-- Up-to-date: /home/ashu/workspace/Obstacle-Avoidance/ros2_driver/install/ti_mmwave_rospkg_msgs/include/ti_mmwave_rospkg_msgs/ti_mmwave_rospkg_msgs/srv/detail/mmwave_cli__struct.hpp
-- Up-to-date: /home/ashu/workspace/Obstacle-Avoidance/ros2_driver/install/ti_mmwave_rospkg_msgs/include/ti_mmwave_rospkg_msgs/ti_mmwave_rospkg_msgs/srv/detail/mmwave_cli__builder.hpp
-- Up-to-date: /home/ashu/workspace/Obstacle-Avoidance/ros2_driver/install/ti_mmwave_rospkg_msgs/include/ti_mmwave_rospkg_msgs/ti_mmwave_rospkg_msgs/msg
-- Up-to-date: /home/ashu/workspace/Obstacle-Avoidance/ros2_driver/install/ti_mmwave_rospkg_msgs/include/ti_mmwave_rospkg_msgs/ti_mmwave_rospkg_msgs/msg/detail
-- Up-to-date: /home/ashu/workspace/Obstacle-Avoidance/ros2_driver/install/ti_mmwave_rospkg_msgs/include/ti_mmwave_rospkg_msgs/ti_mmwave_rospkg_msgs/msg/detail/radar_track_contents__struct.hpp
-- Up-to-date: /home/ashu/workspace/Obstacle-Avoidance/ros2_driver/install/ti_mmwave_rospkg_msgs/include/ti_mmwave_rospkg_msgs/ti_mmwave_rospkg_msgs/msg/detail/radar_point_track_id__traits.hpp
-- Up-to-date: /home/ashu/workspace/Obstacle-Avoidance/ros2_driver/install/ti_mmwave_rospkg_msgs/include/ti_mmwave_rospkg_msgs/ti_mmwave_rospkg_msgs/msg/detail/radar_track_array__traits.hpp
-- Up-to-date: /home/ashu/workspace/Obstacle-Avoidance/ros2_driver/install/ti_mmwave_rospkg_msgs/include/ti_mmwave_rospkg_msgs/ti_mmwave_rospkg_msgs/msg/detail/radar_track_array__struct.hpp
-- Up-to-date: /home/ashu/workspace/Obstacle-Avoidance/ros2_driver/install/ti_mmwave_rospkg_msgs/include/ti_mmwave_rospkg_msgs/ti_mmwave_rospkg_msgs/msg/detail/radar_scan__struct.hpp
-- Up-to-date: /home/ashu/workspace/Obstacle-Avoidance/ros2_driver/install/ti_mmwave_rospkg_msgs/include/ti_mmwave_rospkg_msgs/ti_mmwave_rospkg_msgs/msg/detail/radar_track_contents__builder.hpp
-- Up-to-date: /home/ashu/workspace/Obstacle-Avoidance/ros2_driver/install/ti_mmwave_rospkg_msgs/include/ti_mmwave_rospkg_msgs/ti_mmwave_rospkg_msgs/msg/detail/radar_point_track_id__builder.hpp
-- Up-to-date: /home/ashu/workspace/Obstacle-Avoidance/ros2_driver/install/ti_mmwave_rospkg_msgs/include/ti_mmwave_rospkg_msgs/ti_mmwave_rospkg_msgs/msg/detail/radar_occupancy__struct.hpp
-- Up-to-date: /home/ashu/workspace/Obstacle-Avoidance/ros2_driver/install/ti_mmwave_rospkg_msgs/include/ti_mmwave_rospkg_msgs/ti_mmwave_rospkg_msgs/msg/detail/radar_scan__builder.hpp
-- Up-to-date: /home/ashu/workspace/Obstacle-Avoidance/ros2_driver/install/ti_mmwave_rospkg_msgs/include/ti_mmwave_rospkg_msgs/ti_mmwave_rospkg_msgs/msg/detail/radar_scan__traits.hpp
-- Up-to-date: /home/ashu/workspace/Obstacle-Avoidance/ros2_driver/install/ti_mmwave_rospkg_msgs/include/ti_mmwave_rospkg_msgs/ti_mmwave_rospkg_msgs/msg/detail/radar_occupancy__builder.hpp
-- Up-to-date: /home/ashu/workspace/Obstacle-Avoidance/ros2_driver/install/ti_mmwave_rospkg_msgs/include/ti_mmwave_rospkg_msgs/ti_mmwave_rospkg_msgs/msg/detail/radar_point_track_id__struct.hpp
-- Up-to-date: /home/ashu/workspace/Obstacle-Avoidance/ros2_driver/install/ti_mmwave_rospkg_msgs/include/ti_mmwave_rospkg_msgs/ti_mmwave_rospkg_msgs/msg/detail/radar_track_contents__traits.hpp
-- Up-to-date: /home/ashu/workspace/Obstacle-Avoidance/ros2_driver/install/ti_mmwave_rospkg_msgs/include/ti_mmwave_rospkg_msgs/ti_mmwave_rospkg_msgs/msg/detail/radar_track_array__builder.hpp
-- Up-to-date: /home/ashu/workspace/Obstacle-Avoidance/ros2_driver/install/ti_mmwave_rospkg_msgs/include/ti_mmwave_rospkg_msgs/ti_mmwave_rospkg_msgs/msg/detail/radar_occupancy__traits.hpp
-- Up-to-date: /home/ashu/workspace/Obstacle-Avoidance/ros2_driver/install/ti_mmwave_rospkg_msgs/include/ti_mmwave_rospkg_msgs/ti_mmwave_rospkg_msgs/msg/radar_point_track_id.hpp
-- Up-to-date: /home/ashu/workspace/Obstacle-Avoidance/ros2_driver/install/ti_mmwave_rospkg_msgs/include/ti_mmwave_rospkg_msgs/ti_mmwave_rospkg_msgs/msg/radar_track_array.hpp
-- Up-to-date: /home/ashu/workspace/Obstacle-Avoidance/ros2_driver/install/ti_mmwave_rospkg_msgs/include/ti_mmwave_rospkg_msgs/ti_mmwave_rospkg_msgs/msg/radar_scan.hpp
-- Up-to-date: /home/ashu/workspace/Obstacle-Avoidance/ros2_driver/install/ti_mmwave_rospkg_msgs/include/ti_mmwave_rospkg_msgs/ti_mmwave_rospkg_msgs/msg/radar_occupancy.hpp
-- Up-to-date: /home/ashu/workspace/Obstacle-Avoidance/ros2_driver/install/ti_mmwave_rospkg_msgs/include/ti_mmwave_rospkg_msgs/ti_mmwave_rospkg_msgs/msg/radar_track_contents.hpp
-- Up-to-date: /home/ashu/workspace/Obstacle-Avoidance/ros2_driver/install/ti_mmwave_rospkg_msgs/include/ti_mmwave_rospkg_msgs/ti_mmwave_rospkg_msgs
-- Up-to-date: /home/ashu/workspace/Obstacle-Avoidance/ros2_driver/install/ti_mmwave_rospkg_msgs/include/ti_mmwave_rospkg_msgs/ti_mmwave_rospkg_msgs/srv
-- Up-to-date: /home/ashu/workspace/Obstacle-Avoidance/ros2_driver/install/ti_mmwave_rospkg_msgs/include/ti_mmwave_rospkg_msgs/ti_mmwave_rospkg_msgs/srv/detail
-- Up-to-date: /home/ashu/workspace/Obstacle-Avoidance/ros2_driver/install/ti_mmwave_rospkg_msgs/include/ti_mmwave_rospkg_msgs/ti_mmwave_rospkg_msgs/srv/detail/mmwave_cli__rosidl_typesupport_fastrtps_cpp.hpp
-- Up-to-date: /home/ashu/workspace/Obstacle-Avoidance/ros2_driver/install/ti_mmwave_rospkg_msgs/include/ti_mmwave_rospkg_msgs/ti_mmwave_rospkg_msgs/srv/detail/dds_fastrtps
-- Up-to-date: /home/ashu/workspace/Obstacle-Avoidance/ros2_driver/install/ti_mmwave_rospkg_msgs/include/ti_mmwave_rospkg_msgs/ti_mmwave_rospkg_msgs/msg
-- Up-to-date: /home/ashu/workspace/Obstacle-Avoidance/ros2_driver/install/ti_mmwave_rospkg_msgs/include/ti_mmwave_rospkg_msgs/ti_mmwave_rospkg_msgs/msg/rosidl_typesupport_fastrtps_cpp__visibility_control.h
-- Up-to-date: /home/ashu/workspace/Obstacle-Avoidance/ros2_driver/install/ti_mmwave_rospkg_msgs/include/ti_mmwave_rospkg_msgs/ti_mmwave_rospkg_msgs/msg/detail
-- Up-to-date: /home/ashu/workspace/Obstacle-Avoidance/ros2_driver/install/ti_mmwave_rospkg_msgs/include/ti_mmwave_rospkg_msgs/ti_mmwave_rospkg_msgs/msg/detail/radar_occupancy__rosidl_typesupport_fastrtps_cpp.hpp
-- Up-to-date: /home/ashu/workspace/Obstacle-Avoidance/ros2_driver/install/ti_mmwave_rospkg_msgs/include/ti_mmwave_rospkg_msgs/ti_mmwave_rospkg_msgs/msg/detail/radar_track_contents__rosidl_typesupport_fastrtps_cpp.hpp
-- Up-to-date: /home/ashu/workspace/Obstacle-Avoidance/ros2_driver/install/ti_mmwave_rospkg_msgs/include/ti_mmwave_rospkg_msgs/ti_mmwave_rospkg_msgs/msg/detail/radar_track_array__rosidl_typesupport_fastrtps_cpp.hpp
-- Up-to-date: /home/ashu/workspace/Obstacle-Avoidance/ros2_driver/install/ti_mmwave_rospkg_msgs/include/ti_mmwave_rospkg_msgs/ti_mmwave_rospkg_msgs/msg/detail/radar_point_track_id__rosidl_typesupport_fastrtps_cpp.hpp
-- Up-to-date: /home/ashu/workspace/Obstacle-Avoidance/ros2_driver/install/ti_mmwave_rospkg_msgs/include/ti_mmwave_rospkg_msgs/ti_mmwave_rospkg_msgs/msg/detail/dds_fastrtps
-- Up-to-date: /home/ashu/workspace/Obstacle-Avoidance/ros2_driver/install/ti_mmwave_rospkg_msgs/include/ti_mmwave_rospkg_msgs/ti_mmwave_rospkg_msgs/msg/detail/radar_scan__rosidl_typesupport_fastrtps_cpp.hpp
-- Up-to-date: /home/ashu/workspace/Obstacle-Avoidance/ros2_driver/install/ti_mmwave_rospkg_msgs/lib/libti_mmwave_rospkg_msgs__rosidl_typesupport_fastrtps_cpp.so
-- Up-to-date: /home/ashu/workspace/Obstacle-Avoidance/ros2_driver/install/ti_mmwave_rospkg_msgs/include/ti_mmwave_rospkg_msgs/ti_mmwave_rospkg_msgs
-- Up-to-date: /home/ashu/workspace/Obstacle-Avoidance/ros2_driver/install/ti_mmwave_rospkg_msgs/include/ti_mmwave_rospkg_msgs/ti_mmwave_rospkg_msgs/srv
-- Up-to-date: /home/ashu/workspace/Obstacle-Avoidance/ros2_driver/install/ti_mmwave_rospkg_msgs/include/ti_mmwave_rospkg_msgs/ti_mmwave_rospkg_msgs/srv/detail
-- Up-to-date: /home/ashu/workspace/Obstacle-Avoidance/ros2_driver/install/ti_mmwave_rospkg_msgs/include/ti_mmwave_rospkg_msgs/ti_mmwave_rospkg_msgs/srv/detail/mmwave_cli__type_support.cpp
-- Up-to-date: /home/ashu/workspace/Obstacle-Avoidance/ros2_driver/install/ti_mmwave_rospkg_msgs/include/ti_mmwave_rospkg_msgs/ti_mmwave_rospkg_msgs/srv/detail/mmwave_cli__rosidl_typesupport_introspection_cpp.hpp
-- Up-to-date: /home/ashu/workspace/Obstacle-Avoidance/ros2_driver/install/ti_mmwave_rospkg_msgs/include/ti_mmwave_rospkg_msgs/ti_mmwave_rospkg_msgs/msg
-- Up-to-date: /home/ashu/workspace/Obstacle-Avoidance/ros2_driver/install/ti_mmwave_rospkg_msgs/include/ti_mmwave_rospkg_msgs/ti_mmwave_rospkg_msgs/msg/detail
-- Up-to-date: /home/ashu/workspace/Obstacle-Avoidance/ros2_driver/install/ti_mmwave_rospkg_msgs/include/ti_mmwave_rospkg_msgs/ti_mmwave_rospkg_msgs/msg/detail/radar_track_array__rosidl_typesupport_introspection_cpp.hpp
-- Up-to-date: /home/ashu/workspace/Obstacle-Avoidance/ros2_driver/install/ti_mmwave_rospkg_msgs/include/ti_mmwave_rospkg_msgs/ti_mmwave_rospkg_msgs/msg/detail/radar_occupancy__type_support.cpp
-- Up-to-date: /home/ashu/workspace/Obstacle-Avoidance/ros2_driver/install/ti_mmwave_rospkg_msgs/include/ti_mmwave_rospkg_msgs/ti_mmwave_rospkg_msgs/msg/detail/radar_point_track_id__rosidl_typesupport_introspection_cpp.hpp
-- Up-to-date: /home/ashu/workspace/Obstacle-Avoidance/ros2_driver/install/ti_mmwave_rospkg_msgs/include/ti_mmwave_rospkg_msgs/ti_mmwave_rospkg_msgs/msg/detail/radar_track_array__type_support.cpp
-- Up-to-date: /home/ashu/workspace/Obstacle-Avoidance/ros2_driver/install/ti_mmwave_rospkg_msgs/include/ti_mmwave_rospkg_msgs/ti_mmwave_rospkg_msgs/msg/detail/radar_scan__rosidl_typesupport_introspection_cpp.hpp
-- Up-to-date: /home/ashu/workspace/Obstacle-Avoidance/ros2_driver/install/ti_mmwave_rospkg_msgs/include/ti_mmwave_rospkg_msgs/ti_mmwave_rospkg_msgs/msg/detail/radar_track_contents__type_support.cpp
-- Up-to-date: /home/ashu/workspace/Obstacle-Avoidance/ros2_driver/install/ti_mmwave_rospkg_msgs/include/ti_mmwave_rospkg_msgs/ti_mmwave_rospkg_msgs/msg/detail/radar_point_track_id__type_support.cpp
-- Up-to-date: /home/ashu/workspace/Obstacle-Avoidance/ros2_driver/install/ti_mmwave_rospkg_msgs/include/ti_mmwave_rospkg_msgs/ti_mmwave_rospkg_msgs/msg/detail/radar_scan__type_support.cpp
-- Up-to-date: /home/ashu/workspace/Obstacle-Avoidance/ros2_driver/install/ti_mmwave_rospkg_msgs/include/ti_mmwave_rospkg_msgs/ti_mmwave_rospkg_msgs/msg/detail/radar_occupancy__rosidl_typesupport_introspection_cpp.hpp
-- Up-to-date: /home/ashu/workspace/Obstacle-Avoidance/ros2_driver/install/ti_mmwave_rospkg_msgs/include/ti_mmwave_rospkg_msgs/ti_mmwave_rospkg_msgs/msg/detail/radar_track_contents__rosidl_typesupport_introspection_cpp.hpp
-- Up-to-date: /home/ashu/workspace/Obstacle-Avoidance/ros2_driver/install/ti_mmwave_rospkg_msgs/lib/libti_mmwave_rospkg_msgs__rosidl_typesupport_introspection_cpp.so
-- Up-to-date: /home/ashu/workspace/Obstacle-Avoidance/ros2_driver/install/ti_mmwave_rospkg_msgs/lib/libti_mmwave_rospkg_msgs__rosidl_typesupport_cpp.so
-- Up-to-date: /home/ashu/workspace/Obstacle-Avoidance/ros2_driver/install/ti_mmwave_rospkg_msgs/share/ti_mmwave_rospkg_msgs/environment/pythonpath.sh
-- Up-to-date: /home/ashu/workspace/Obstacle-Avoidance/ros2_driver/install/ti_mmwave_rospkg_msgs/share/ti_mmwave_rospkg_msgs/environment/pythonpath.dsv
-- Up-to-date: /home/ashu/workspace/Obstacle-Avoidance/ros2_driver/install/ti_mmwave_rospkg_msgs/local/lib/python3.10/dist-packages/ti_mmwave_rospkg_msgs-1.0.0-py3.10.egg-info
-- Installing: /home/ashu/workspace/Obstacle-Avoidance/ros2_driver/install/ti_mmwave_rospkg_msgs/local/lib/python3.10/dist-packages/ti_mmwave_rospkg_msgs-1.0.0-py3.10.egg-info/dependency_links.txt
-- Installing: /home/ashu/workspace/Obstacle-Avoidance/ros2_driver/install/ti_mmwave_rospkg_msgs/local/lib/python3.10/dist-packages/ti_mmwave_rospkg_msgs-1.0.0-py3.10.egg-info/PKG-INFO
-- Installing: /home/ashu/workspace/Obstacle-Avoidance/ros2_driver/install/ti_mmwave_rospkg_msgs/local/lib/python3.10/dist-packages/ti_mmwave_rospkg_msgs-1.0.0-py3.10.egg-info/SOURCES.txt
-- Installing: /home/ashu/workspace/Obstacle-Avoidance/ros2_driver/install/ti_mmwave_rospkg_msgs/local/lib/python3.10/dist-packages/ti_mmwave_rospkg_msgs-1.0.0-py3.10.egg-info/top_level.txt
-- Up-to-date: /home/ashu/workspace/Obstacle-Avoidance/ros2_driver/install/ti_mmwave_rospkg_msgs/local/lib/python3.10/dist-packages/ti_mmwave_rospkg_msgs
-- Up-to-date: /home/ashu/workspace/Obstacle-Avoidance/ros2_driver/install/ti_mmwave_rospkg_msgs/local/lib/python3.10/dist-packages/ti_mmwave_rospkg_msgs/_ti_mmwave_rospkg_msgs_s.ep.rosidl_typesupport_fastrtps_c.c
-- Up-to-date: /home/ashu/workspace/Obstacle-Avoidance/ros2_driver/install/ti_mmwave_rospkg_msgs/local/lib/python3.10/dist-packages/ti_mmwave_rospkg_msgs/ti_mmwave_rospkg_msgs_s__rosidl_typesupport_introspection_c.cpython-310-x86_64-linux-gnu.so
-- Up-to-date: /home/ashu/workspace/Obstacle-Avoidance/ros2_driver/install/ti_mmwave_rospkg_msgs/local/lib/python3.10/dist-packages/ti_mmwave_rospkg_msgs/libti_mmwave_rospkg_msgs__rosidl_generator_py.so
-- Up-to-date: /home/ashu/workspace/Obstacle-Avoidance/ros2_driver/install/ti_mmwave_rospkg_msgs/local/lib/python3.10/dist-packages/ti_mmwave_rospkg_msgs/_ti_mmwave_rospkg_msgs_s.ep.rosidl_typesupport_introspection_c.c
-- Up-to-date: /home/ashu/workspace/Obstacle-Avoidance/ros2_driver/install/ti_mmwave_rospkg_msgs/local/lib/python3.10/dist-packages/ti_mmwave_rospkg_msgs/__init__.py
-- Up-to-date: /home/ashu/workspace/Obstacle-Avoidance/ros2_driver/install/ti_mmwave_rospkg_msgs/local/lib/python3.10/dist-packages/ti_mmwave_rospkg_msgs/ti_mmwave_rospkg_msgs_s__rosidl_typesupport_c.cpython-310-x86_64-linux-gnu.so
-- Up-to-date: /home/ashu/workspace/Obstacle-Avoidance/ros2_driver/install/ti_mmwave_rospkg_msgs/local/lib/python3.10/dist-packages/ti_mmwave_rospkg_msgs/srv
-- Up-to-date: /home/ashu/workspace/Obstacle-Avoidance/ros2_driver/install/ti_mmwave_rospkg_msgs/local/lib/python3.10/dist-packages/ti_mmwave_rospkg_msgs/srv/__init__.py
-- Up-to-date: /home/ashu/workspace/Obstacle-Avoidance/ros2_driver/install/ti_mmwave_rospkg_msgs/local/lib/python3.10/dist-packages/ti_mmwave_rospkg_msgs/srv/_mmwave_cli.py
-- Up-to-date: /home/ashu/workspace/Obstacle-Avoidance/ros2_driver/install/ti_mmwave_rospkg_msgs/local/lib/python3.10/dist-packages/ti_mmwave_rospkg_msgs/srv/_mmwave_cli_s.c
-- Up-to-date: /home/ashu/workspace/Obstacle-Avoidance/ros2_driver/install/ti_mmwave_rospkg_msgs/local/lib/python3.10/dist-packages/ti_mmwave_rospkg_msgs/_ti_mmwave_rospkg_msgs_s.ep.rosidl_typesupport_c.c
-- Up-to-date: /home/ashu/workspace/Obstacle-Avoidance/ros2_driver/install/ti_mmwave_rospkg_msgs/local/lib/python3.10/dist-packages/ti_mmwave_rospkg_msgs/msg
-- Up-to-date: /home/ashu/workspace/Obstacle-Avoidance/ros2_driver/install/ti_mmwave_rospkg_msgs/local/lib/python3.10/dist-packages/ti_mmwave_rospkg_msgs/msg/_radar_track_contents_s.c
-- Up-to-date: /home/ashu/workspace/Obstacle-Avoidance/ros2_driver/install/ti_mmwave_rospkg_msgs/local/lib/python3.10/dist-packages/ti_mmwave_rospkg_msgs/msg/_radar_scan.py
-- Up-to-date: /home/ashu/workspace/Obstacle-Avoidance/ros2_driver/install/ti_mmwave_rospkg_msgs/local/lib/python3.10/dist-packages/ti_mmwave_rospkg_msgs/msg/_radar_scan_s.c
-- Up-to-date: /home/ashu/workspace/Obstacle-Avoidance/ros2_driver/install/ti_mmwave_rospkg_msgs/local/lib/python3.10/dist-packages/ti_mmwave_rospkg_msgs/msg/_radar_occupancy_s.c
-- Up-to-date: /home/ashu/workspace/Obstacle-Avoidance/ros2_driver/install/ti_mmwave_rospkg_msgs/local/lib/python3.10/dist-packages/ti_mmwave_rospkg_msgs/msg/__init__.py
-- Up-to-date: /home/ashu/workspace/Obstacle-Avoidance/ros2_driver/install/ti_mmwave_rospkg_msgs/local/lib/python3.10/dist-packages/ti_mmwave_rospkg_msgs/msg/_radar_occupancy.py
-- Up-to-date: /home/ashu/workspace/Obstacle-Avoidance/ros2_driver/install/ti_mmwave_rospkg_msgs/local/lib/python3.10/dist-packages/ti_mmwave_rospkg_msgs/msg/_radar_point_track_id_s.c
-- Up-to-date: /home/ashu/workspace/Obstacle-Avoidance/ros2_driver/install/ti_mmwave_rospkg_msgs/local/lib/python3.10/dist-packages/ti_mmwave_rospkg_msgs/msg/_radar_track_contents.py
-- Up-to-date: /home/ashu/workspace/Obstacle-Avoidance/ros2_driver/install/ti_mmwave_rospkg_msgs/local/lib/python3.10/dist-packages/ti_mmwave_rospkg_msgs/msg/_radar_point_track_id.py
-- Up-to-date: /home/ashu/workspace/Obstacle-Avoidance/ros2_driver/install/ti_mmwave_rospkg_msgs/local/lib/python3.10/dist-packages/ti_mmwave_rospkg_msgs/msg/_radar_track_array.py
-- Up-to-date: /home/ashu/workspace/Obstacle-Avoidance/ros2_driver/install/ti_mmwave_rospkg_msgs/local/lib/python3.10/dist-packages/ti_mmwave_rospkg_msgs/msg/_radar_track_array_s.c
-- Up-to-date: /home/ashu/workspace/Obstacle-Avoidance/ros2_driver/install/ti_mmwave_rospkg_msgs/local/lib/python3.10/dist-packages/ti_mmwave_rospkg_msgs/ti_mmwave_rospkg_msgs_s__rosidl_typesupport_fastrtps_c.cpython-310-x86_64-linux-gnu.so
Listing '/home/ashu/workspace/Obstacle-Avoidance/ros2_driver/install/ti_mmwave_rospkg_msgs/local/lib/python3.10/dist-packages/ti_mmwave_rospkg_msgs'...
Listing '/home/ashu/workspace/Obstacle-Avoidance/ros2_driver/install/ti_mmwave_rospkg_msgs/local/lib/python3.10/dist-packages/ti_mmwave_rospkg_msgs/msg'...
Listing '/home/ashu/workspace/Obstacle-Avoidance/ros2_driver/install/ti_mmwave_rospkg_msgs/local/lib/python3.10/dist-packages/ti_mmwave_rospkg_msgs/srv'...
-- Up-to-date: /home/ashu/workspace/Obstacle-Avoidance/ros2_driver/install/ti_mmwave_rospkg_msgs/local/lib/python3.10/dist-packages/ti_mmwave_rospkg_msgs/ti_mmwave_rospkg_msgs_s__rosidl_typesupport_fastrtps_c.cpython-310-x86_64-linux-gnu.so
-- Up-to-date: /home/ashu/workspace/Obstacle-Avoidance/ros2_driver/install/ti_mmwave_rospkg_msgs/local/lib/python3.10/dist-packages/ti_mmwave_rospkg_msgs/ti_mmwave_rospkg_msgs_s__rosidl_typesupport_introspection_c.cpython-310-x86_64-linux-gnu.so
-- Up-to-date: /home/ashu/workspace/Obstacle-Avoidance/ros2_driver/install/ti_mmwave_rospkg_msgs/local/lib/python3.10/dist-packages/ti_mmwave_rospkg_msgs/ti_mmwave_rospkg_msgs_s__rosidl_typesupport_c.cpython-310-x86_64-linux-gnu.so
-- Up-to-date: /home/ashu/workspace/Obstacle-Avoidance/ros2_driver/install/ti_mmwave_rospkg_msgs/lib/libti_mmwave_rospkg_msgs__rosidl_generator_py.so
-- Up-to-date: /home/ashu/workspace/Obstacle-Avoidance/ros2_driver/install/ti_mmwave_rospkg_msgs/share/ti_mmwave_rospkg_msgs/msg/RadarScan.idl
-- Up-to-date: /home/ashu/workspace/Obstacle-Avoidance/ros2_driver/install/ti_mmwave_rospkg_msgs/share/ti_mmwave_rospkg_msgs/msg/RadarOccupancy.idl
-- Up-to-date: /home/ashu/workspace/Obstacle-Avoidance/ros2_driver/install/ti_mmwave_rospkg_msgs/share/ti_mmwave_rospkg_msgs/msg/RadarTrackArray.idl
-- Up-to-date: /home/ashu/workspace/Obstacle-Avoidance/ros2_driver/install/ti_mmwave_rospkg_msgs/share/ti_mmwave_rospkg_msgs/msg/RadarTrackContents.idl
-- Up-to-date: /home/ashu/workspace/Obstacle-Avoidance/ros2_driver/install/ti_mmwave_rospkg_msgs/share/ti_mmwave_rospkg_msgs/msg/RadarPointTrackID.idl
-- Up-to-date: /home/ashu/workspace/Obstacle-Avoidance/ros2_driver/install/ti_mmwave_rospkg_msgs/share/ti_mmwave_rospkg_msgs/srv/MmwaveCli.idl
-- Up-to-date: /home/ashu/workspace/Obstacle-Avoidance/ros2_driver/install/ti_mmwave_rospkg_msgs/share/ti_mmwave_rospkg_msgs/msg/RadarScan.msg
-- Up-to-date: /home/ashu/workspace/Obstacle-Avoidance/ros2_driver/install/ti_mmwave_rospkg_msgs/share/ti_mmwave_rospkg_msgs/msg/RadarOccupancy.msg
-- Up-to-date: /home/ashu/workspace/Obstacle-Avoidance/ros2_driver/install/ti_mmwave_rospkg_msgs/share/ti_mmwave_rospkg_msgs/msg/RadarTrackArray.msg
-- Up-to-date: /home/ashu/workspace/Obstacle-Avoidance/ros2_driver/install/ti_mmwave_rospkg_msgs/share/ti_mmwave_rospkg_msgs/msg/RadarTrackContents.msg
-- Up-to-date: /home/ashu/workspace/Obstacle-Avoidance/ros2_driver/install/ti_mmwave_rospkg_msgs/share/ti_mmwave_rospkg_msgs/msg/RadarPointTrackID.msg
-- Up-to-date: /home/ashu/workspace/Obstacle-Avoidance/ros2_driver/install/ti_mmwave_rospkg_msgs/share/ti_mmwave_rospkg_msgs/srv/MmwaveCli.srv
-- Up-to-date: /home/ashu/workspace/Obstacle-Avoidance/ros2_driver/install/ti_mmwave_rospkg_msgs/share/ti_mmwave_rospkg_msgs/srv/MmwaveCli_Request.msg
-- Up-to-date: /home/ashu/workspace/Obstacle-Avoidance/ros2_driver/install/ti_mmwave_rospkg_msgs/share/ti_mmwave_rospkg_msgs/srv/MmwaveCli_Response.msg
-- Up-to-date: /home/ashu/workspace/Obstacle-Avoidance/ros2_driver/install/ti_mmwave_rospkg_msgs/share/ament_index/resource_index/package_run_dependencies/ti_mmwave_rospkg_msgs
-- Up-to-date: /home/ashu/workspace/Obstacle-Avoidance/ros2_driver/install/ti_mmwave_rospkg_msgs/share/ament_index/resource_index/parent_prefix_path/ti_mmwave_rospkg_msgs
-- Up-to-date: /home/ashu/workspace/Obstacle-Avoidance/ros2_driver/install/ti_mmwave_rospkg_msgs/share/ti_mmwave_rospkg_msgs/environment/ament_prefix_path.sh
-- Up-to-date: /home/ashu/workspace/Obstacle-Avoidance/ros2_driver/install/ti_mmwave_rospkg_msgs/share/ti_mmwave_rospkg_msgs/environment/ament_prefix_path.dsv
-- Up-to-date: /home/ashu/workspace/Obstacle-Avoidance/ros2_driver/install/ti_mmwave_rospkg_msgs/share/ti_mmwave_rospkg_msgs/environment/path.sh
-- Up-to-date: /home/ashu/workspace/Obstacle-Avoidance/ros2_driver/install/ti_mmwave_rospkg_msgs/share/ti_mmwave_rospkg_msgs/environment/path.dsv
-- Up-to-date: /home/ashu/workspace/Obstacle-Avoidance/ros2_driver/install/ti_mmwave_rospkg_msgs/share/ti_mmwave_rospkg_msgs/local_setup.bash
-- Up-to-date: /home/ashu/workspace/Obstacle-Avoidance/ros2_driver/install/ti_mmwave_rospkg_msgs/share/ti_mmwave_rospkg_msgs/local_setup.sh
-- Up-to-date: /home/ashu/workspace/Obstacle-Avoidance/ros2_driver/install/ti_mmwave_rospkg_msgs/share/ti_mmwave_rospkg_msgs/local_setup.zsh
-- Up-to-date: /home/ashu/workspace/Obstacle-Avoidance/ros2_driver/install/ti_mmwave_rospkg_msgs/share/ti_mmwave_rospkg_msgs/local_setup.dsv
-- Installing: /home/ashu/workspace/Obstacle-Avoidance/ros2_driver/install/ti_mmwave_rospkg_msgs/share/ti_mmwave_rospkg_msgs/package.dsv
-- Up-to-date: /home/ashu/workspace/Obstacle-Avoidance/ros2_driver/install/ti_mmwave_rospkg_msgs/share/ament_index/resource_index/packages/ti_mmwave_rospkg_msgs
-- Up-to-date: /home/ashu/workspace/Obstacle-Avoidance/ros2_driver/install/ti_mmwave_rospkg_msgs/share/ti_mmwave_rospkg_msgs/cmake/export_ti_mmwave_rospkg_msgs__rosidl_generator_cExport.cmake
-- Up-to-date: /home/ashu/workspace/Obstacle-Avoidance/ros2_driver/install/ti_mmwave_rospkg_msgs/share/ti_mmwave_rospkg_msgs/cmake/export_ti_mmwave_rospkg_msgs__rosidl_generator_cExport-noconfig.cmake
-- Up-to-date: /home/ashu/workspace/Obstacle-Avoidance/ros2_driver/install/ti_mmwave_rospkg_msgs/share/ti_mmwave_rospkg_msgs/cmake/export_ti_mmwave_rospkg_msgs__rosidl_typesupport_fastrtps_cExport.cmake
-- Up-to-date: /home/ashu/workspace/Obstacle-Avoidance/ros2_driver/install/ti_mmwave_rospkg_msgs/share/ti_mmwave_rospkg_msgs/cmake/export_ti_mmwave_rospkg_msgs__rosidl_typesupport_fastrtps_cExport-noconfig.cmake
-- Up-to-date: /home/ashu/workspace/Obstacle-Avoidance/ros2_driver/install/ti_mmwave_rospkg_msgs/share/ti_mmwave_rospkg_msgs/cmake/ti_mmwave_rospkg_msgs__rosidl_typesupport_introspection_cExport.cmake
-- Up-to-date: /home/ashu/workspace/Obstacle-Avoidance/ros2_driver/install/ti_mmwave_rospkg_msgs/share/ti_mmwave_rospkg_msgs/cmake/ti_mmwave_rospkg_msgs__rosidl_typesupport_introspection_cExport-noconfig.cmake
-- Up-to-date: /home/ashu/workspace/Obstacle-Avoidance/ros2_driver/install/ti_mmwave_rospkg_msgs/share/ti_mmwave_rospkg_msgs/cmake/ti_mmwave_rospkg_msgs__rosidl_typesupport_cExport.cmake
-- Up-to-date: /home/ashu/workspace/Obstacle-Avoidance/ros2_driver/install/ti_mmwave_rospkg_msgs/share/ti_mmwave_rospkg_msgs/cmake/ti_mmwave_rospkg_msgs__rosidl_typesupport_cExport-noconfig.cmake
-- Up-to-date: /home/ashu/workspace/Obstacle-Avoidance/ros2_driver/install/ti_mmwave_rospkg_msgs/share/ti_mmwave_rospkg_msgs/cmake/export_ti_mmwave_rospkg_msgs__rosidl_generator_cppExport.cmake
-- Up-to-date: /home/ashu/workspace/Obstacle-Avoidance/ros2_driver/install/ti_mmwave_rospkg_msgs/share/ti_mmwave_rospkg_msgs/cmake/export_ti_mmwave_rospkg_msgs__rosidl_typesupport_fastrtps_cppExport.cmake
-- Up-to-date: /home/ashu/workspace/Obstacle-Avoidance/ros2_driver/install/ti_mmwave_rospkg_msgs/share/ti_mmwave_rospkg_msgs/cmake/export_ti_mmwave_rospkg_msgs__rosidl_typesupport_fastrtps_cppExport-noconfig.cmake
-- Up-to-date: /home/ashu/workspace/Obstacle-Avoidance/ros2_driver/install/ti_mmwave_rospkg_msgs/share/ti_mmwave_rospkg_msgs/cmake/ti_mmwave_rospkg_msgs__rosidl_typesupport_introspection_cppExport.cmake
-- Up-to-date: /home/ashu/workspace/Obstacle-Avoidance/ros2_driver/install/ti_mmwave_rospkg_msgs/share/ti_mmwave_rospkg_msgs/cmake/ti_mmwave_rospkg_msgs__rosidl_typesupport_introspection_cppExport-noconfig.cmake
-- Up-to-date: /home/ashu/workspace/Obstacle-Avoidance/ros2_driver/install/ti_mmwave_rospkg_msgs/share/ti_mmwave_rospkg_msgs/cmake/ti_mmwave_rospkg_msgs__rosidl_typesupport_cppExport.cmake
-- Up-to-date: /home/ashu/workspace/Obstacle-Avoidance/ros2_driver/install/ti_mmwave_rospkg_msgs/share/ti_mmwave_rospkg_msgs/cmake/ti_mmwave_rospkg_msgs__rosidl_typesupport_cppExport-noconfig.cmake
-- Up-to-date: /home/ashu/workspace/Obstacle-Avoidance/ros2_driver/install/ti_mmwave_rospkg_msgs/share/ti_mmwave_rospkg_msgs/cmake/export_ti_mmwave_rospkg_msgs__rosidl_generator_pyExport.cmake
-- Up-to-date: /home/ashu/workspace/Obstacle-Avoidance/ros2_driver/install/ti_mmwave_rospkg_msgs/share/ti_mmwave_rospkg_msgs/cmake/export_ti_mmwave_rospkg_msgs__rosidl_generator_pyExport-noconfig.cmake
-- Up-to-date: /home/ashu/workspace/Obstacle-Avoidance/ros2_driver/install/ti_mmwave_rospkg_msgs/share/ti_mmwave_rospkg_msgs/cmake/rosidl_cmake-extras.cmake
-- Up-to-date: /home/ashu/workspace/Obstacle-Avoidance/ros2_driver/install/ti_mmwave_rospkg_msgs/share/ti_mmwave_rospkg_msgs/cmake/ament_cmake_export_include_directories-extras.cmake
-- Up-to-date: /home/ashu/workspace/Obstacle-Avoidance/ros2_driver/install/ti_mmwave_rospkg_msgs/share/ti_mmwave_rospkg_msgs/cmake/ament_cmake_export_libraries-extras.cmake
-- Up-to-date: /home/ashu/workspace/Obstacle-Avoidance/ros2_driver/install/ti_mmwave_rospkg_msgs/share/ti_mmwave_rospkg_msgs/cmake/ament_cmake_export_targets-extras.cmake
-- Up-to-date: /home/ashu/workspace/Obstacle-Avoidance/ros2_driver/install/ti_mmwave_rospkg_msgs/share/ti_mmwave_rospkg_msgs/cmake/rosidl_cmake_export_typesupport_targets-extras.cmake
-- Up-to-date: /home/ashu/workspace/Obstacle-Avoidance/ros2_driver/install/ti_mmwave_rospkg_msgs/share/ti_mmwave_rospkg_msgs/cmake/ament_cmake_export_dependencies-extras.cmake
-- Up-to-date: /home/ashu/workspace/Obstacle-Avoidance/ros2_driver/install/ti_mmwave_rospkg_msgs/share/ti_mmwave_rospkg_msgs/cmake/rosidl_cmake_export_typesupport_libraries-extras.cmake
-- Up-to-date: /home/ashu/workspace/Obstacle-Avoidance/ros2_driver/install/ti_mmwave_rospkg_msgs/share/ti_mmwave_rospkg_msgs/cmake/ti_mmwave_rospkg_msgsConfig.cmake
-- Up-to-date: /home/ashu/workspace/Obstacle-Avoidance/ros2_driver/install/ti_mmwave_rospkg_msgs/share/ti_mmwave_rospkg_msgs/cmake/ti_mmwave_rospkg_msgsConfig-version.cmake
-- Up-to-date: /home/ashu/workspace/Obstacle-Avoidance/ros2_driver/install/ti_mmwave_rospkg_msgs/share/ti_mmwave_rospkg_msgs/package.xml
