[0.057s] Invoking command in '/home/ashu/workspace/Obstacle-Avoidance/ros2_driver/build/ti_mmwave_rospkg_msgs': CMAKE_PREFIX_PATH=/opt/ros/humble /usr/bin/cmake --build /home/ashu/workspace/Obstacle-Avoidance/ros2_driver/build/ti_mmwave_rospkg_msgs -- -j12 -l12
[0.096s] [35m[1mConsolidate compiler generated dependencies of target ti_mmwave_rospkg_msgs__rosidl_generator_c[0m
[0.105s] [  1%] Built target ti_mmwave_rospkg_msgs__cpp
[0.109s] [ 12%] Built target ti_mmwave_rospkg_msgs__rosidl_generator_c
[0.117s] [ 12%] Built target ament_cmake_python_copy_ti_mmwave_rospkg_msgs
[0.117s] [35m[1mConsolidate compiler generated dependencies of target ti_mmwave_rospkg_msgs__rosidl_typesupport_cpp[0m
[0.119s] [35m[1mConsolidate compiler generated dependencies of target ti_mmwave_rospkg_msgs__rosidl_typesupport_introspection_cpp[0m
[0.120s] [35m[1mConsolidate compiler generated dependencies of target ti_mmwave_rospkg_msgs__rosidl_typesupport_fastrtps_cpp[0m
[0.123s] [35m[1mConsolidate compiler generated dependencies of target ti_mmwave_rospkg_msgs__rosidl_typesupport_fastrtps_c[0m
[0.123s] [35m[1mConsolidate compiler generated dependencies of target ti_mmwave_rospkg_msgs__rosidl_typesupport_c[0m
[0.124s] [35m[1mConsolidate compiler generated dependencies of target ti_mmwave_rospkg_msgs__rosidl_typesupport_introspection_c[0m
[0.139s] [ 23%] Built target ti_mmwave_rospkg_msgs__rosidl_typesupport_c
[0.140s] [ 35%] Built target ti_mmwave_rospkg_msgs__rosidl_typesupport_cpp
[0.142s] [ 46%] Built target ti_mmwave_rospkg_msgs__rosidl_typesupport_introspection_c
[0.143s] [ 57%] Built target ti_mmwave_rospkg_msgs__rosidl_typesupport_introspection_cpp
[0.146s] [ 77%] Built target ti_mmwave_rospkg_msgs__rosidl_typesupport_fastrtps_cpp
[0.146s] [ 80%] Built target ti_mmwave_rospkg_msgs__rosidl_typesupport_fastrtps_c
[0.166s] [ 80%] Built target ti_mmwave_rospkg_msgs
[0.191s] [ 81%] Built target ti_mmwave_rospkg_msgs__py
[0.205s] [35m[1mConsolidate compiler generated dependencies of target ti_mmwave_rospkg_msgs__rosidl_generator_py[0m
[0.229s] [ 91%] Built target ti_mmwave_rospkg_msgs__rosidl_generator_py
[0.243s] [35m[1mConsolidate compiler generated dependencies of target ti_mmwave_rospkg_msgs__rosidl_typesupport_c__pyext[0m
[0.248s] [35m[1mConsolidate compiler generated dependencies of target ti_mmwave_rospkg_msgs__rosidl_typesupport_fastrtps_c__pyext[0m
[0.248s] [35m[1mConsolidate compiler generated dependencies of target ti_mmwave_rospkg_msgs__rosidl_typesupport_introspection_c__pyext[0m
[0.271s] [ 94%] Built target ti_mmwave_rospkg_msgs__rosidl_typesupport_fastrtps_c__pyext
[0.273s] [ 97%] Built target ti_mmwave_rospkg_msgs__rosidl_typesupport_c__pyext
[0.273s] [100%] Built target ti_mmwave_rospkg_msgs__rosidl_typesupport_introspection_c__pyext
[0.518s] running egg_info
[0.519s] writing ti_mmwave_rospkg_msgs.egg-info/PKG-INFO
[0.519s] writing dependency_links to ti_mmwave_rospkg_msgs.egg-info/dependency_links.txt
[0.519s] writing top-level names to ti_mmwave_rospkg_msgs.egg-info/top_level.txt
[0.521s] reading manifest file 'ti_mmwave_rospkg_msgs.egg-info/SOURCES.txt'
[0.522s] writing manifest file 'ti_mmwave_rospkg_msgs.egg-info/SOURCES.txt'
[0.546s] [100%] Built target ament_cmake_python_build_ti_mmwave_rospkg_msgs_egg
[0.560s] Invoked command in '/home/ashu/workspace/Obstacle-Avoidance/ros2_driver/build/ti_mmwave_rospkg_msgs' returned '0': CMAKE_PREFIX_PATH=/opt/ros/humble /usr/bin/cmake --build /home/ashu/workspace/Obstacle-Avoidance/ros2_driver/build/ti_mmwave_rospkg_msgs -- -j12 -l12
[0.721s] Invoking command in '/home/ashu/workspace/Obstacle-Avoidance/ros2_driver/build/ti_mmwave_rospkg_msgs': CMAKE_PREFIX_PATH=/opt/ros/humble /usr/bin/cmake --install /home/ashu/workspace/Obstacle-Avoidance/ros2_driver/build/ti_mmwave_rospkg_msgs
[0.729s] -- Install configuration: ""
[0.729s] -- Up-to-date: /home/ashu/workspace/Obstacle-Avoidance/ros2_driver/install/ti_mmwave_rospkg_msgs/share/ament_index/resource_index/rosidl_interfaces/ti_mmwave_rospkg_msgs
[0.730s] -- Up-to-date: /home/ashu/workspace/Obstacle-Avoidance/ros2_driver/install/ti_mmwave_rospkg_msgs/include/ti_mmwave_rospkg_msgs/ti_mmwave_rospkg_msgs
[0.730s] -- Up-to-date: /home/ashu/workspace/Obstacle-Avoidance/ros2_driver/install/ti_mmwave_rospkg_msgs/include/ti_mmwave_rospkg_msgs/ti_mmwave_rospkg_msgs/srv
[0.730s] -- Up-to-date: /home/ashu/workspace/Obstacle-Avoidance/ros2_driver/install/ti_mmwave_rospkg_msgs/include/ti_mmwave_rospkg_msgs/ti_mmwave_rospkg_msgs/srv/detail
[0.730s] -- Up-to-date: /home/ashu/workspace/Obstacle-Avoidance/ros2_driver/install/ti_mmwave_rospkg_msgs/include/ti_mmwave_rospkg_msgs/ti_mmwave_rospkg_msgs/srv/detail/mmwave_cli__functions.h
[0.730s] -- Up-to-date: /home/ashu/workspace/Obstacle-Avoidance/ros2_driver/install/ti_mmwave_rospkg_msgs/include/ti_mmwave_rospkg_msgs/ti_mmwave_rospkg_msgs/srv/detail/mmwave_cli__type_support.h
[0.731s] -- Up-to-date: /home/ashu/workspace/Obstacle-Avoidance/ros2_driver/install/ti_mmwave_rospkg_msgs/include/ti_mmwave_rospkg_msgs/ti_mmwave_rospkg_msgs/srv/detail/mmwave_cli__struct.h
[0.731s] -- Up-to-date: /home/ashu/workspace/Obstacle-Avoidance/ros2_driver/install/ti_mmwave_rospkg_msgs/include/ti_mmwave_rospkg_msgs/ti_mmwave_rospkg_msgs/srv/detail/mmwave_cli__functions.c
[0.731s] -- Up-to-date: /home/ashu/workspace/Obstacle-Avoidance/ros2_driver/install/ti_mmwave_rospkg_msgs/include/ti_mmwave_rospkg_msgs/ti_mmwave_rospkg_msgs/srv/mmwave_cli.h
[0.731s] -- Up-to-date: /home/ashu/workspace/Obstacle-Avoidance/ros2_driver/install/ti_mmwave_rospkg_msgs/include/ti_mmwave_rospkg_msgs/ti_mmwave_rospkg_msgs/msg
[0.731s] -- Up-to-date: /home/ashu/workspace/Obstacle-Avoidance/ros2_driver/install/ti_mmwave_rospkg_msgs/include/ti_mmwave_rospkg_msgs/ti_mmwave_rospkg_msgs/msg/radar_track_contents.h
[0.731s] -- Up-to-date: /home/ashu/workspace/Obstacle-Avoidance/ros2_driver/install/ti_mmwave_rospkg_msgs/include/ti_mmwave_rospkg_msgs/ti_mmwave_rospkg_msgs/msg/detail
[0.732s] -- Up-to-date: /home/ashu/workspace/Obstacle-Avoidance/ros2_driver/install/ti_mmwave_rospkg_msgs/include/ti_mmwave_rospkg_msgs/ti_mmwave_rospkg_msgs/msg/detail/radar_scan__functions.h
[0.732s] -- Up-to-date: /home/ashu/workspace/Obstacle-Avoidance/ros2_driver/install/ti_mmwave_rospkg_msgs/include/ti_mmwave_rospkg_msgs/ti_mmwave_rospkg_msgs/msg/detail/radar_occupancy__functions.c
[0.732s] -- Up-to-date: /home/ashu/workspace/Obstacle-Avoidance/ros2_driver/install/ti_mmwave_rospkg_msgs/include/ti_mmwave_rospkg_msgs/ti_mmwave_rospkg_msgs/msg/detail/radar_track_array__type_support.h
[0.732s] -- Up-to-date: /home/ashu/workspace/Obstacle-Avoidance/ros2_driver/install/ti_mmwave_rospkg_msgs/include/ti_mmwave_rospkg_msgs/ti_mmwave_rospkg_msgs/msg/detail/radar_scan__type_support.h
[0.732s] -- Up-to-date: /home/ashu/workspace/Obstacle-Avoidance/ros2_driver/install/ti_mmwave_rospkg_msgs/include/ti_mmwave_rospkg_msgs/ti_mmwave_rospkg_msgs/msg/detail/radar_track_array__functions.h
[0.732s] -- Up-to-date: /home/ashu/workspace/Obstacle-Avoidance/ros2_driver/install/ti_mmwave_rospkg_msgs/include/ti_mmwave_rospkg_msgs/ti_mmwave_rospkg_msgs/msg/detail/radar_occupancy__type_support.h
[0.733s] -- Up-to-date: /home/ashu/workspace/Obstacle-Avoidance/ros2_driver/install/ti_mmwave_rospkg_msgs/include/ti_mmwave_rospkg_msgs/ti_mmwave_rospkg_msgs/msg/detail/radar_track_array__functions.c
[0.733s] -- Up-to-date: /home/ashu/workspace/Obstacle-Avoidance/ros2_driver/install/ti_mmwave_rospkg_msgs/include/ti_mmwave_rospkg_msgs/ti_mmwave_rospkg_msgs/msg/detail/radar_track_contents__functions.c
[0.733s] -- Up-to-date: /home/ashu/workspace/Obstacle-Avoidance/ros2_driver/install/ti_mmwave_rospkg_msgs/include/ti_mmwave_rospkg_msgs/ti_mmwave_rospkg_msgs/msg/detail/radar_occupancy__struct.h
[0.733s] -- Up-to-date: /home/ashu/workspace/Obstacle-Avoidance/ros2_driver/install/ti_mmwave_rospkg_msgs/include/ti_mmwave_rospkg_msgs/ti_mmwave_rospkg_msgs/msg/detail/radar_track_contents__functions.h
[0.733s] -- Up-to-date: /home/ashu/workspace/Obstacle-Avoidance/ros2_driver/install/ti_mmwave_rospkg_msgs/include/ti_mmwave_rospkg_msgs/ti_mmwave_rospkg_msgs/msg/detail/radar_track_array__struct.h
[0.733s] -- Up-to-date: /home/ashu/workspace/Obstacle-Avoidance/ros2_driver/install/ti_mmwave_rospkg_msgs/include/ti_mmwave_rospkg_msgs/ti_mmwave_rospkg_msgs/msg/detail/radar_point_track_id__functions.h
[0.734s] -- Up-to-date: /home/ashu/workspace/Obstacle-Avoidance/ros2_driver/install/ti_mmwave_rospkg_msgs/include/ti_mmwave_rospkg_msgs/ti_mmwave_rospkg_msgs/msg/detail/radar_scan__struct.h
[0.734s] -- Up-to-date: /home/ashu/workspace/Obstacle-Avoidance/ros2_driver/install/ti_mmwave_rospkg_msgs/include/ti_mmwave_rospkg_msgs/ti_mmwave_rospkg_msgs/msg/detail/radar_track_contents__type_support.h
[0.734s] -- Up-to-date: /home/ashu/workspace/Obstacle-Avoidance/ros2_driver/install/ti_mmwave_rospkg_msgs/include/ti_mmwave_rospkg_msgs/ti_mmwave_rospkg_msgs/msg/detail/radar_occupancy__functions.h
[0.734s] -- Up-to-date: /home/ashu/workspace/Obstacle-Avoidance/ros2_driver/install/ti_mmwave_rospkg_msgs/include/ti_mmwave_rospkg_msgs/ti_mmwave_rospkg_msgs/msg/detail/radar_scan__functions.c
[0.734s] -- Up-to-date: /home/ashu/workspace/Obstacle-Avoidance/ros2_driver/install/ti_mmwave_rospkg_msgs/include/ti_mmwave_rospkg_msgs/ti_mmwave_rospkg_msgs/msg/detail/radar_point_track_id__functions.c
[0.734s] -- Up-to-date: /home/ashu/workspace/Obstacle-Avoidance/ros2_driver/install/ti_mmwave_rospkg_msgs/include/ti_mmwave_rospkg_msgs/ti_mmwave_rospkg_msgs/msg/detail/radar_track_contents__struct.h
[0.735s] -- Up-to-date: /home/ashu/workspace/Obstacle-Avoidance/ros2_driver/install/ti_mmwave_rospkg_msgs/include/ti_mmwave_rospkg_msgs/ti_mmwave_rospkg_msgs/msg/detail/radar_point_track_id__type_support.h
[0.735s] -- Up-to-date: /home/ashu/workspace/Obstacle-Avoidance/ros2_driver/install/ti_mmwave_rospkg_msgs/include/ti_mmwave_rospkg_msgs/ti_mmwave_rospkg_msgs/msg/detail/radar_point_track_id__struct.h
[0.735s] -- Up-to-date: /home/ashu/workspace/Obstacle-Avoidance/ros2_driver/install/ti_mmwave_rospkg_msgs/include/ti_mmwave_rospkg_msgs/ti_mmwave_rospkg_msgs/msg/rosidl_generator_c__visibility_control.h
[0.735s] -- Up-to-date: /home/ashu/workspace/Obstacle-Avoidance/ros2_driver/install/ti_mmwave_rospkg_msgs/include/ti_mmwave_rospkg_msgs/ti_mmwave_rospkg_msgs/msg/radar_scan.h
[0.735s] -- Up-to-date: /home/ashu/workspace/Obstacle-Avoidance/ros2_driver/install/ti_mmwave_rospkg_msgs/include/ti_mmwave_rospkg_msgs/ti_mmwave_rospkg_msgs/msg/radar_occupancy.h
[0.735s] -- Up-to-date: /home/ashu/workspace/Obstacle-Avoidance/ros2_driver/install/ti_mmwave_rospkg_msgs/include/ti_mmwave_rospkg_msgs/ti_mmwave_rospkg_msgs/msg/radar_track_array.h
[0.736s] -- Up-to-date: /home/ashu/workspace/Obstacle-Avoidance/ros2_driver/install/ti_mmwave_rospkg_msgs/include/ti_mmwave_rospkg_msgs/ti_mmwave_rospkg_msgs/msg/radar_point_track_id.h
[0.736s] -- Up-to-date: /home/ashu/workspace/Obstacle-Avoidance/ros2_driver/install/ti_mmwave_rospkg_msgs/share/ti_mmwave_rospkg_msgs/environment/library_path.sh
[0.736s] -- Up-to-date: /home/ashu/workspace/Obstacle-Avoidance/ros2_driver/install/ti_mmwave_rospkg_msgs/share/ti_mmwave_rospkg_msgs/environment/library_path.dsv
[0.736s] -- Up-to-date: /home/ashu/workspace/Obstacle-Avoidance/ros2_driver/install/ti_mmwave_rospkg_msgs/lib/libti_mmwave_rospkg_msgs__rosidl_generator_c.so
[0.736s] -- Up-to-date: /home/ashu/workspace/Obstacle-Avoidance/ros2_driver/install/ti_mmwave_rospkg_msgs/include/ti_mmwave_rospkg_msgs/ti_mmwave_rospkg_msgs
[0.736s] -- Up-to-date: /home/ashu/workspace/Obstacle-Avoidance/ros2_driver/install/ti_mmwave_rospkg_msgs/include/ti_mmwave_rospkg_msgs/ti_mmwave_rospkg_msgs/srv
[0.736s] -- Up-to-date: /home/ashu/workspace/Obstacle-Avoidance/ros2_driver/install/ti_mmwave_rospkg_msgs/include/ti_mmwave_rospkg_msgs/ti_mmwave_rospkg_msgs/srv/detail
[0.737s] -- Up-to-date: /home/ashu/workspace/Obstacle-Avoidance/ros2_driver/install/ti_mmwave_rospkg_msgs/include/ti_mmwave_rospkg_msgs/ti_mmwave_rospkg_msgs/srv/detail/mmwave_cli__rosidl_typesupport_fastrtps_c.h
[0.737s] -- Up-to-date: /home/ashu/workspace/Obstacle-Avoidance/ros2_driver/install/ti_mmwave_rospkg_msgs/include/ti_mmwave_rospkg_msgs/ti_mmwave_rospkg_msgs/msg
[0.737s] -- Up-to-date: /home/ashu/workspace/Obstacle-Avoidance/ros2_driver/install/ti_mmwave_rospkg_msgs/include/ti_mmwave_rospkg_msgs/ti_mmwave_rospkg_msgs/msg/detail
[0.737s] -- Up-to-date: /home/ashu/workspace/Obstacle-Avoidance/ros2_driver/install/ti_mmwave_rospkg_msgs/include/ti_mmwave_rospkg_msgs/ti_mmwave_rospkg_msgs/msg/detail/radar_track_contents__rosidl_typesupport_fastrtps_c.h
[0.737s] -- Up-to-date: /home/ashu/workspace/Obstacle-Avoidance/ros2_driver/install/ti_mmwave_rospkg_msgs/include/ti_mmwave_rospkg_msgs/ti_mmwave_rospkg_msgs/msg/detail/radar_occupancy__rosidl_typesupport_fastrtps_c.h
[0.737s] -- Up-to-date: /home/ashu/workspace/Obstacle-Avoidance/ros2_driver/install/ti_mmwave_rospkg_msgs/include/ti_mmwave_rospkg_msgs/ti_mmwave_rospkg_msgs/msg/detail/radar_track_array__rosidl_typesupport_fastrtps_c.h
[0.738s] -- Up-to-date: /home/ashu/workspace/Obstacle-Avoidance/ros2_driver/install/ti_mmwave_rospkg_msgs/include/ti_mmwave_rospkg_msgs/ti_mmwave_rospkg_msgs/msg/detail/radar_scan__rosidl_typesupport_fastrtps_c.h
[0.738s] -- Up-to-date: /home/ashu/workspace/Obstacle-Avoidance/ros2_driver/install/ti_mmwave_rospkg_msgs/include/ti_mmwave_rospkg_msgs/ti_mmwave_rospkg_msgs/msg/detail/radar_point_track_id__rosidl_typesupport_fastrtps_c.h
[0.738s] -- Up-to-date: /home/ashu/workspace/Obstacle-Avoidance/ros2_driver/install/ti_mmwave_rospkg_msgs/include/ti_mmwave_rospkg_msgs/ti_mmwave_rospkg_msgs/msg/rosidl_typesupport_fastrtps_c__visibility_control.h
[0.738s] -- Up-to-date: /home/ashu/workspace/Obstacle-Avoidance/ros2_driver/install/ti_mmwave_rospkg_msgs/lib/libti_mmwave_rospkg_msgs__rosidl_typesupport_fastrtps_c.so
[0.738s] -- Up-to-date: /home/ashu/workspace/Obstacle-Avoidance/ros2_driver/install/ti_mmwave_rospkg_msgs/include/ti_mmwave_rospkg_msgs/ti_mmwave_rospkg_msgs
[0.738s] -- Up-to-date: /home/ashu/workspace/Obstacle-Avoidance/ros2_driver/install/ti_mmwave_rospkg_msgs/include/ti_mmwave_rospkg_msgs/ti_mmwave_rospkg_msgs/srv
[0.738s] -- Up-to-date: /home/ashu/workspace/Obstacle-Avoidance/ros2_driver/install/ti_mmwave_rospkg_msgs/include/ti_mmwave_rospkg_msgs/ti_mmwave_rospkg_msgs/srv/detail
[0.738s] -- Up-to-date: /home/ashu/workspace/Obstacle-Avoidance/ros2_driver/install/ti_mmwave_rospkg_msgs/include/ti_mmwave_rospkg_msgs/ti_mmwave_rospkg_msgs/srv/detail/mmwave_cli__rosidl_typesupport_introspection_c.h
[0.739s] -- Up-to-date: /home/ashu/workspace/Obstacle-Avoidance/ros2_driver/install/ti_mmwave_rospkg_msgs/include/ti_mmwave_rospkg_msgs/ti_mmwave_rospkg_msgs/srv/detail/mmwave_cli__type_support.c
[0.739s] -- Up-to-date: /home/ashu/workspace/Obstacle-Avoidance/ros2_driver/install/ti_mmwave_rospkg_msgs/include/ti_mmwave_rospkg_msgs/ti_mmwave_rospkg_msgs/msg
[0.739s] -- Up-to-date: /home/ashu/workspace/Obstacle-Avoidance/ros2_driver/install/ti_mmwave_rospkg_msgs/include/ti_mmwave_rospkg_msgs/ti_mmwave_rospkg_msgs/msg/rosidl_typesupport_introspection_c__visibility_control.h
[0.739s] -- Up-to-date: /home/ashu/workspace/Obstacle-Avoidance/ros2_driver/install/ti_mmwave_rospkg_msgs/include/ti_mmwave_rospkg_msgs/ti_mmwave_rospkg_msgs/msg/detail
[0.739s] -- Up-to-date: /home/ashu/workspace/Obstacle-Avoidance/ros2_driver/install/ti_mmwave_rospkg_msgs/include/ti_mmwave_rospkg_msgs/ti_mmwave_rospkg_msgs/msg/detail/radar_track_array__rosidl_typesupport_introspection_c.h
[0.739s] -- Up-to-date: /home/ashu/workspace/Obstacle-Avoidance/ros2_driver/install/ti_mmwave_rospkg_msgs/include/ti_mmwave_rospkg_msgs/ti_mmwave_rospkg_msgs/msg/detail/radar_occupancy__rosidl_typesupport_introspection_c.h
[0.739s] -- Up-to-date: /home/ashu/workspace/Obstacle-Avoidance/ros2_driver/install/ti_mmwave_rospkg_msgs/include/ti_mmwave_rospkg_msgs/ti_mmwave_rospkg_msgs/msg/detail/radar_track_contents__type_support.c
[0.739s] -- Up-to-date: /home/ashu/workspace/Obstacle-Avoidance/ros2_driver/install/ti_mmwave_rospkg_msgs/include/ti_mmwave_rospkg_msgs/ti_mmwave_rospkg_msgs/msg/detail/radar_scan__type_support.c
[0.739s] -- Up-to-date: /home/ashu/workspace/Obstacle-Avoidance/ros2_driver/install/ti_mmwave_rospkg_msgs/include/ti_mmwave_rospkg_msgs/ti_mmwave_rospkg_msgs/msg/detail/radar_point_track_id__rosidl_typesupport_introspection_c.h
[0.740s] -- Up-to-date: /home/ashu/workspace/Obstacle-Avoidance/ros2_driver/install/ti_mmwave_rospkg_msgs/include/ti_mmwave_rospkg_msgs/ti_mmwave_rospkg_msgs/msg/detail/radar_occupancy__type_support.c
[0.740s] -- Up-to-date: /home/ashu/workspace/Obstacle-Avoidance/ros2_driver/install/ti_mmwave_rospkg_msgs/include/ti_mmwave_rospkg_msgs/ti_mmwave_rospkg_msgs/msg/detail/radar_scan__rosidl_typesupport_introspection_c.h
[0.740s] -- Up-to-date: /home/ashu/workspace/Obstacle-Avoidance/ros2_driver/install/ti_mmwave_rospkg_msgs/include/ti_mmwave_rospkg_msgs/ti_mmwave_rospkg_msgs/msg/detail/radar_point_track_id__type_support.c
[0.740s] -- Up-to-date: /home/ashu/workspace/Obstacle-Avoidance/ros2_driver/install/ti_mmwave_rospkg_msgs/include/ti_mmwave_rospkg_msgs/ti_mmwave_rospkg_msgs/msg/detail/radar_track_array__type_support.c
[0.740s] -- Up-to-date: /home/ashu/workspace/Obstacle-Avoidance/ros2_driver/install/ti_mmwave_rospkg_msgs/include/ti_mmwave_rospkg_msgs/ti_mmwave_rospkg_msgs/msg/detail/radar_track_contents__rosidl_typesupport_introspection_c.h
[0.740s] -- Up-to-date: /home/ashu/workspace/Obstacle-Avoidance/ros2_driver/install/ti_mmwave_rospkg_msgs/lib/libti_mmwave_rospkg_msgs__rosidl_typesupport_introspection_c.so
[0.740s] -- Up-to-date: /home/ashu/workspace/Obstacle-Avoidance/ros2_driver/install/ti_mmwave_rospkg_msgs/lib/libti_mmwave_rospkg_msgs__rosidl_typesupport_c.so
[0.740s] -- Up-to-date: /home/ashu/workspace/Obstacle-Avoidance/ros2_driver/install/ti_mmwave_rospkg_msgs/include/ti_mmwave_rospkg_msgs/ti_mmwave_rospkg_msgs
[0.740s] -- Up-to-date: /home/ashu/workspace/Obstacle-Avoidance/ros2_driver/install/ti_mmwave_rospkg_msgs/include/ti_mmwave_rospkg_msgs/ti_mmwave_rospkg_msgs/srv
[0.741s] -- Up-to-date: /home/ashu/workspace/Obstacle-Avoidance/ros2_driver/install/ti_mmwave_rospkg_msgs/include/ti_mmwave_rospkg_msgs/ti_mmwave_rospkg_msgs/srv/mmwave_cli.hpp
[0.741s] -- Up-to-date: /home/ashu/workspace/Obstacle-Avoidance/ros2_driver/install/ti_mmwave_rospkg_msgs/include/ti_mmwave_rospkg_msgs/ti_mmwave_rospkg_msgs/srv/detail
[0.741s] -- Up-to-date: /home/ashu/workspace/Obstacle-Avoidance/ros2_driver/install/ti_mmwave_rospkg_msgs/include/ti_mmwave_rospkg_msgs/ti_mmwave_rospkg_msgs/srv/detail/mmwave_cli__traits.hpp
[0.741s] -- Up-to-date: /home/ashu/workspace/Obstacle-Avoidance/ros2_driver/install/ti_mmwave_rospkg_msgs/include/ti_mmwave_rospkg_msgs/ti_mmwave_rospkg_msgs/srv/detail/mmwave_cli__struct.hpp
[0.741s] -- Up-to-date: /home/ashu/workspace/Obstacle-Avoidance/ros2_driver/install/ti_mmwave_rospkg_msgs/include/ti_mmwave_rospkg_msgs/ti_mmwave_rospkg_msgs/srv/detail/mmwave_cli__builder.hpp
[0.741s] -- Up-to-date: /home/ashu/workspace/Obstacle-Avoidance/ros2_driver/install/ti_mmwave_rospkg_msgs/include/ti_mmwave_rospkg_msgs/ti_mmwave_rospkg_msgs/msg
[0.741s] -- Up-to-date: /home/ashu/workspace/Obstacle-Avoidance/ros2_driver/install/ti_mmwave_rospkg_msgs/include/ti_mmwave_rospkg_msgs/ti_mmwave_rospkg_msgs/msg/detail
[0.741s] -- Up-to-date: /home/ashu/workspace/Obstacle-Avoidance/ros2_driver/install/ti_mmwave_rospkg_msgs/include/ti_mmwave_rospkg_msgs/ti_mmwave_rospkg_msgs/msg/detail/radar_track_contents__struct.hpp
[0.742s] -- Up-to-date: /home/ashu/workspace/Obstacle-Avoidance/ros2_driver/install/ti_mmwave_rospkg_msgs/include/ti_mmwave_rospkg_msgs/ti_mmwave_rospkg_msgs/msg/detail/radar_point_track_id__traits.hpp
[0.742s] -- Up-to-date: /home/ashu/workspace/Obstacle-Avoidance/ros2_driver/install/ti_mmwave_rospkg_msgs/include/ti_mmwave_rospkg_msgs/ti_mmwave_rospkg_msgs/msg/detail/radar_track_array__traits.hpp
[0.742s] -- Up-to-date: /home/ashu/workspace/Obstacle-Avoidance/ros2_driver/install/ti_mmwave_rospkg_msgs/include/ti_mmwave_rospkg_msgs/ti_mmwave_rospkg_msgs/msg/detail/radar_track_array__struct.hpp
[0.742s] -- Up-to-date: /home/ashu/workspace/Obstacle-Avoidance/ros2_driver/install/ti_mmwave_rospkg_msgs/include/ti_mmwave_rospkg_msgs/ti_mmwave_rospkg_msgs/msg/detail/radar_scan__struct.hpp
[0.742s] -- Up-to-date: /home/ashu/workspace/Obstacle-Avoidance/ros2_driver/install/ti_mmwave_rospkg_msgs/include/ti_mmwave_rospkg_msgs/ti_mmwave_rospkg_msgs/msg/detail/radar_track_contents__builder.hpp
[0.742s] -- Up-to-date: /home/ashu/workspace/Obstacle-Avoidance/ros2_driver/install/ti_mmwave_rospkg_msgs/include/ti_mmwave_rospkg_msgs/ti_mmwave_rospkg_msgs/msg/detail/radar_point_track_id__builder.hpp
[0.742s] -- Up-to-date: /home/ashu/workspace/Obstacle-Avoidance/ros2_driver/install/ti_mmwave_rospkg_msgs/include/ti_mmwave_rospkg_msgs/ti_mmwave_rospkg_msgs/msg/detail/radar_occupancy__struct.hpp
[0.742s] -- Up-to-date: /home/ashu/workspace/Obstacle-Avoidance/ros2_driver/install/ti_mmwave_rospkg_msgs/include/ti_mmwave_rospkg_msgs/ti_mmwave_rospkg_msgs/msg/detail/radar_scan__builder.hpp
[0.742s] -- Up-to-date: /home/ashu/workspace/Obstacle-Avoidance/ros2_driver/install/ti_mmwave_rospkg_msgs/include/ti_mmwave_rospkg_msgs/ti_mmwave_rospkg_msgs/msg/detail/radar_scan__traits.hpp
[0.743s] -- Up-to-date: /home/ashu/workspace/Obstacle-Avoidance/ros2_driver/install/ti_mmwave_rospkg_msgs/include/ti_mmwave_rospkg_msgs/ti_mmwave_rospkg_msgs/msg/detail/radar_occupancy__builder.hpp
[0.743s] -- Up-to-date: /home/ashu/workspace/Obstacle-Avoidance/ros2_driver/install/ti_mmwave_rospkg_msgs/include/ti_mmwave_rospkg_msgs/ti_mmwave_rospkg_msgs/msg/detail/radar_point_track_id__struct.hpp
[0.743s] -- Up-to-date: /home/ashu/workspace/Obstacle-Avoidance/ros2_driver/install/ti_mmwave_rospkg_msgs/include/ti_mmwave_rospkg_msgs/ti_mmwave_rospkg_msgs/msg/detail/radar_track_contents__traits.hpp
[0.743s] -- Up-to-date: /home/ashu/workspace/Obstacle-Avoidance/ros2_driver/install/ti_mmwave_rospkg_msgs/include/ti_mmwave_rospkg_msgs/ti_mmwave_rospkg_msgs/msg/detail/radar_track_array__builder.hpp
[0.743s] -- Up-to-date: /home/ashu/workspace/Obstacle-Avoidance/ros2_driver/install/ti_mmwave_rospkg_msgs/include/ti_mmwave_rospkg_msgs/ti_mmwave_rospkg_msgs/msg/detail/radar_occupancy__traits.hpp
[0.743s] -- Up-to-date: /home/ashu/workspace/Obstacle-Avoidance/ros2_driver/install/ti_mmwave_rospkg_msgs/include/ti_mmwave_rospkg_msgs/ti_mmwave_rospkg_msgs/msg/radar_point_track_id.hpp
[0.743s] -- Up-to-date: /home/ashu/workspace/Obstacle-Avoidance/ros2_driver/install/ti_mmwave_rospkg_msgs/include/ti_mmwave_rospkg_msgs/ti_mmwave_rospkg_msgs/msg/radar_track_array.hpp
[0.743s] -- Up-to-date: /home/ashu/workspace/Obstacle-Avoidance/ros2_driver/install/ti_mmwave_rospkg_msgs/include/ti_mmwave_rospkg_msgs/ti_mmwave_rospkg_msgs/msg/radar_scan.hpp
[0.744s] -- Up-to-date: /home/ashu/workspace/Obstacle-Avoidance/ros2_driver/install/ti_mmwave_rospkg_msgs/include/ti_mmwave_rospkg_msgs/ti_mmwave_rospkg_msgs/msg/radar_occupancy.hpp
[0.744s] -- Up-to-date: /home/ashu/workspace/Obstacle-Avoidance/ros2_driver/install/ti_mmwave_rospkg_msgs/include/ti_mmwave_rospkg_msgs/ti_mmwave_rospkg_msgs/msg/radar_track_contents.hpp
[0.744s] -- Up-to-date: /home/ashu/workspace/Obstacle-Avoidance/ros2_driver/install/ti_mmwave_rospkg_msgs/include/ti_mmwave_rospkg_msgs/ti_mmwave_rospkg_msgs
[0.744s] -- Up-to-date: /home/ashu/workspace/Obstacle-Avoidance/ros2_driver/install/ti_mmwave_rospkg_msgs/include/ti_mmwave_rospkg_msgs/ti_mmwave_rospkg_msgs/srv
[0.744s] -- Up-to-date: /home/ashu/workspace/Obstacle-Avoidance/ros2_driver/install/ti_mmwave_rospkg_msgs/include/ti_mmwave_rospkg_msgs/ti_mmwave_rospkg_msgs/srv/detail
[0.744s] -- Up-to-date: /home/ashu/workspace/Obstacle-Avoidance/ros2_driver/install/ti_mmwave_rospkg_msgs/include/ti_mmwave_rospkg_msgs/ti_mmwave_rospkg_msgs/srv/detail/mmwave_cli__rosidl_typesupport_fastrtps_cpp.hpp
[0.744s] -- Up-to-date: /home/ashu/workspace/Obstacle-Avoidance/ros2_driver/install/ti_mmwave_rospkg_msgs/include/ti_mmwave_rospkg_msgs/ti_mmwave_rospkg_msgs/srv/detail/dds_fastrtps
[0.744s] -- Up-to-date: /home/ashu/workspace/Obstacle-Avoidance/ros2_driver/install/ti_mmwave_rospkg_msgs/include/ti_mmwave_rospkg_msgs/ti_mmwave_rospkg_msgs/msg
[0.745s] -- Up-to-date: /home/ashu/workspace/Obstacle-Avoidance/ros2_driver/install/ti_mmwave_rospkg_msgs/include/ti_mmwave_rospkg_msgs/ti_mmwave_rospkg_msgs/msg/rosidl_typesupport_fastrtps_cpp__visibility_control.h
[0.745s] -- Up-to-date: /home/ashu/workspace/Obstacle-Avoidance/ros2_driver/install/ti_mmwave_rospkg_msgs/include/ti_mmwave_rospkg_msgs/ti_mmwave_rospkg_msgs/msg/detail
[0.745s] -- Up-to-date: /home/ashu/workspace/Obstacle-Avoidance/ros2_driver/install/ti_mmwave_rospkg_msgs/include/ti_mmwave_rospkg_msgs/ti_mmwave_rospkg_msgs/msg/detail/radar_occupancy__rosidl_typesupport_fastrtps_cpp.hpp
[0.745s] -- Up-to-date: /home/ashu/workspace/Obstacle-Avoidance/ros2_driver/install/ti_mmwave_rospkg_msgs/include/ti_mmwave_rospkg_msgs/ti_mmwave_rospkg_msgs/msg/detail/radar_track_contents__rosidl_typesupport_fastrtps_cpp.hpp
[0.745s] -- Up-to-date: /home/ashu/workspace/Obstacle-Avoidance/ros2_driver/install/ti_mmwave_rospkg_msgs/include/ti_mmwave_rospkg_msgs/ti_mmwave_rospkg_msgs/msg/detail/radar_track_array__rosidl_typesupport_fastrtps_cpp.hpp
[0.745s] -- Up-to-date: /home/ashu/workspace/Obstacle-Avoidance/ros2_driver/install/ti_mmwave_rospkg_msgs/include/ti_mmwave_rospkg_msgs/ti_mmwave_rospkg_msgs/msg/detail/radar_point_track_id__rosidl_typesupport_fastrtps_cpp.hpp
[0.745s] -- Up-to-date: /home/ashu/workspace/Obstacle-Avoidance/ros2_driver/install/ti_mmwave_rospkg_msgs/include/ti_mmwave_rospkg_msgs/ti_mmwave_rospkg_msgs/msg/detail/dds_fastrtps
[0.745s] -- Up-to-date: /home/ashu/workspace/Obstacle-Avoidance/ros2_driver/install/ti_mmwave_rospkg_msgs/include/ti_mmwave_rospkg_msgs/ti_mmwave_rospkg_msgs/msg/detail/radar_scan__rosidl_typesupport_fastrtps_cpp.hpp
[0.745s] -- Up-to-date: /home/ashu/workspace/Obstacle-Avoidance/ros2_driver/install/ti_mmwave_rospkg_msgs/lib/libti_mmwave_rospkg_msgs__rosidl_typesupport_fastrtps_cpp.so
[0.745s] -- Up-to-date: /home/ashu/workspace/Obstacle-Avoidance/ros2_driver/install/ti_mmwave_rospkg_msgs/include/ti_mmwave_rospkg_msgs/ti_mmwave_rospkg_msgs
[0.745s] -- Up-to-date: /home/ashu/workspace/Obstacle-Avoidance/ros2_driver/install/ti_mmwave_rospkg_msgs/include/ti_mmwave_rospkg_msgs/ti_mmwave_rospkg_msgs/srv
[0.746s] -- Up-to-date: /home/ashu/workspace/Obstacle-Avoidance/ros2_driver/install/ti_mmwave_rospkg_msgs/include/ti_mmwave_rospkg_msgs/ti_mmwave_rospkg_msgs/srv/detail
[0.746s] -- Up-to-date: /home/ashu/workspace/Obstacle-Avoidance/ros2_driver/install/ti_mmwave_rospkg_msgs/include/ti_mmwave_rospkg_msgs/ti_mmwave_rospkg_msgs/srv/detail/mmwave_cli__type_support.cpp
[0.746s] -- Up-to-date: /home/ashu/workspace/Obstacle-Avoidance/ros2_driver/install/ti_mmwave_rospkg_msgs/include/ti_mmwave_rospkg_msgs/ti_mmwave_rospkg_msgs/srv/detail/mmwave_cli__rosidl_typesupport_introspection_cpp.hpp
[0.746s] -- Up-to-date: /home/ashu/workspace/Obstacle-Avoidance/ros2_driver/install/ti_mmwave_rospkg_msgs/include/ti_mmwave_rospkg_msgs/ti_mmwave_rospkg_msgs/msg
[0.746s] -- Up-to-date: /home/ashu/workspace/Obstacle-Avoidance/ros2_driver/install/ti_mmwave_rospkg_msgs/include/ti_mmwave_rospkg_msgs/ti_mmwave_rospkg_msgs/msg/detail
[0.746s] -- Up-to-date: /home/ashu/workspace/Obstacle-Avoidance/ros2_driver/install/ti_mmwave_rospkg_msgs/include/ti_mmwave_rospkg_msgs/ti_mmwave_rospkg_msgs/msg/detail/radar_track_array__rosidl_typesupport_introspection_cpp.hpp
[0.746s] -- Up-to-date: /home/ashu/workspace/Obstacle-Avoidance/ros2_driver/install/ti_mmwave_rospkg_msgs/include/ti_mmwave_rospkg_msgs/ti_mmwave_rospkg_msgs/msg/detail/radar_occupancy__type_support.cpp
[0.746s] -- Up-to-date: /home/ashu/workspace/Obstacle-Avoidance/ros2_driver/install/ti_mmwave_rospkg_msgs/include/ti_mmwave_rospkg_msgs/ti_mmwave_rospkg_msgs/msg/detail/radar_point_track_id__rosidl_typesupport_introspection_cpp.hpp
[0.746s] -- Up-to-date: /home/ashu/workspace/Obstacle-Avoidance/ros2_driver/install/ti_mmwave_rospkg_msgs/include/ti_mmwave_rospkg_msgs/ti_mmwave_rospkg_msgs/msg/detail/radar_track_array__type_support.cpp
[0.746s] -- Up-to-date: /home/ashu/workspace/Obstacle-Avoidance/ros2_driver/install/ti_mmwave_rospkg_msgs/include/ti_mmwave_rospkg_msgs/ti_mmwave_rospkg_msgs/msg/detail/radar_scan__rosidl_typesupport_introspection_cpp.hpp
[0.746s] -- Up-to-date: /home/ashu/workspace/Obstacle-Avoidance/ros2_driver/install/ti_mmwave_rospkg_msgs/include/ti_mmwave_rospkg_msgs/ti_mmwave_rospkg_msgs/msg/detail/radar_track_contents__type_support.cpp
[0.746s] -- Up-to-date: /home/ashu/workspace/Obstacle-Avoidance/ros2_driver/install/ti_mmwave_rospkg_msgs/include/ti_mmwave_rospkg_msgs/ti_mmwave_rospkg_msgs/msg/detail/radar_point_track_id__type_support.cpp
[0.746s] -- Up-to-date: /home/ashu/workspace/Obstacle-Avoidance/ros2_driver/install/ti_mmwave_rospkg_msgs/include/ti_mmwave_rospkg_msgs/ti_mmwave_rospkg_msgs/msg/detail/radar_scan__type_support.cpp
[0.747s] -- Up-to-date: /home/ashu/workspace/Obstacle-Avoidance/ros2_driver/install/ti_mmwave_rospkg_msgs/include/ti_mmwave_rospkg_msgs/ti_mmwave_rospkg_msgs/msg/detail/radar_occupancy__rosidl_typesupport_introspection_cpp.hpp
[0.747s] -- Up-to-date: /home/ashu/workspace/Obstacle-Avoidance/ros2_driver/install/ti_mmwave_rospkg_msgs/include/ti_mmwave_rospkg_msgs/ti_mmwave_rospkg_msgs/msg/detail/radar_track_contents__rosidl_typesupport_introspection_cpp.hpp
[0.747s] -- Up-to-date: /home/ashu/workspace/Obstacle-Avoidance/ros2_driver/install/ti_mmwave_rospkg_msgs/lib/libti_mmwave_rospkg_msgs__rosidl_typesupport_introspection_cpp.so
[0.747s] -- Up-to-date: /home/ashu/workspace/Obstacle-Avoidance/ros2_driver/install/ti_mmwave_rospkg_msgs/lib/libti_mmwave_rospkg_msgs__rosidl_typesupport_cpp.so
[0.747s] -- Up-to-date: /home/ashu/workspace/Obstacle-Avoidance/ros2_driver/install/ti_mmwave_rospkg_msgs/share/ti_mmwave_rospkg_msgs/environment/pythonpath.sh
[0.747s] -- Up-to-date: /home/ashu/workspace/Obstacle-Avoidance/ros2_driver/install/ti_mmwave_rospkg_msgs/share/ti_mmwave_rospkg_msgs/environment/pythonpath.dsv
[0.747s] -- Up-to-date: /home/ashu/workspace/Obstacle-Avoidance/ros2_driver/install/ti_mmwave_rospkg_msgs/local/lib/python3.10/dist-packages/ti_mmwave_rospkg_msgs-1.0.0-py3.10.egg-info
[0.747s] -- Installing: /home/ashu/workspace/Obstacle-Avoidance/ros2_driver/install/ti_mmwave_rospkg_msgs/local/lib/python3.10/dist-packages/ti_mmwave_rospkg_msgs-1.0.0-py3.10.egg-info/dependency_links.txt
[0.747s] -- Installing: /home/ashu/workspace/Obstacle-Avoidance/ros2_driver/install/ti_mmwave_rospkg_msgs/local/lib/python3.10/dist-packages/ti_mmwave_rospkg_msgs-1.0.0-py3.10.egg-info/PKG-INFO
[0.747s] -- Installing: /home/ashu/workspace/Obstacle-Avoidance/ros2_driver/install/ti_mmwave_rospkg_msgs/local/lib/python3.10/dist-packages/ti_mmwave_rospkg_msgs-1.0.0-py3.10.egg-info/SOURCES.txt
[0.747s] -- Installing: /home/ashu/workspace/Obstacle-Avoidance/ros2_driver/install/ti_mmwave_rospkg_msgs/local/lib/python3.10/dist-packages/ti_mmwave_rospkg_msgs-1.0.0-py3.10.egg-info/top_level.txt
[0.747s] -- Up-to-date: /home/ashu/workspace/Obstacle-Avoidance/ros2_driver/install/ti_mmwave_rospkg_msgs/local/lib/python3.10/dist-packages/ti_mmwave_rospkg_msgs
[0.747s] -- Up-to-date: /home/ashu/workspace/Obstacle-Avoidance/ros2_driver/install/ti_mmwave_rospkg_msgs/local/lib/python3.10/dist-packages/ti_mmwave_rospkg_msgs/_ti_mmwave_rospkg_msgs_s.ep.rosidl_typesupport_fastrtps_c.c
[0.747s] -- Up-to-date: /home/ashu/workspace/Obstacle-Avoidance/ros2_driver/install/ti_mmwave_rospkg_msgs/local/lib/python3.10/dist-packages/ti_mmwave_rospkg_msgs/ti_mmwave_rospkg_msgs_s__rosidl_typesupport_introspection_c.cpython-310-x86_64-linux-gnu.so
[0.748s] -- Up-to-date: /home/ashu/workspace/Obstacle-Avoidance/ros2_driver/install/ti_mmwave_rospkg_msgs/local/lib/python3.10/dist-packages/ti_mmwave_rospkg_msgs/libti_mmwave_rospkg_msgs__rosidl_generator_py.so
[0.748s] -- Up-to-date: /home/ashu/workspace/Obstacle-Avoidance/ros2_driver/install/ti_mmwave_rospkg_msgs/local/lib/python3.10/dist-packages/ti_mmwave_rospkg_msgs/_ti_mmwave_rospkg_msgs_s.ep.rosidl_typesupport_introspection_c.c
[0.748s] -- Up-to-date: /home/ashu/workspace/Obstacle-Avoidance/ros2_driver/install/ti_mmwave_rospkg_msgs/local/lib/python3.10/dist-packages/ti_mmwave_rospkg_msgs/__init__.py
[0.748s] -- Up-to-date: /home/ashu/workspace/Obstacle-Avoidance/ros2_driver/install/ti_mmwave_rospkg_msgs/local/lib/python3.10/dist-packages/ti_mmwave_rospkg_msgs/ti_mmwave_rospkg_msgs_s__rosidl_typesupport_c.cpython-310-x86_64-linux-gnu.so
[0.748s] -- Up-to-date: /home/ashu/workspace/Obstacle-Avoidance/ros2_driver/install/ti_mmwave_rospkg_msgs/local/lib/python3.10/dist-packages/ti_mmwave_rospkg_msgs/srv
[0.748s] -- Up-to-date: /home/ashu/workspace/Obstacle-Avoidance/ros2_driver/install/ti_mmwave_rospkg_msgs/local/lib/python3.10/dist-packages/ti_mmwave_rospkg_msgs/srv/__init__.py
[0.748s] -- Up-to-date: /home/ashu/workspace/Obstacle-Avoidance/ros2_driver/install/ti_mmwave_rospkg_msgs/local/lib/python3.10/dist-packages/ti_mmwave_rospkg_msgs/srv/_mmwave_cli.py
[0.748s] -- Up-to-date: /home/ashu/workspace/Obstacle-Avoidance/ros2_driver/install/ti_mmwave_rospkg_msgs/local/lib/python3.10/dist-packages/ti_mmwave_rospkg_msgs/srv/_mmwave_cli_s.c
[0.748s] -- Up-to-date: /home/ashu/workspace/Obstacle-Avoidance/ros2_driver/install/ti_mmwave_rospkg_msgs/local/lib/python3.10/dist-packages/ti_mmwave_rospkg_msgs/_ti_mmwave_rospkg_msgs_s.ep.rosidl_typesupport_c.c
[0.748s] -- Up-to-date: /home/ashu/workspace/Obstacle-Avoidance/ros2_driver/install/ti_mmwave_rospkg_msgs/local/lib/python3.10/dist-packages/ti_mmwave_rospkg_msgs/msg
[0.748s] -- Up-to-date: /home/ashu/workspace/Obstacle-Avoidance/ros2_driver/install/ti_mmwave_rospkg_msgs/local/lib/python3.10/dist-packages/ti_mmwave_rospkg_msgs/msg/_radar_track_contents_s.c
[0.748s] -- Up-to-date: /home/ashu/workspace/Obstacle-Avoidance/ros2_driver/install/ti_mmwave_rospkg_msgs/local/lib/python3.10/dist-packages/ti_mmwave_rospkg_msgs/msg/_radar_scan.py
[0.748s] -- Up-to-date: /home/ashu/workspace/Obstacle-Avoidance/ros2_driver/install/ti_mmwave_rospkg_msgs/local/lib/python3.10/dist-packages/ti_mmwave_rospkg_msgs/msg/_radar_scan_s.c
[0.749s] -- Up-to-date: /home/ashu/workspace/Obstacle-Avoidance/ros2_driver/install/ti_mmwave_rospkg_msgs/local/lib/python3.10/dist-packages/ti_mmwave_rospkg_msgs/msg/_radar_occupancy_s.c
[0.749s] -- Up-to-date: /home/ashu/workspace/Obstacle-Avoidance/ros2_driver/install/ti_mmwave_rospkg_msgs/local/lib/python3.10/dist-packages/ti_mmwave_rospkg_msgs/msg/__init__.py
[0.749s] -- Up-to-date: /home/ashu/workspace/Obstacle-Avoidance/ros2_driver/install/ti_mmwave_rospkg_msgs/local/lib/python3.10/dist-packages/ti_mmwave_rospkg_msgs/msg/_radar_occupancy.py
[0.749s] -- Up-to-date: /home/ashu/workspace/Obstacle-Avoidance/ros2_driver/install/ti_mmwave_rospkg_msgs/local/lib/python3.10/dist-packages/ti_mmwave_rospkg_msgs/msg/_radar_point_track_id_s.c
[0.749s] -- Up-to-date: /home/ashu/workspace/Obstacle-Avoidance/ros2_driver/install/ti_mmwave_rospkg_msgs/local/lib/python3.10/dist-packages/ti_mmwave_rospkg_msgs/msg/_radar_track_contents.py
[0.749s] -- Up-to-date: /home/ashu/workspace/Obstacle-Avoidance/ros2_driver/install/ti_mmwave_rospkg_msgs/local/lib/python3.10/dist-packages/ti_mmwave_rospkg_msgs/msg/_radar_point_track_id.py
[0.749s] -- Up-to-date: /home/ashu/workspace/Obstacle-Avoidance/ros2_driver/install/ti_mmwave_rospkg_msgs/local/lib/python3.10/dist-packages/ti_mmwave_rospkg_msgs/msg/_radar_track_array.py
[0.749s] -- Up-to-date: /home/ashu/workspace/Obstacle-Avoidance/ros2_driver/install/ti_mmwave_rospkg_msgs/local/lib/python3.10/dist-packages/ti_mmwave_rospkg_msgs/msg/_radar_track_array_s.c
[0.749s] -- Up-to-date: /home/ashu/workspace/Obstacle-Avoidance/ros2_driver/install/ti_mmwave_rospkg_msgs/local/lib/python3.10/dist-packages/ti_mmwave_rospkg_msgs/ti_mmwave_rospkg_msgs_s__rosidl_typesupport_fastrtps_c.cpython-310-x86_64-linux-gnu.so
[0.770s] Listing '/home/ashu/workspace/Obstacle-Avoidance/ros2_driver/install/ti_mmwave_rospkg_msgs/local/lib/python3.10/dist-packages/ti_mmwave_rospkg_msgs'...
[0.770s] Listing '/home/ashu/workspace/Obstacle-Avoidance/ros2_driver/install/ti_mmwave_rospkg_msgs/local/lib/python3.10/dist-packages/ti_mmwave_rospkg_msgs/msg'...
[0.770s] Listing '/home/ashu/workspace/Obstacle-Avoidance/ros2_driver/install/ti_mmwave_rospkg_msgs/local/lib/python3.10/dist-packages/ti_mmwave_rospkg_msgs/srv'...
[0.774s] -- Up-to-date: /home/ashu/workspace/Obstacle-Avoidance/ros2_driver/install/ti_mmwave_rospkg_msgs/local/lib/python3.10/dist-packages/ti_mmwave_rospkg_msgs/ti_mmwave_rospkg_msgs_s__rosidl_typesupport_fastrtps_c.cpython-310-x86_64-linux-gnu.so
[0.775s] -- Up-to-date: /home/ashu/workspace/Obstacle-Avoidance/ros2_driver/install/ti_mmwave_rospkg_msgs/local/lib/python3.10/dist-packages/ti_mmwave_rospkg_msgs/ti_mmwave_rospkg_msgs_s__rosidl_typesupport_introspection_c.cpython-310-x86_64-linux-gnu.so
[0.775s] -- Up-to-date: /home/ashu/workspace/Obstacle-Avoidance/ros2_driver/install/ti_mmwave_rospkg_msgs/local/lib/python3.10/dist-packages/ti_mmwave_rospkg_msgs/ti_mmwave_rospkg_msgs_s__rosidl_typesupport_c.cpython-310-x86_64-linux-gnu.so
[0.776s] -- Up-to-date: /home/ashu/workspace/Obstacle-Avoidance/ros2_driver/install/ti_mmwave_rospkg_msgs/lib/libti_mmwave_rospkg_msgs__rosidl_generator_py.so
[0.776s] -- Up-to-date: /home/ashu/workspace/Obstacle-Avoidance/ros2_driver/install/ti_mmwave_rospkg_msgs/share/ti_mmwave_rospkg_msgs/msg/RadarScan.idl
[0.776s] -- Up-to-date: /home/ashu/workspace/Obstacle-Avoidance/ros2_driver/install/ti_mmwave_rospkg_msgs/share/ti_mmwave_rospkg_msgs/msg/RadarOccupancy.idl
[0.776s] -- Up-to-date: /home/ashu/workspace/Obstacle-Avoidance/ros2_driver/install/ti_mmwave_rospkg_msgs/share/ti_mmwave_rospkg_msgs/msg/RadarTrackArray.idl
[0.776s] -- Up-to-date: /home/ashu/workspace/Obstacle-Avoidance/ros2_driver/install/ti_mmwave_rospkg_msgs/share/ti_mmwave_rospkg_msgs/msg/RadarTrackContents.idl
[0.777s] -- Up-to-date: /home/ashu/workspace/Obstacle-Avoidance/ros2_driver/install/ti_mmwave_rospkg_msgs/share/ti_mmwave_rospkg_msgs/msg/RadarPointTrackID.idl
[0.777s] -- Up-to-date: /home/ashu/workspace/Obstacle-Avoidance/ros2_driver/install/ti_mmwave_rospkg_msgs/share/ti_mmwave_rospkg_msgs/srv/MmwaveCli.idl
[0.777s] -- Up-to-date: /home/ashu/workspace/Obstacle-Avoidance/ros2_driver/install/ti_mmwave_rospkg_msgs/share/ti_mmwave_rospkg_msgs/msg/RadarScan.msg
[0.777s] -- Up-to-date: /home/ashu/workspace/Obstacle-Avoidance/ros2_driver/install/ti_mmwave_rospkg_msgs/share/ti_mmwave_rospkg_msgs/msg/RadarOccupancy.msg
[0.777s] -- Up-to-date: /home/ashu/workspace/Obstacle-Avoidance/ros2_driver/install/ti_mmwave_rospkg_msgs/share/ti_mmwave_rospkg_msgs/msg/RadarTrackArray.msg
[0.777s] -- Up-to-date: /home/ashu/workspace/Obstacle-Avoidance/ros2_driver/install/ti_mmwave_rospkg_msgs/share/ti_mmwave_rospkg_msgs/msg/RadarTrackContents.msg
[0.778s] -- Up-to-date: /home/ashu/workspace/Obstacle-Avoidance/ros2_driver/install/ti_mmwave_rospkg_msgs/share/ti_mmwave_rospkg_msgs/msg/RadarPointTrackID.msg
[0.778s] -- Up-to-date: /home/ashu/workspace/Obstacle-Avoidance/ros2_driver/install/ti_mmwave_rospkg_msgs/share/ti_mmwave_rospkg_msgs/srv/MmwaveCli.srv
[0.778s] -- Up-to-date: /home/ashu/workspace/Obstacle-Avoidance/ros2_driver/install/ti_mmwave_rospkg_msgs/share/ti_mmwave_rospkg_msgs/srv/MmwaveCli_Request.msg
[0.778s] -- Up-to-date: /home/ashu/workspace/Obstacle-Avoidance/ros2_driver/install/ti_mmwave_rospkg_msgs/share/ti_mmwave_rospkg_msgs/srv/MmwaveCli_Response.msg
[0.778s] -- Up-to-date: /home/ashu/workspace/Obstacle-Avoidance/ros2_driver/install/ti_mmwave_rospkg_msgs/share/ament_index/resource_index/package_run_dependencies/ti_mmwave_rospkg_msgs
[0.778s] -- Up-to-date: /home/ashu/workspace/Obstacle-Avoidance/ros2_driver/install/ti_mmwave_rospkg_msgs/share/ament_index/resource_index/parent_prefix_path/ti_mmwave_rospkg_msgs
[0.778s] -- Up-to-date: /home/ashu/workspace/Obstacle-Avoidance/ros2_driver/install/ti_mmwave_rospkg_msgs/share/ti_mmwave_rospkg_msgs/environment/ament_prefix_path.sh
[0.779s] -- Up-to-date: /home/ashu/workspace/Obstacle-Avoidance/ros2_driver/install/ti_mmwave_rospkg_msgs/share/ti_mmwave_rospkg_msgs/environment/ament_prefix_path.dsv
[0.779s] -- Up-to-date: /home/ashu/workspace/Obstacle-Avoidance/ros2_driver/install/ti_mmwave_rospkg_msgs/share/ti_mmwave_rospkg_msgs/environment/path.sh
[0.779s] -- Up-to-date: /home/ashu/workspace/Obstacle-Avoidance/ros2_driver/install/ti_mmwave_rospkg_msgs/share/ti_mmwave_rospkg_msgs/environment/path.dsv
[0.779s] -- Up-to-date: /home/ashu/workspace/Obstacle-Avoidance/ros2_driver/install/ti_mmwave_rospkg_msgs/share/ti_mmwave_rospkg_msgs/local_setup.bash
[0.779s] -- Up-to-date: /home/ashu/workspace/Obstacle-Avoidance/ros2_driver/install/ti_mmwave_rospkg_msgs/share/ti_mmwave_rospkg_msgs/local_setup.sh
[0.779s] -- Up-to-date: /home/ashu/workspace/Obstacle-Avoidance/ros2_driver/install/ti_mmwave_rospkg_msgs/share/ti_mmwave_rospkg_msgs/local_setup.zsh
[0.779s] -- Up-to-date: /home/ashu/workspace/Obstacle-Avoidance/ros2_driver/install/ti_mmwave_rospkg_msgs/share/ti_mmwave_rospkg_msgs/local_setup.dsv
[0.780s] -- Installing: /home/ashu/workspace/Obstacle-Avoidance/ros2_driver/install/ti_mmwave_rospkg_msgs/share/ti_mmwave_rospkg_msgs/package.dsv
[0.780s] -- Up-to-date: /home/ashu/workspace/Obstacle-Avoidance/ros2_driver/install/ti_mmwave_rospkg_msgs/share/ament_index/resource_index/packages/ti_mmwave_rospkg_msgs
[0.780s] -- Up-to-date: /home/ashu/workspace/Obstacle-Avoidance/ros2_driver/install/ti_mmwave_rospkg_msgs/share/ti_mmwave_rospkg_msgs/cmake/export_ti_mmwave_rospkg_msgs__rosidl_generator_cExport.cmake
[0.780s] -- Up-to-date: /home/ashu/workspace/Obstacle-Avoidance/ros2_driver/install/ti_mmwave_rospkg_msgs/share/ti_mmwave_rospkg_msgs/cmake/export_ti_mmwave_rospkg_msgs__rosidl_generator_cExport-noconfig.cmake
[0.780s] -- Up-to-date: /home/ashu/workspace/Obstacle-Avoidance/ros2_driver/install/ti_mmwave_rospkg_msgs/share/ti_mmwave_rospkg_msgs/cmake/export_ti_mmwave_rospkg_msgs__rosidl_typesupport_fastrtps_cExport.cmake
[0.780s] -- Up-to-date: /home/ashu/workspace/Obstacle-Avoidance/ros2_driver/install/ti_mmwave_rospkg_msgs/share/ti_mmwave_rospkg_msgs/cmake/export_ti_mmwave_rospkg_msgs__rosidl_typesupport_fastrtps_cExport-noconfig.cmake
[0.780s] -- Up-to-date: /home/ashu/workspace/Obstacle-Avoidance/ros2_driver/install/ti_mmwave_rospkg_msgs/share/ti_mmwave_rospkg_msgs/cmake/ti_mmwave_rospkg_msgs__rosidl_typesupport_introspection_cExport.cmake
[0.780s] -- Up-to-date: /home/ashu/workspace/Obstacle-Avoidance/ros2_driver/install/ti_mmwave_rospkg_msgs/share/ti_mmwave_rospkg_msgs/cmake/ti_mmwave_rospkg_msgs__rosidl_typesupport_introspection_cExport-noconfig.cmake
[0.780s] -- Up-to-date: /home/ashu/workspace/Obstacle-Avoidance/ros2_driver/install/ti_mmwave_rospkg_msgs/share/ti_mmwave_rospkg_msgs/cmake/ti_mmwave_rospkg_msgs__rosidl_typesupport_cExport.cmake
[0.781s] -- Up-to-date: /home/ashu/workspace/Obstacle-Avoidance/ros2_driver/install/ti_mmwave_rospkg_msgs/share/ti_mmwave_rospkg_msgs/cmake/ti_mmwave_rospkg_msgs__rosidl_typesupport_cExport-noconfig.cmake
[0.781s] -- Up-to-date: /home/ashu/workspace/Obstacle-Avoidance/ros2_driver/install/ti_mmwave_rospkg_msgs/share/ti_mmwave_rospkg_msgs/cmake/export_ti_mmwave_rospkg_msgs__rosidl_generator_cppExport.cmake
[0.781s] -- Up-to-date: /home/ashu/workspace/Obstacle-Avoidance/ros2_driver/install/ti_mmwave_rospkg_msgs/share/ti_mmwave_rospkg_msgs/cmake/export_ti_mmwave_rospkg_msgs__rosidl_typesupport_fastrtps_cppExport.cmake
[0.781s] -- Up-to-date: /home/ashu/workspace/Obstacle-Avoidance/ros2_driver/install/ti_mmwave_rospkg_msgs/share/ti_mmwave_rospkg_msgs/cmake/export_ti_mmwave_rospkg_msgs__rosidl_typesupport_fastrtps_cppExport-noconfig.cmake
[0.781s] -- Up-to-date: /home/ashu/workspace/Obstacle-Avoidance/ros2_driver/install/ti_mmwave_rospkg_msgs/share/ti_mmwave_rospkg_msgs/cmake/ti_mmwave_rospkg_msgs__rosidl_typesupport_introspection_cppExport.cmake
[0.781s] -- Up-to-date: /home/ashu/workspace/Obstacle-Avoidance/ros2_driver/install/ti_mmwave_rospkg_msgs/share/ti_mmwave_rospkg_msgs/cmake/ti_mmwave_rospkg_msgs__rosidl_typesupport_introspection_cppExport-noconfig.cmake
[0.782s] -- Up-to-date: /home/ashu/workspace/Obstacle-Avoidance/ros2_driver/install/ti_mmwave_rospkg_msgs/share/ti_mmwave_rospkg_msgs/cmake/ti_mmwave_rospkg_msgs__rosidl_typesupport_cppExport.cmake
[0.782s] -- Up-to-date: /home/ashu/workspace/Obstacle-Avoidance/ros2_driver/install/ti_mmwave_rospkg_msgs/share/ti_mmwave_rospkg_msgs/cmake/ti_mmwave_rospkg_msgs__rosidl_typesupport_cppExport-noconfig.cmake
[0.782s] -- Up-to-date: /home/ashu/workspace/Obstacle-Avoidance/ros2_driver/install/ti_mmwave_rospkg_msgs/share/ti_mmwave_rospkg_msgs/cmake/export_ti_mmwave_rospkg_msgs__rosidl_generator_pyExport.cmake
[0.783s] -- Up-to-date: /home/ashu/workspace/Obstacle-Avoidance/ros2_driver/install/ti_mmwave_rospkg_msgs/share/ti_mmwave_rospkg_msgs/cmake/export_ti_mmwave_rospkg_msgs__rosidl_generator_pyExport-noconfig.cmake
[0.783s] -- Up-to-date: /home/ashu/workspace/Obstacle-Avoidance/ros2_driver/install/ti_mmwave_rospkg_msgs/share/ti_mmwave_rospkg_msgs/cmake/rosidl_cmake-extras.cmake
[0.783s] -- Up-to-date: /home/ashu/workspace/Obstacle-Avoidance/ros2_driver/install/ti_mmwave_rospkg_msgs/share/ti_mmwave_rospkg_msgs/cmake/ament_cmake_export_include_directories-extras.cmake
[0.783s] -- Up-to-date: /home/ashu/workspace/Obstacle-Avoidance/ros2_driver/install/ti_mmwave_rospkg_msgs/share/ti_mmwave_rospkg_msgs/cmake/ament_cmake_export_libraries-extras.cmake
[0.783s] -- Up-to-date: /home/ashu/workspace/Obstacle-Avoidance/ros2_driver/install/ti_mmwave_rospkg_msgs/share/ti_mmwave_rospkg_msgs/cmake/ament_cmake_export_targets-extras.cmake
[0.784s] -- Up-to-date: /home/ashu/workspace/Obstacle-Avoidance/ros2_driver/install/ti_mmwave_rospkg_msgs/share/ti_mmwave_rospkg_msgs/cmake/rosidl_cmake_export_typesupport_targets-extras.cmake
[0.784s] -- Up-to-date: /home/ashu/workspace/Obstacle-Avoidance/ros2_driver/install/ti_mmwave_rospkg_msgs/share/ti_mmwave_rospkg_msgs/cmake/ament_cmake_export_dependencies-extras.cmake
[0.784s] -- Up-to-date: /home/ashu/workspace/Obstacle-Avoidance/ros2_driver/install/ti_mmwave_rospkg_msgs/share/ti_mmwave_rospkg_msgs/cmake/rosidl_cmake_export_typesupport_libraries-extras.cmake
[0.784s] -- Up-to-date: /home/ashu/workspace/Obstacle-Avoidance/ros2_driver/install/ti_mmwave_rospkg_msgs/share/ti_mmwave_rospkg_msgs/cmake/ti_mmwave_rospkg_msgsConfig.cmake
[0.784s] -- Up-to-date: /home/ashu/workspace/Obstacle-Avoidance/ros2_driver/install/ti_mmwave_rospkg_msgs/share/ti_mmwave_rospkg_msgs/cmake/ti_mmwave_rospkg_msgsConfig-version.cmake
[0.784s] -- Up-to-date: /home/ashu/workspace/Obstacle-Avoidance/ros2_driver/install/ti_mmwave_rospkg_msgs/share/ti_mmwave_rospkg_msgs/package.xml
[0.784s] Invoked command in '/home/ashu/workspace/Obstacle-Avoidance/ros2_driver/build/ti_mmwave_rospkg_msgs' returned '0': CMAKE_PREFIX_PATH=/opt/ros/humble /usr/bin/cmake --install /home/ashu/workspace/Obstacle-Avoidance/ros2_driver/build/ti_mmwave_rospkg_msgs
