[0.101s] Invoking command in '/home/ashu/workspace/Obstacle-Avoidance/ros2_driver/build/serial': CMAKE_PREFIX_PATH=/opt/ros/humble /usr/bin/cmake --build /home/ashu/workspace/Obstacle-Avoidance/ros2_driver/build/serial -- -j12 -l12
[0.135s] [35m[1mConsolidate compiler generated dependencies of target serial[0m
[0.153s] [100%] Built target serial
[0.167s] Invoked command in '/home/ashu/workspace/Obstacle-Avoidance/ros2_driver/build/serial' returned '0': CMAKE_PREFIX_PATH=/opt/ros/humble /usr/bin/cmake --build /home/ashu/workspace/Obstacle-Avoidance/ros2_driver/build/serial -- -j12 -l12
[0.207s] Invoking command in '/home/ashu/workspace/Obstacle-Avoidance/ros2_driver/build/serial': CMAKE_PREFIX_PATH=/opt/ros/humble /usr/bin/cmake --install /home/ashu/workspace/Obstacle-Avoidance/ros2_driver/build/serial
[0.215s] -- Install configuration: ""
[0.215s] -- Up-to-date: /home/ashu/workspace/Obstacle-Avoidance/ros2_driver/install/serial/share/serial/environment/library_path.sh
[0.215s] -- Up-to-date: /home/ashu/workspace/Obstacle-Avoidance/ros2_driver/install/serial/share/serial/environment/library_path.dsv
[0.215s] -- Up-to-date: /home/ashu/workspace/Obstacle-Avoidance/ros2_driver/install/serial/lib/libserial.so
[0.215s] -- Up-to-date: /home/ashu/workspace/Obstacle-Avoidance/ros2_driver/install/serial/include/serial/serial.h
[0.216s] -- Up-to-date: /home/ashu/workspace/Obstacle-Avoidance/ros2_driver/install/serial/include/serial/v8stdint.h
[0.216s] -- Up-to-date: /home/ashu/workspace/Obstacle-Avoidance/ros2_driver/install/serial/share/ament_index/resource_index/package_run_dependencies/serial
[0.216s] -- Up-to-date: /home/ashu/workspace/Obstacle-Avoidance/ros2_driver/install/serial/share/ament_index/resource_index/parent_prefix_path/serial
[0.216s] -- Up-to-date: /home/ashu/workspace/Obstacle-Avoidance/ros2_driver/install/serial/share/serial/environment/ament_prefix_path.sh
[0.216s] -- Up-to-date: /home/ashu/workspace/Obstacle-Avoidance/ros2_driver/install/serial/share/serial/environment/ament_prefix_path.dsv
[0.216s] -- Up-to-date: /home/ashu/workspace/Obstacle-Avoidance/ros2_driver/install/serial/share/serial/environment/path.sh
[0.216s] -- Up-to-date: /home/ashu/workspace/Obstacle-Avoidance/ros2_driver/install/serial/share/serial/environment/path.dsv
[0.216s] -- Up-to-date: /home/ashu/workspace/Obstacle-Avoidance/ros2_driver/install/serial/share/serial/local_setup.bash
[0.216s] -- Up-to-date: /home/ashu/workspace/Obstacle-Avoidance/ros2_driver/install/serial/share/serial/local_setup.sh
[0.216s] -- Up-to-date: /home/ashu/workspace/Obstacle-Avoidance/ros2_driver/install/serial/share/serial/local_setup.zsh
[0.217s] -- Up-to-date: /home/ashu/workspace/Obstacle-Avoidance/ros2_driver/install/serial/share/serial/local_setup.dsv
[0.217s] -- Installing: /home/ashu/workspace/Obstacle-Avoidance/ros2_driver/install/serial/share/serial/package.dsv
[0.217s] -- Up-to-date: /home/ashu/workspace/Obstacle-Avoidance/ros2_driver/install/serial/share/ament_index/resource_index/packages/serial
[0.217s] -- Up-to-date: /home/ashu/workspace/Obstacle-Avoidance/ros2_driver/install/serial/share/serial/cmake/ament_cmake_export_include_directories-extras.cmake
[0.217s] -- Up-to-date: /home/ashu/workspace/Obstacle-Avoidance/ros2_driver/install/serial/share/serial/cmake/ament_cmake_export_libraries-extras.cmake
[0.217s] -- Up-to-date: /home/ashu/workspace/Obstacle-Avoidance/ros2_driver/install/serial/share/serial/cmake/serialConfig.cmake
[0.217s] -- Up-to-date: /home/ashu/workspace/Obstacle-Avoidance/ros2_driver/install/serial/share/serial/cmake/serialConfig-version.cmake
[0.217s] -- Up-to-date: /home/ashu/workspace/Obstacle-Avoidance/ros2_driver/install/serial/share/serial/package.xml
[0.218s] Invoked command in '/home/ashu/workspace/Obstacle-Avoidance/ros2_driver/build/serial' returned '0': CMAKE_PREFIX_PATH=/opt/ros/humble /usr/bin/cmake --install /home/ashu/workspace/Obstacle-Avoidance/ros2_driver/build/serial
