[1.014s] DEBUG:colcon:Command line arguments: ['/usr/bin/colcon', 'build']
[1.014s] DEBUG:colcon:Parsed command line arguments: Namespace(log_base=None, log_level=None, verb_name='build', build_base='build', install_base='install', merge_install=False, symlink_install=False, test_result_base=None, continue_on_error=False, executor='parallel', parallel_workers=12, event_handlers=None, ignore_user_meta=False, metas=['./colcon.meta'], base_paths=['.'], packages_ignore=None, packages_ignore_regex=None, paths=None, packages_up_to=None, packages_up_to_regex=None, packages_above=None, packages_above_and_dependencies=None, packages_above_depth=None, packages_select_by_dep=None, packages_skip_by_dep=None, packages_skip_up_to=None, packages_select_build_failed=False, packages_skip_build_finished=False, packages_select_test_failures=False, packages_skip_test_passed=False, packages_select=None, packages_skip=None, packages_select_regex=None, packages_skip_regex=None, packages_start=None, packages_end=None, allow_overriding=[], cmake_args=None, cmake_target=None, cmake_target_skip_unavailable=False, cmake_clean_cache=False, cmake_clean_first=False, cmake_force_configure=False, ament_cmake_args=None, catkin_cmake_args=None, catkin_skip_building_tests=False, verb_parser=<colcon_defaults.argument_parser.defaults.DefaultArgumentsDecorator object at 0x7f8ed8d1d4b0>, verb_extension=<colcon_core.verb.build.BuildVerb object at 0x7f8ed97435b0>, main=<bound method BuildVerb.main of <colcon_core.verb.build.BuildVerb object at 0x7f8ed97435b0>>)
[1.060s] Level 1:colcon.colcon_core.package_discovery:discover_packages(colcon_meta) check parameters
[1.060s] Level 1:colcon.colcon_core.package_discovery:discover_packages(recursive) check parameters
[1.060s] Level 1:colcon.colcon_core.package_discovery:discover_packages(ignore) check parameters
[1.060s] Level 1:colcon.colcon_core.package_discovery:discover_packages(path) check parameters
[1.060s] Level 1:colcon.colcon_core.package_discovery:discover_packages(colcon_meta) discover
[1.060s] Level 1:colcon.colcon_core.package_discovery:discover_packages(recursive) discover
[1.060s] INFO:colcon.colcon_core.package_discovery:Crawling recursively for packages in '/home/ashu/workspace/Obstacle-Avoidance/ros2_driver'
[1.060s] Level 1:colcon.colcon_core.package_identification:_identify(.) by extensions ['ignore', 'ignore_ament_install']
[1.060s] Level 1:colcon.colcon_core.package_identification:_identify(.) by extension 'ignore'
[1.060s] Level 1:colcon.colcon_core.package_identification:_identify(.) by extension 'ignore_ament_install'
[1.061s] Level 1:colcon.colcon_core.package_identification:_identify(.) by extensions ['colcon_pkg']
[1.061s] Level 1:colcon.colcon_core.package_identification:_identify(.) by extension 'colcon_pkg'
[1.061s] Level 1:colcon.colcon_core.package_identification:_identify(.) by extensions ['colcon_meta']
[1.061s] Level 1:colcon.colcon_core.package_identification:_identify(.) by extension 'colcon_meta'
[1.061s] Level 1:colcon.colcon_core.package_identification:_identify(.) by extensions ['ros']
[1.061s] Level 1:colcon.colcon_core.package_identification:_identify(.) by extension 'ros'
[1.071s] Level 1:colcon.colcon_core.package_identification:_identify(.) by extensions ['cmake', 'python']
[1.071s] Level 1:colcon.colcon_core.package_identification:_identify(.) by extension 'cmake'
[1.071s] Level 1:colcon.colcon_core.package_identification:_identify(.) by extension 'python'
[1.071s] Level 1:colcon.colcon_core.package_identification:_identify(.) by extensions ['python_setup_py']
[1.071s] Level 1:colcon.colcon_core.package_identification:_identify(.) by extension 'python_setup_py'
[1.071s] Level 1:colcon.colcon_core.package_identification:_identify(build) by extensions ['ignore', 'ignore_ament_install']
[1.071s] Level 1:colcon.colcon_core.package_identification:_identify(build) by extension 'ignore'
[1.071s] Level 1:colcon.colcon_core.package_identification:_identify(build) ignored
[1.071s] Level 1:colcon.colcon_core.package_identification:_identify(install) by extensions ['ignore', 'ignore_ament_install']
[1.071s] Level 1:colcon.colcon_core.package_identification:_identify(install) by extension 'ignore'
[1.071s] Level 1:colcon.colcon_core.package_identification:_identify(install) ignored
[1.072s] Level 1:colcon.colcon_core.package_identification:_identify(log) by extensions ['ignore', 'ignore_ament_install']
[1.072s] Level 1:colcon.colcon_core.package_identification:_identify(log) by extension 'ignore'
[1.072s] Level 1:colcon.colcon_core.package_identification:_identify(log) ignored
[1.072s] Level 1:colcon.colcon_core.package_identification:_identify(src) by extensions ['ignore', 'ignore_ament_install']
[1.072s] Level 1:colcon.colcon_core.package_identification:_identify(src) by extension 'ignore'
[1.072s] Level 1:colcon.colcon_core.package_identification:_identify(src) by extension 'ignore_ament_install'
[1.072s] Level 1:colcon.colcon_core.package_identification:_identify(src) by extensions ['colcon_pkg']
[1.072s] Level 1:colcon.colcon_core.package_identification:_identify(src) by extension 'colcon_pkg'
[1.072s] Level 1:colcon.colcon_core.package_identification:_identify(src) by extensions ['colcon_meta']
[1.072s] Level 1:colcon.colcon_core.package_identification:_identify(src) by extension 'colcon_meta'
[1.072s] Level 1:colcon.colcon_core.package_identification:_identify(src) by extensions ['ros']
[1.072s] Level 1:colcon.colcon_core.package_identification:_identify(src) by extension 'ros'
[1.072s] Level 1:colcon.colcon_core.package_identification:_identify(src) by extensions ['cmake', 'python']
[1.072s] Level 1:colcon.colcon_core.package_identification:_identify(src) by extension 'cmake'
[1.072s] Level 1:colcon.colcon_core.package_identification:_identify(src) by extension 'python'
[1.072s] Level 1:colcon.colcon_core.package_identification:_identify(src) by extensions ['python_setup_py']
[1.072s] Level 1:colcon.colcon_core.package_identification:_identify(src) by extension 'python_setup_py'
[1.072s] Level 1:colcon.colcon_core.package_identification:_identify(src/serial-ros2-master) by extensions ['ignore', 'ignore_ament_install']
[1.072s] Level 1:colcon.colcon_core.package_identification:_identify(src/serial-ros2-master) by extension 'ignore'
[1.073s] Level 1:colcon.colcon_core.package_identification:_identify(src/serial-ros2-master) by extension 'ignore_ament_install'
[1.073s] Level 1:colcon.colcon_core.package_identification:_identify(src/serial-ros2-master) by extensions ['colcon_pkg']
[1.073s] Level 1:colcon.colcon_core.package_identification:_identify(src/serial-ros2-master) by extension 'colcon_pkg'
[1.073s] Level 1:colcon.colcon_core.package_identification:_identify(src/serial-ros2-master) by extensions ['colcon_meta']
[1.073s] Level 1:colcon.colcon_core.package_identification:_identify(src/serial-ros2-master) by extension 'colcon_meta'
[1.073s] Level 1:colcon.colcon_core.package_identification:_identify(src/serial-ros2-master) by extensions ['ros']
[1.073s] Level 1:colcon.colcon_core.package_identification:_identify(src/serial-ros2-master) by extension 'ros'
[1.075s] DEBUG:colcon.colcon_core.package_identification:Package 'src/serial-ros2-master' with type 'ros.ament_cmake' and name 'serial'
[1.075s] Level 1:colcon.colcon_core.package_identification:_identify(src/ti_mmwave_rospkg) by extensions ['ignore', 'ignore_ament_install']
[1.075s] Level 1:colcon.colcon_core.package_identification:_identify(src/ti_mmwave_rospkg) by extension 'ignore'
[1.075s] Level 1:colcon.colcon_core.package_identification:_identify(src/ti_mmwave_rospkg) by extension 'ignore_ament_install'
[1.075s] Level 1:colcon.colcon_core.package_identification:_identify(src/ti_mmwave_rospkg) by extensions ['colcon_pkg']
[1.075s] Level 1:colcon.colcon_core.package_identification:_identify(src/ti_mmwave_rospkg) by extension 'colcon_pkg'
[1.075s] Level 1:colcon.colcon_core.package_identification:_identify(src/ti_mmwave_rospkg) by extensions ['colcon_meta']
[1.075s] Level 1:colcon.colcon_core.package_identification:_identify(src/ti_mmwave_rospkg) by extension 'colcon_meta'
[1.075s] Level 1:colcon.colcon_core.package_identification:_identify(src/ti_mmwave_rospkg) by extensions ['ros']
[1.075s] Level 1:colcon.colcon_core.package_identification:_identify(src/ti_mmwave_rospkg) by extension 'ros'
[1.076s] DEBUG:colcon.colcon_core.package_identification:Package 'src/ti_mmwave_rospkg' with type 'ros.ament_cmake' and name 'ti_mmwave_rospkg'
[1.076s] Level 1:colcon.colcon_core.package_identification:_identify(src/ti_mmwave_rospkg_msgs) by extensions ['ignore', 'ignore_ament_install']
[1.076s] Level 1:colcon.colcon_core.package_identification:_identify(src/ti_mmwave_rospkg_msgs) by extension 'ignore'
[1.076s] Level 1:colcon.colcon_core.package_identification:_identify(src/ti_mmwave_rospkg_msgs) by extension 'ignore_ament_install'
[1.076s] Level 1:colcon.colcon_core.package_identification:_identify(src/ti_mmwave_rospkg_msgs) by extensions ['colcon_pkg']
[1.077s] Level 1:colcon.colcon_core.package_identification:_identify(src/ti_mmwave_rospkg_msgs) by extension 'colcon_pkg'
[1.077s] Level 1:colcon.colcon_core.package_identification:_identify(src/ti_mmwave_rospkg_msgs) by extensions ['colcon_meta']
[1.077s] Level 1:colcon.colcon_core.package_identification:_identify(src/ti_mmwave_rospkg_msgs) by extension 'colcon_meta'
[1.077s] Level 1:colcon.colcon_core.package_identification:_identify(src/ti_mmwave_rospkg_msgs) by extensions ['ros']
[1.077s] Level 1:colcon.colcon_core.package_identification:_identify(src/ti_mmwave_rospkg_msgs) by extension 'ros'
[1.077s] DEBUG:colcon.colcon_core.package_identification:Package 'src/ti_mmwave_rospkg_msgs' with type 'ros.ament_cmake' and name 'ti_mmwave_rospkg_msgs'
[1.077s] Level 1:colcon.colcon_core.package_discovery:discover_packages(recursive) using defaults
[1.077s] Level 1:colcon.colcon_core.package_discovery:discover_packages(ignore) discover
[1.077s] Level 1:colcon.colcon_core.package_discovery:discover_packages(ignore) using defaults
[1.077s] Level 1:colcon.colcon_core.package_discovery:discover_packages(path) discover
[1.077s] Level 1:colcon.colcon_core.package_discovery:discover_packages(path) using defaults
[1.170s] Level 1:colcon.colcon_core.package_discovery:discover_packages(prefix_path) check parameters
[1.170s] Level 1:colcon.colcon_core.package_discovery:discover_packages(prefix_path) discover
[1.186s] WARNING:colcon.colcon_ros.prefix_path.ament:The path '/home/ashu/workspace/Obstacle-Avoidance/ros2_driver/install/ti_mmwave_rospkg' in the environment variable AMENT_PREFIX_PATH doesn't exist
[1.186s] WARNING:colcon.colcon_ros.prefix_path.ament:The path '/home/ashu/workspace/Obstacle-Avoidance/ros2_driver/install/ti_mmwave_rospkg_msgs' in the environment variable AMENT_PREFIX_PATH doesn't exist
[1.186s] WARNING:colcon.colcon_ros.prefix_path.ament:The path '/home/ashu/workspace/Obstacle-Avoidance/ros2_driver/install/serial' in the environment variable AMENT_PREFIX_PATH doesn't exist
[1.186s] WARNING:colcon.colcon_ros.prefix_path.catkin:The path '/home/ashu/workspace/Obstacle-Avoidance/ros2_driver/install/ti_mmwave_rospkg' in the environment variable CMAKE_PREFIX_PATH doesn't exist
[1.186s] WARNING:colcon.colcon_ros.prefix_path.catkin:The path '/home/ashu/workspace/Obstacle-Avoidance/ros2_driver/install/ti_mmwave_rospkg_msgs' in the environment variable CMAKE_PREFIX_PATH doesn't exist
[1.186s] WARNING:colcon.colcon_ros.prefix_path.catkin:The path '/home/ashu/workspace/Obstacle-Avoidance/ros2_driver/install/serial' in the environment variable CMAKE_PREFIX_PATH doesn't exist
[1.201s] DEBUG:colcon.colcon_installed_package_information.package_discovery:Found 0 installed packages in /home/ashu/workspace/Obstacle-Avoidance/ros2_driver/install
[1.226s] DEBUG:colcon.colcon_installed_package_information.package_discovery:Found 288 installed packages in /opt/ros/humble
[1.227s] Level 1:colcon.colcon_core.package_discovery:discover_packages(prefix_path) using defaults
[1.318s] Level 5:colcon.colcon_core.verb:set package 'serial' build argument 'cmake_args' from command line to 'None'
[1.319s] Level 5:colcon.colcon_core.verb:set package 'serial' build argument 'cmake_target' from command line to 'None'
[1.319s] Level 5:colcon.colcon_core.verb:set package 'serial' build argument 'cmake_target_skip_unavailable' from command line to 'False'
[1.319s] Level 5:colcon.colcon_core.verb:set package 'serial' build argument 'cmake_clean_cache' from command line to 'False'
[1.319s] Level 5:colcon.colcon_core.verb:set package 'serial' build argument 'cmake_clean_first' from command line to 'False'
[1.319s] Level 5:colcon.colcon_core.verb:set package 'serial' build argument 'cmake_force_configure' from command line to 'False'
[1.319s] Level 5:colcon.colcon_core.verb:set package 'serial' build argument 'ament_cmake_args' from command line to 'None'
[1.319s] Level 5:colcon.colcon_core.verb:set package 'serial' build argument 'catkin_cmake_args' from command line to 'None'
[1.319s] Level 5:colcon.colcon_core.verb:set package 'serial' build argument 'catkin_skip_building_tests' from command line to 'False'
[1.319s] DEBUG:colcon.colcon_core.verb:Building package 'serial' with the following arguments: {'ament_cmake_args': None, 'build_base': '/home/ashu/workspace/Obstacle-Avoidance/ros2_driver/build/serial', 'catkin_cmake_args': None, 'catkin_skip_building_tests': False, 'cmake_args': None, 'cmake_clean_cache': False, 'cmake_clean_first': False, 'cmake_force_configure': False, 'cmake_target': None, 'cmake_target_skip_unavailable': False, 'install_base': '/home/ashu/workspace/Obstacle-Avoidance/ros2_driver/install/serial', 'merge_install': False, 'path': '/home/ashu/workspace/Obstacle-Avoidance/ros2_driver/src/serial-ros2-master', 'symlink_install': False, 'test_result_base': None}
[1.334s] Level 5:colcon.colcon_core.verb:set package 'ti_mmwave_rospkg_msgs' build argument 'cmake_args' from command line to 'None'
[1.334s] Level 5:colcon.colcon_core.verb:set package 'ti_mmwave_rospkg_msgs' build argument 'cmake_target' from command line to 'None'
[1.334s] Level 5:colcon.colcon_core.verb:set package 'ti_mmwave_rospkg_msgs' build argument 'cmake_target_skip_unavailable' from command line to 'False'
[1.334s] Level 5:colcon.colcon_core.verb:set package 'ti_mmwave_rospkg_msgs' build argument 'cmake_clean_cache' from command line to 'False'
[1.334s] Level 5:colcon.colcon_core.verb:set package 'ti_mmwave_rospkg_msgs' build argument 'cmake_clean_first' from command line to 'False'
[1.334s] Level 5:colcon.colcon_core.verb:set package 'ti_mmwave_rospkg_msgs' build argument 'cmake_force_configure' from command line to 'False'
[1.334s] Level 5:colcon.colcon_core.verb:set package 'ti_mmwave_rospkg_msgs' build argument 'ament_cmake_args' from command line to 'None'
[1.334s] Level 5:colcon.colcon_core.verb:set package 'ti_mmwave_rospkg_msgs' build argument 'catkin_cmake_args' from command line to 'None'
[1.334s] Level 5:colcon.colcon_core.verb:set package 'ti_mmwave_rospkg_msgs' build argument 'catkin_skip_building_tests' from command line to 'False'
[1.334s] DEBUG:colcon.colcon_core.verb:Building package 'ti_mmwave_rospkg_msgs' with the following arguments: {'ament_cmake_args': None, 'build_base': '/home/ashu/workspace/Obstacle-Avoidance/ros2_driver/build/ti_mmwave_rospkg_msgs', 'catkin_cmake_args': None, 'catkin_skip_building_tests': False, 'cmake_args': None, 'cmake_clean_cache': False, 'cmake_clean_first': False, 'cmake_force_configure': False, 'cmake_target': None, 'cmake_target_skip_unavailable': False, 'install_base': '/home/ashu/workspace/Obstacle-Avoidance/ros2_driver/install/ti_mmwave_rospkg_msgs', 'merge_install': False, 'path': '/home/ashu/workspace/Obstacle-Avoidance/ros2_driver/src/ti_mmwave_rospkg_msgs', 'symlink_install': False, 'test_result_base': None}
[1.349s] Level 5:colcon.colcon_core.verb:set package 'ti_mmwave_rospkg' build argument 'cmake_args' from command line to 'None'
[1.349s] Level 5:colcon.colcon_core.verb:set package 'ti_mmwave_rospkg' build argument 'cmake_target' from command line to 'None'
[1.349s] Level 5:colcon.colcon_core.verb:set package 'ti_mmwave_rospkg' build argument 'cmake_target_skip_unavailable' from command line to 'False'
[1.349s] Level 5:colcon.colcon_core.verb:set package 'ti_mmwave_rospkg' build argument 'cmake_clean_cache' from command line to 'False'
[1.349s] Level 5:colcon.colcon_core.verb:set package 'ti_mmwave_rospkg' build argument 'cmake_clean_first' from command line to 'False'
[1.349s] Level 5:colcon.colcon_core.verb:set package 'ti_mmwave_rospkg' build argument 'cmake_force_configure' from command line to 'False'
[1.349s] Level 5:colcon.colcon_core.verb:set package 'ti_mmwave_rospkg' build argument 'ament_cmake_args' from command line to 'None'
[1.349s] Level 5:colcon.colcon_core.verb:set package 'ti_mmwave_rospkg' build argument 'catkin_cmake_args' from command line to 'None'
[1.349s] Level 5:colcon.colcon_core.verb:set package 'ti_mmwave_rospkg' build argument 'catkin_skip_building_tests' from command line to 'False'
[1.349s] DEBUG:colcon.colcon_core.verb:Building package 'ti_mmwave_rospkg' with the following arguments: {'ament_cmake_args': None, 'build_base': '/home/ashu/workspace/Obstacle-Avoidance/ros2_driver/build/ti_mmwave_rospkg', 'catkin_cmake_args': None, 'catkin_skip_building_tests': False, 'cmake_args': None, 'cmake_clean_cache': False, 'cmake_clean_first': False, 'cmake_force_configure': False, 'cmake_target': None, 'cmake_target_skip_unavailable': False, 'install_base': '/home/ashu/workspace/Obstacle-Avoidance/ros2_driver/install/ti_mmwave_rospkg', 'merge_install': False, 'path': '/home/ashu/workspace/Obstacle-Avoidance/ros2_driver/src/ti_mmwave_rospkg', 'symlink_install': False, 'test_result_base': None}
[1.364s] INFO:colcon.colcon_core.executor:Executing jobs using 'parallel' executor
[1.380s] DEBUG:colcon.colcon_parallel_executor.executor.parallel:run_until_complete
[1.380s] INFO:colcon.colcon_ros.task.ament_cmake.build:Building ROS package in '/home/ashu/workspace/Obstacle-Avoidance/ros2_driver/src/serial-ros2-master' with build type 'ament_cmake'
[1.380s] INFO:colcon.colcon_cmake.task.cmake.build:Building CMake package in '/home/ashu/workspace/Obstacle-Avoidance/ros2_driver/src/serial-ros2-master'
[1.397s] INFO:colcon.colcon_core.plugin_system:Skipping extension 'colcon_core.shell.bat': Not used on non-Windows systems
[1.397s] INFO:colcon.colcon_core.shell:Skip shell extension 'powershell' for command environment: Not usable outside of PowerShell
[1.397s] DEBUG:colcon.colcon_core.shell:Skip shell extension 'dsv' for command environment
[1.451s] INFO:colcon.colcon_ros.task.ament_cmake.build:Building ROS package in '/home/ashu/workspace/Obstacle-Avoidance/ros2_driver/src/ti_mmwave_rospkg_msgs' with build type 'ament_cmake'
[1.451s] INFO:colcon.colcon_cmake.task.cmake.build:Building CMake package in '/home/ashu/workspace/Obstacle-Avoidance/ros2_driver/src/ti_mmwave_rospkg_msgs'
[1.467s] INFO:colcon.colcon_core.shell:Skip shell extension 'powershell' for command environment: Not usable outside of PowerShell
[1.467s] DEBUG:colcon.colcon_core.shell:Skip shell extension 'dsv' for command environment
[1.519s] DEBUG:colcon.colcon_core.event_handler.log_command:Invoking command in '/home/ashu/workspace/Obstacle-Avoidance/ros2_driver/build/serial': CMAKE_PREFIX_PATH=${CMAKE_PREFIX_PATH}:/opt/ros/humble /usr/bin/cmake /home/ashu/workspace/Obstacle-Avoidance/ros2_driver/src/serial-ros2-master -DCMAKE_INSTALL_PREFIX=/home/ashu/workspace/Obstacle-Avoidance/ros2_driver/install/serial
[1.521s] DEBUG:colcon.colcon_core.event_handler.log_command:Invoking command in '/home/ashu/workspace/Obstacle-Avoidance/ros2_driver/build/ti_mmwave_rospkg_msgs': CMAKE_PREFIX_PATH=${CMAKE_PREFIX_PATH}:/opt/ros/humble /usr/bin/cmake /home/ashu/workspace/Obstacle-Avoidance/ros2_driver/src/ti_mmwave_rospkg_msgs -DCMAKE_INSTALL_PREFIX=/home/ashu/workspace/Obstacle-Avoidance/ros2_driver/install/ti_mmwave_rospkg_msgs
[2.126s] DEBUG:colcon.colcon_core.event_handler.log_command:Invoked command in '/home/ashu/workspace/Obstacle-Avoidance/ros2_driver/build/serial' returned '0': CMAKE_PREFIX_PATH=${CMAKE_PREFIX_PATH}:/opt/ros/humble /usr/bin/cmake /home/ashu/workspace/Obstacle-Avoidance/ros2_driver/src/serial-ros2-master -DCMAKE_INSTALL_PREFIX=/home/ashu/workspace/Obstacle-Avoidance/ros2_driver/install/serial
[2.128s] DEBUG:colcon.colcon_core.event_handler.log_command:Invoking command in '/home/ashu/workspace/Obstacle-Avoidance/ros2_driver/build/serial': CMAKE_PREFIX_PATH=${CMAKE_PREFIX_PATH}:/opt/ros/humble /usr/bin/cmake --build /home/ashu/workspace/Obstacle-Avoidance/ros2_driver/build/serial -- -j12 -l12
[2.879s] DEBUG:colcon.colcon_core.event_handler.log_command:Invoked command in '/home/ashu/workspace/Obstacle-Avoidance/ros2_driver/build/serial' returned '0': CMAKE_PREFIX_PATH=${CMAKE_PREFIX_PATH}:/opt/ros/humble /usr/bin/cmake --build /home/ashu/workspace/Obstacle-Avoidance/ros2_driver/build/serial -- -j12 -l12
[2.920s] DEBUG:colcon.colcon_core.event_handler.log_command:Invoking command in '/home/ashu/workspace/Obstacle-Avoidance/ros2_driver/build/serial': CMAKE_PREFIX_PATH=${CMAKE_PREFIX_PATH}:/opt/ros/humble /usr/bin/cmake --install /home/ashu/workspace/Obstacle-Avoidance/ros2_driver/build/serial
[2.932s] Level 1:colcon.colcon_core.environment:create_environment_scripts_only(serial)
[2.932s] DEBUG:colcon.colcon_core.event_handler.log_command:Invoked command in '/home/ashu/workspace/Obstacle-Avoidance/ros2_driver/build/serial' returned '0': CMAKE_PREFIX_PATH=${CMAKE_PREFIX_PATH}:/opt/ros/humble /usr/bin/cmake --install /home/ashu/workspace/Obstacle-Avoidance/ros2_driver/build/serial
[2.949s] Level 1:colcon.colcon_core.environment:checking '/home/ashu/workspace/Obstacle-Avoidance/ros2_driver/install/serial' for CMake module files
[2.949s] Level 1:colcon.colcon_core.environment:checking '/home/ashu/workspace/Obstacle-Avoidance/ros2_driver/install/serial' for CMake config files
[2.950s] Level 1:colcon.colcon_core.shell:create_environment_hook('serial', 'cmake_prefix_path')
[2.967s] INFO:colcon.colcon_core.shell:Creating environment hook '/home/ashu/workspace/Obstacle-Avoidance/ros2_driver/install/serial/share/serial/hook/cmake_prefix_path.ps1'
[2.967s] INFO:colcon.colcon_core.shell:Creating environment descriptor '/home/ashu/workspace/Obstacle-Avoidance/ros2_driver/install/serial/share/serial/hook/cmake_prefix_path.dsv'
[2.968s] INFO:colcon.colcon_core.shell:Creating environment hook '/home/ashu/workspace/Obstacle-Avoidance/ros2_driver/install/serial/share/serial/hook/cmake_prefix_path.sh'
[2.968s] Level 1:colcon.colcon_core.environment:checking '/home/ashu/workspace/Obstacle-Avoidance/ros2_driver/install/serial/lib'
[2.969s] Level 1:colcon.colcon_core.shell:create_environment_hook('serial', 'ld_library_path_lib')
[2.986s] INFO:colcon.colcon_core.shell:Creating environment hook '/home/ashu/workspace/Obstacle-Avoidance/ros2_driver/install/serial/share/serial/hook/ld_library_path_lib.ps1'
[2.987s] INFO:colcon.colcon_core.shell:Creating environment descriptor '/home/ashu/workspace/Obstacle-Avoidance/ros2_driver/install/serial/share/serial/hook/ld_library_path_lib.dsv'
[2.987s] INFO:colcon.colcon_core.shell:Creating environment hook '/home/ashu/workspace/Obstacle-Avoidance/ros2_driver/install/serial/share/serial/hook/ld_library_path_lib.sh'
[2.987s] Level 1:colcon.colcon_core.environment:checking '/home/ashu/workspace/Obstacle-Avoidance/ros2_driver/install/serial/bin'
[2.987s] Level 1:colcon.colcon_core.environment:checking '/home/ashu/workspace/Obstacle-Avoidance/ros2_driver/install/serial/lib/pkgconfig/serial.pc'
[2.988s] Level 1:colcon.colcon_core.environment:checking '/home/ashu/workspace/Obstacle-Avoidance/ros2_driver/install/serial/lib/python3.10/site-packages'
[2.988s] Level 1:colcon.colcon_core.environment:checking '/home/ashu/workspace/Obstacle-Avoidance/ros2_driver/install/serial/bin'
[3.007s] INFO:colcon.colcon_core.shell:Creating package script '/home/ashu/workspace/Obstacle-Avoidance/ros2_driver/install/serial/share/serial/package.ps1'
[3.008s] INFO:colcon.colcon_core.shell:Creating package descriptor '/home/ashu/workspace/Obstacle-Avoidance/ros2_driver/install/serial/share/serial/package.dsv'
[3.008s] INFO:colcon.colcon_core.shell:Creating package script '/home/ashu/workspace/Obstacle-Avoidance/ros2_driver/install/serial/share/serial/package.sh'
[3.009s] INFO:colcon.colcon_core.shell:Creating package script '/home/ashu/workspace/Obstacle-Avoidance/ros2_driver/install/serial/share/serial/package.bash'
[3.010s] INFO:colcon.colcon_core.shell:Creating package script '/home/ashu/workspace/Obstacle-Avoidance/ros2_driver/install/serial/share/serial/package.zsh'
[3.011s] Level 1:colcon.colcon_core.environment:create_file_with_runtime_dependencies(/home/ashu/workspace/Obstacle-Avoidance/ros2_driver/install/serial/share/colcon-core/packages/serial)
[3.059s] Level 1:colcon.colcon_core.environment:create_environment_scripts_only(serial)
[3.076s] Level 1:colcon.colcon_core.environment:checking '/home/ashu/workspace/Obstacle-Avoidance/ros2_driver/install/serial' for CMake module files
[3.076s] Level 1:colcon.colcon_core.environment:checking '/home/ashu/workspace/Obstacle-Avoidance/ros2_driver/install/serial' for CMake config files
[3.076s] Level 1:colcon.colcon_core.shell:create_environment_hook('serial', 'cmake_prefix_path')
[3.095s] INFO:colcon.colcon_core.shell:Creating environment hook '/home/ashu/workspace/Obstacle-Avoidance/ros2_driver/install/serial/share/serial/hook/cmake_prefix_path.ps1'
[3.095s] INFO:colcon.colcon_core.shell:Creating environment descriptor '/home/ashu/workspace/Obstacle-Avoidance/ros2_driver/install/serial/share/serial/hook/cmake_prefix_path.dsv'
[3.095s] INFO:colcon.colcon_core.shell:Creating environment hook '/home/ashu/workspace/Obstacle-Avoidance/ros2_driver/install/serial/share/serial/hook/cmake_prefix_path.sh'
[3.096s] Level 1:colcon.colcon_core.environment:checking '/home/ashu/workspace/Obstacle-Avoidance/ros2_driver/install/serial/lib'
[3.096s] Level 1:colcon.colcon_core.shell:create_environment_hook('serial', 'ld_library_path_lib')
[3.114s] INFO:colcon.colcon_core.shell:Creating environment hook '/home/ashu/workspace/Obstacle-Avoidance/ros2_driver/install/serial/share/serial/hook/ld_library_path_lib.ps1'
[3.114s] INFO:colcon.colcon_core.shell:Creating environment descriptor '/home/ashu/workspace/Obstacle-Avoidance/ros2_driver/install/serial/share/serial/hook/ld_library_path_lib.dsv'
[3.115s] INFO:colcon.colcon_core.shell:Creating environment hook '/home/ashu/workspace/Obstacle-Avoidance/ros2_driver/install/serial/share/serial/hook/ld_library_path_lib.sh'
[3.115s] Level 1:colcon.colcon_core.environment:checking '/home/ashu/workspace/Obstacle-Avoidance/ros2_driver/install/serial/bin'
[3.115s] Level 1:colcon.colcon_core.environment:checking '/home/ashu/workspace/Obstacle-Avoidance/ros2_driver/install/serial/lib/pkgconfig/serial.pc'
[3.116s] Level 1:colcon.colcon_core.environment:checking '/home/ashu/workspace/Obstacle-Avoidance/ros2_driver/install/serial/lib/python3.10/site-packages'
[3.116s] Level 1:colcon.colcon_core.environment:checking '/home/ashu/workspace/Obstacle-Avoidance/ros2_driver/install/serial/bin'
[3.135s] INFO:colcon.colcon_core.shell:Creating package script '/home/ashu/workspace/Obstacle-Avoidance/ros2_driver/install/serial/share/serial/package.ps1'
[3.136s] INFO:colcon.colcon_core.shell:Creating package descriptor '/home/ashu/workspace/Obstacle-Avoidance/ros2_driver/install/serial/share/serial/package.dsv'
[3.136s] INFO:colcon.colcon_core.shell:Creating package script '/home/ashu/workspace/Obstacle-Avoidance/ros2_driver/install/serial/share/serial/package.sh'
[3.137s] INFO:colcon.colcon_core.shell:Creating package script '/home/ashu/workspace/Obstacle-Avoidance/ros2_driver/install/serial/share/serial/package.bash'
[3.137s] INFO:colcon.colcon_core.shell:Creating package script '/home/ashu/workspace/Obstacle-Avoidance/ros2_driver/install/serial/share/serial/package.zsh'
[3.138s] Level 1:colcon.colcon_core.environment:create_file_with_runtime_dependencies(/home/ashu/workspace/Obstacle-Avoidance/ros2_driver/install/serial/share/colcon-core/packages/serial)
[3.686s] DEBUG:colcon.colcon_core.event_handler.log_command:Invoked command in '/home/ashu/workspace/Obstacle-Avoidance/ros2_driver/build/ti_mmwave_rospkg_msgs' returned '0': CMAKE_PREFIX_PATH=${CMAKE_PREFIX_PATH}:/opt/ros/humble /usr/bin/cmake /home/ashu/workspace/Obstacle-Avoidance/ros2_driver/src/ti_mmwave_rospkg_msgs -DCMAKE_INSTALL_PREFIX=/home/ashu/workspace/Obstacle-Avoidance/ros2_driver/install/ti_mmwave_rospkg_msgs
[3.688s] DEBUG:colcon.colcon_core.event_handler.log_command:Invoking command in '/home/ashu/workspace/Obstacle-Avoidance/ros2_driver/build/ti_mmwave_rospkg_msgs': CMAKE_PREFIX_PATH=${CMAKE_PREFIX_PATH}:/opt/ros/humble /usr/bin/cmake --build /home/ashu/workspace/Obstacle-Avoidance/ros2_driver/build/ti_mmwave_rospkg_msgs -- -j12 -l12
[8.232s] DEBUG:colcon.colcon_core.event_handler.log_command:Invoked command in '/home/ashu/workspace/Obstacle-Avoidance/ros2_driver/build/ti_mmwave_rospkg_msgs' returned '0': CMAKE_PREFIX_PATH=${CMAKE_PREFIX_PATH}:/opt/ros/humble /usr/bin/cmake --build /home/ashu/workspace/Obstacle-Avoidance/ros2_driver/build/ti_mmwave_rospkg_msgs -- -j12 -l12
[8.579s] DEBUG:colcon.colcon_core.event_handler.log_command:Invoking command in '/home/ashu/workspace/Obstacle-Avoidance/ros2_driver/build/ti_mmwave_rospkg_msgs': CMAKE_PREFIX_PATH=${CMAKE_PREFIX_PATH}:/opt/ros/humble /usr/bin/cmake --install /home/ashu/workspace/Obstacle-Avoidance/ros2_driver/build/ti_mmwave_rospkg_msgs
[8.677s] Level 1:colcon.colcon_core.environment:create_environment_scripts_only(ti_mmwave_rospkg_msgs)
[8.678s] DEBUG:colcon.colcon_core.event_handler.log_command:Invoked command in '/home/ashu/workspace/Obstacle-Avoidance/ros2_driver/build/ti_mmwave_rospkg_msgs' returned '0': CMAKE_PREFIX_PATH=${CMAKE_PREFIX_PATH}:/opt/ros/humble /usr/bin/cmake --install /home/ashu/workspace/Obstacle-Avoidance/ros2_driver/build/ti_mmwave_rospkg_msgs
[8.693s] Level 1:colcon.colcon_core.environment:checking '/home/ashu/workspace/Obstacle-Avoidance/ros2_driver/install/ti_mmwave_rospkg_msgs' for CMake module files
[8.694s] Level 1:colcon.colcon_core.environment:checking '/home/ashu/workspace/Obstacle-Avoidance/ros2_driver/install/ti_mmwave_rospkg_msgs' for CMake config files
[8.694s] Level 1:colcon.colcon_core.shell:create_environment_hook('ti_mmwave_rospkg_msgs', 'cmake_prefix_path')
[8.709s] INFO:colcon.colcon_core.shell:Creating environment hook '/home/ashu/workspace/Obstacle-Avoidance/ros2_driver/install/ti_mmwave_rospkg_msgs/share/ti_mmwave_rospkg_msgs/hook/cmake_prefix_path.ps1'
[8.710s] INFO:colcon.colcon_core.shell:Creating environment descriptor '/home/ashu/workspace/Obstacle-Avoidance/ros2_driver/install/ti_mmwave_rospkg_msgs/share/ti_mmwave_rospkg_msgs/hook/cmake_prefix_path.dsv'
[8.710s] INFO:colcon.colcon_core.shell:Creating environment hook '/home/ashu/workspace/Obstacle-Avoidance/ros2_driver/install/ti_mmwave_rospkg_msgs/share/ti_mmwave_rospkg_msgs/hook/cmake_prefix_path.sh'
[8.711s] Level 1:colcon.colcon_core.environment:checking '/home/ashu/workspace/Obstacle-Avoidance/ros2_driver/install/ti_mmwave_rospkg_msgs/lib'
[8.711s] Level 1:colcon.colcon_core.shell:create_environment_hook('ti_mmwave_rospkg_msgs', 'ld_library_path_lib')
[8.726s] INFO:colcon.colcon_core.shell:Creating environment hook '/home/ashu/workspace/Obstacle-Avoidance/ros2_driver/install/ti_mmwave_rospkg_msgs/share/ti_mmwave_rospkg_msgs/hook/ld_library_path_lib.ps1'
[8.726s] INFO:colcon.colcon_core.shell:Creating environment descriptor '/home/ashu/workspace/Obstacle-Avoidance/ros2_driver/install/ti_mmwave_rospkg_msgs/share/ti_mmwave_rospkg_msgs/hook/ld_library_path_lib.dsv'
[8.726s] INFO:colcon.colcon_core.shell:Creating environment hook '/home/ashu/workspace/Obstacle-Avoidance/ros2_driver/install/ti_mmwave_rospkg_msgs/share/ti_mmwave_rospkg_msgs/hook/ld_library_path_lib.sh'
[8.726s] Level 1:colcon.colcon_core.environment:checking '/home/ashu/workspace/Obstacle-Avoidance/ros2_driver/install/ti_mmwave_rospkg_msgs/bin'
[8.727s] Level 1:colcon.colcon_core.environment:checking '/home/ashu/workspace/Obstacle-Avoidance/ros2_driver/install/ti_mmwave_rospkg_msgs/lib/pkgconfig/ti_mmwave_rospkg_msgs.pc'
[8.727s] Level 1:colcon.colcon_core.environment:checking '/home/ashu/workspace/Obstacle-Avoidance/ros2_driver/install/ti_mmwave_rospkg_msgs/lib/python3.10/site-packages'
[8.727s] Level 1:colcon.colcon_core.environment:checking '/home/ashu/workspace/Obstacle-Avoidance/ros2_driver/install/ti_mmwave_rospkg_msgs/bin'
[8.742s] INFO:colcon.colcon_core.shell:Creating package script '/home/ashu/workspace/Obstacle-Avoidance/ros2_driver/install/ti_mmwave_rospkg_msgs/share/ti_mmwave_rospkg_msgs/package.ps1'
[8.742s] INFO:colcon.colcon_core.shell:Creating package descriptor '/home/ashu/workspace/Obstacle-Avoidance/ros2_driver/install/ti_mmwave_rospkg_msgs/share/ti_mmwave_rospkg_msgs/package.dsv'
[8.743s] INFO:colcon.colcon_core.shell:Creating package script '/home/ashu/workspace/Obstacle-Avoidance/ros2_driver/install/ti_mmwave_rospkg_msgs/share/ti_mmwave_rospkg_msgs/package.sh'
[8.743s] INFO:colcon.colcon_core.shell:Creating package script '/home/ashu/workspace/Obstacle-Avoidance/ros2_driver/install/ti_mmwave_rospkg_msgs/share/ti_mmwave_rospkg_msgs/package.bash'
[8.743s] INFO:colcon.colcon_core.shell:Creating package script '/home/ashu/workspace/Obstacle-Avoidance/ros2_driver/install/ti_mmwave_rospkg_msgs/share/ti_mmwave_rospkg_msgs/package.zsh'
[8.744s] Level 1:colcon.colcon_core.environment:create_file_with_runtime_dependencies(/home/ashu/workspace/Obstacle-Avoidance/ros2_driver/install/ti_mmwave_rospkg_msgs/share/colcon-core/packages/ti_mmwave_rospkg_msgs)
[9.041s] Level 1:colcon.colcon_core.environment:create_environment_scripts_only(ti_mmwave_rospkg_msgs)
[9.061s] Level 1:colcon.colcon_core.environment:checking '/home/ashu/workspace/Obstacle-Avoidance/ros2_driver/install/ti_mmwave_rospkg_msgs' for CMake module files
[9.061s] Level 1:colcon.colcon_core.environment:checking '/home/ashu/workspace/Obstacle-Avoidance/ros2_driver/install/ti_mmwave_rospkg_msgs' for CMake config files
[9.062s] Level 1:colcon.colcon_core.shell:create_environment_hook('ti_mmwave_rospkg_msgs', 'cmake_prefix_path')
[9.077s] INFO:colcon.colcon_core.shell:Creating environment hook '/home/ashu/workspace/Obstacle-Avoidance/ros2_driver/install/ti_mmwave_rospkg_msgs/share/ti_mmwave_rospkg_msgs/hook/cmake_prefix_path.ps1'
[9.077s] INFO:colcon.colcon_core.shell:Creating environment descriptor '/home/ashu/workspace/Obstacle-Avoidance/ros2_driver/install/ti_mmwave_rospkg_msgs/share/ti_mmwave_rospkg_msgs/hook/cmake_prefix_path.dsv'
[9.078s] INFO:colcon.colcon_core.shell:Creating environment hook '/home/ashu/workspace/Obstacle-Avoidance/ros2_driver/install/ti_mmwave_rospkg_msgs/share/ti_mmwave_rospkg_msgs/hook/cmake_prefix_path.sh'
[9.078s] Level 1:colcon.colcon_core.environment:checking '/home/ashu/workspace/Obstacle-Avoidance/ros2_driver/install/ti_mmwave_rospkg_msgs/lib'
[9.078s] Level 1:colcon.colcon_core.shell:create_environment_hook('ti_mmwave_rospkg_msgs', 'ld_library_path_lib')
[9.093s] INFO:colcon.colcon_core.shell:Creating environment hook '/home/ashu/workspace/Obstacle-Avoidance/ros2_driver/install/ti_mmwave_rospkg_msgs/share/ti_mmwave_rospkg_msgs/hook/ld_library_path_lib.ps1'
[9.093s] INFO:colcon.colcon_core.shell:Creating environment descriptor '/home/ashu/workspace/Obstacle-Avoidance/ros2_driver/install/ti_mmwave_rospkg_msgs/share/ti_mmwave_rospkg_msgs/hook/ld_library_path_lib.dsv'
[9.094s] INFO:colcon.colcon_core.shell:Creating environment hook '/home/ashu/workspace/Obstacle-Avoidance/ros2_driver/install/ti_mmwave_rospkg_msgs/share/ti_mmwave_rospkg_msgs/hook/ld_library_path_lib.sh'
[9.094s] Level 1:colcon.colcon_core.environment:checking '/home/ashu/workspace/Obstacle-Avoidance/ros2_driver/install/ti_mmwave_rospkg_msgs/bin'
[9.094s] Level 1:colcon.colcon_core.environment:checking '/home/ashu/workspace/Obstacle-Avoidance/ros2_driver/install/ti_mmwave_rospkg_msgs/lib/pkgconfig/ti_mmwave_rospkg_msgs.pc'
[9.094s] Level 1:colcon.colcon_core.environment:checking '/home/ashu/workspace/Obstacle-Avoidance/ros2_driver/install/ti_mmwave_rospkg_msgs/lib/python3.10/site-packages'
[9.094s] Level 1:colcon.colcon_core.environment:checking '/home/ashu/workspace/Obstacle-Avoidance/ros2_driver/install/ti_mmwave_rospkg_msgs/bin'
[9.110s] INFO:colcon.colcon_core.shell:Creating package script '/home/ashu/workspace/Obstacle-Avoidance/ros2_driver/install/ti_mmwave_rospkg_msgs/share/ti_mmwave_rospkg_msgs/package.ps1'
[9.110s] INFO:colcon.colcon_core.shell:Creating package descriptor '/home/ashu/workspace/Obstacle-Avoidance/ros2_driver/install/ti_mmwave_rospkg_msgs/share/ti_mmwave_rospkg_msgs/package.dsv'
[9.111s] INFO:colcon.colcon_core.shell:Creating package script '/home/ashu/workspace/Obstacle-Avoidance/ros2_driver/install/ti_mmwave_rospkg_msgs/share/ti_mmwave_rospkg_msgs/package.sh'
[9.111s] INFO:colcon.colcon_core.shell:Creating package script '/home/ashu/workspace/Obstacle-Avoidance/ros2_driver/install/ti_mmwave_rospkg_msgs/share/ti_mmwave_rospkg_msgs/package.bash'
[9.111s] INFO:colcon.colcon_core.shell:Creating package script '/home/ashu/workspace/Obstacle-Avoidance/ros2_driver/install/ti_mmwave_rospkg_msgs/share/ti_mmwave_rospkg_msgs/package.zsh'
[9.112s] Level 1:colcon.colcon_core.environment:create_file_with_runtime_dependencies(/home/ashu/workspace/Obstacle-Avoidance/ros2_driver/install/ti_mmwave_rospkg_msgs/share/colcon-core/packages/ti_mmwave_rospkg_msgs)
[9.112s] INFO:colcon.colcon_ros.task.ament_cmake.build:Building ROS package in '/home/ashu/workspace/Obstacle-Avoidance/ros2_driver/src/ti_mmwave_rospkg' with build type 'ament_cmake'
[9.112s] INFO:colcon.colcon_cmake.task.cmake.build:Building CMake package in '/home/ashu/workspace/Obstacle-Avoidance/ros2_driver/src/ti_mmwave_rospkg'
[9.128s] INFO:colcon.colcon_core.shell:Skip shell extension 'powershell' for command environment: Not usable outside of PowerShell
[9.128s] DEBUG:colcon.colcon_core.shell:Skip shell extension 'dsv' for command environment
[9.184s] DEBUG:colcon.colcon_core.event_handler.log_command:Invoking command in '/home/ashu/workspace/Obstacle-Avoidance/ros2_driver/build/ti_mmwave_rospkg': CMAKE_PREFIX_PATH=/home/ashu/workspace/Obstacle-Avoidance/ros2_driver/install/ti_mmwave_rospkg_msgs:/home/ashu/workspace/Obstacle-Avoidance/ros2_driver/install/serial:/home/ashu/workspace/Obstacle-Avoidance/ros2_driver/install/ti_mmwave_rospkg:/opt/ros/humble LD_LIBRARY_PATH=/home/ashu/workspace/Obstacle-Avoidance/ros2_driver/install/ti_mmwave_rospkg_msgs/lib:/home/ashu/workspace/Obstacle-Avoidance/ros2_driver/install/serial/lib:/home/ashu/workspace/Obstacle-Avoidance/ros2_driver/install/ti_mmwave_rospkg/lib:/opt/ros/humble/opt/rviz_ogre_vendor/lib:/opt/ros/humble/lib/x86_64-linux-gnu:/opt/ros/humble/lib /usr/bin/cmake /home/ashu/workspace/Obstacle-Avoidance/ros2_driver/src/ti_mmwave_rospkg -DCMAKE_INSTALL_PREFIX=/home/ashu/workspace/Obstacle-Avoidance/ros2_driver/install/ti_mmwave_rospkg
[13.142s] DEBUG:colcon.colcon_core.event_handler.log_command:Invoked command in '/home/ashu/workspace/Obstacle-Avoidance/ros2_driver/build/ti_mmwave_rospkg' returned '0': CMAKE_PREFIX_PATH=/home/ashu/workspace/Obstacle-Avoidance/ros2_driver/install/ti_mmwave_rospkg_msgs:/home/ashu/workspace/Obstacle-Avoidance/ros2_driver/install/serial:/home/ashu/workspace/Obstacle-Avoidance/ros2_driver/install/ti_mmwave_rospkg:/opt/ros/humble LD_LIBRARY_PATH=/home/ashu/workspace/Obstacle-Avoidance/ros2_driver/install/ti_mmwave_rospkg_msgs/lib:/home/ashu/workspace/Obstacle-Avoidance/ros2_driver/install/serial/lib:/home/ashu/workspace/Obstacle-Avoidance/ros2_driver/install/ti_mmwave_rospkg/lib:/opt/ros/humble/opt/rviz_ogre_vendor/lib:/opt/ros/humble/lib/x86_64-linux-gnu:/opt/ros/humble/lib /usr/bin/cmake /home/ashu/workspace/Obstacle-Avoidance/ros2_driver/src/ti_mmwave_rospkg -DCMAKE_INSTALL_PREFIX=/home/ashu/workspace/Obstacle-Avoidance/ros2_driver/install/ti_mmwave_rospkg
[13.144s] DEBUG:colcon.colcon_core.event_handler.log_command:Invoking command in '/home/ashu/workspace/Obstacle-Avoidance/ros2_driver/build/ti_mmwave_rospkg': CMAKE_PREFIX_PATH=/home/ashu/workspace/Obstacle-Avoidance/ros2_driver/install/ti_mmwave_rospkg_msgs:/home/ashu/workspace/Obstacle-Avoidance/ros2_driver/install/serial:/home/ashu/workspace/Obstacle-Avoidance/ros2_driver/install/ti_mmwave_rospkg:/opt/ros/humble LD_LIBRARY_PATH=/home/ashu/workspace/Obstacle-Avoidance/ros2_driver/install/ti_mmwave_rospkg_msgs/lib:/home/ashu/workspace/Obstacle-Avoidance/ros2_driver/install/serial/lib:/home/ashu/workspace/Obstacle-Avoidance/ros2_driver/install/ti_mmwave_rospkg/lib:/opt/ros/humble/opt/rviz_ogre_vendor/lib:/opt/ros/humble/lib/x86_64-linux-gnu:/opt/ros/humble/lib /usr/bin/cmake --build /home/ashu/workspace/Obstacle-Avoidance/ros2_driver/build/ti_mmwave_rospkg -- -j12 -l12
[29.663s] DEBUG:colcon.colcon_core.event_handler.log_command:Invoked command in '/home/ashu/workspace/Obstacle-Avoidance/ros2_driver/build/ti_mmwave_rospkg' returned '0': CMAKE_PREFIX_PATH=/home/ashu/workspace/Obstacle-Avoidance/ros2_driver/install/ti_mmwave_rospkg_msgs:/home/ashu/workspace/Obstacle-Avoidance/ros2_driver/install/serial:/home/ashu/workspace/Obstacle-Avoidance/ros2_driver/install/ti_mmwave_rospkg:/opt/ros/humble LD_LIBRARY_PATH=/home/ashu/workspace/Obstacle-Avoidance/ros2_driver/install/ti_mmwave_rospkg_msgs/lib:/home/ashu/workspace/Obstacle-Avoidance/ros2_driver/install/serial/lib:/home/ashu/workspace/Obstacle-Avoidance/ros2_driver/install/ti_mmwave_rospkg/lib:/opt/ros/humble/opt/rviz_ogre_vendor/lib:/opt/ros/humble/lib/x86_64-linux-gnu:/opt/ros/humble/lib /usr/bin/cmake --build /home/ashu/workspace/Obstacle-Avoidance/ros2_driver/build/ti_mmwave_rospkg -- -j12 -l12
[29.703s] DEBUG:colcon.colcon_core.event_handler.log_command:Invoking command in '/home/ashu/workspace/Obstacle-Avoidance/ros2_driver/build/ti_mmwave_rospkg': CMAKE_PREFIX_PATH=/home/ashu/workspace/Obstacle-Avoidance/ros2_driver/install/ti_mmwave_rospkg_msgs:/home/ashu/workspace/Obstacle-Avoidance/ros2_driver/install/serial:/home/ashu/workspace/Obstacle-Avoidance/ros2_driver/install/ti_mmwave_rospkg:/opt/ros/humble LD_LIBRARY_PATH=/home/ashu/workspace/Obstacle-Avoidance/ros2_driver/install/ti_mmwave_rospkg_msgs/lib:/home/ashu/workspace/Obstacle-Avoidance/ros2_driver/install/serial/lib:/home/ashu/workspace/Obstacle-Avoidance/ros2_driver/install/ti_mmwave_rospkg/lib:/opt/ros/humble/opt/rviz_ogre_vendor/lib:/opt/ros/humble/lib/x86_64-linux-gnu:/opt/ros/humble/lib /usr/bin/cmake --install /home/ashu/workspace/Obstacle-Avoidance/ros2_driver/build/ti_mmwave_rospkg
[29.728s] Level 1:colcon.colcon_core.environment:create_environment_scripts_only(ti_mmwave_rospkg)
[29.728s] DEBUG:colcon.colcon_core.event_handler.log_command:Invoked command in '/home/ashu/workspace/Obstacle-Avoidance/ros2_driver/build/ti_mmwave_rospkg' returned '0': CMAKE_PREFIX_PATH=/home/ashu/workspace/Obstacle-Avoidance/ros2_driver/install/ti_mmwave_rospkg_msgs:/home/ashu/workspace/Obstacle-Avoidance/ros2_driver/install/serial:/home/ashu/workspace/Obstacle-Avoidance/ros2_driver/install/ti_mmwave_rospkg:/opt/ros/humble LD_LIBRARY_PATH=/home/ashu/workspace/Obstacle-Avoidance/ros2_driver/install/ti_mmwave_rospkg_msgs/lib:/home/ashu/workspace/Obstacle-Avoidance/ros2_driver/install/serial/lib:/home/ashu/workspace/Obstacle-Avoidance/ros2_driver/install/ti_mmwave_rospkg/lib:/opt/ros/humble/opt/rviz_ogre_vendor/lib:/opt/ros/humble/lib/x86_64-linux-gnu:/opt/ros/humble/lib /usr/bin/cmake --install /home/ashu/workspace/Obstacle-Avoidance/ros2_driver/build/ti_mmwave_rospkg
[29.744s] Level 1:colcon.colcon_core.environment:checking '/home/ashu/workspace/Obstacle-Avoidance/ros2_driver/install/ti_mmwave_rospkg' for CMake module files
[29.745s] Level 1:colcon.colcon_core.environment:checking '/home/ashu/workspace/Obstacle-Avoidance/ros2_driver/install/ti_mmwave_rospkg' for CMake config files
[29.745s] Level 1:colcon.colcon_core.shell:create_environment_hook('ti_mmwave_rospkg', 'cmake_prefix_path')
[29.760s] INFO:colcon.colcon_core.shell:Creating environment hook '/home/ashu/workspace/Obstacle-Avoidance/ros2_driver/install/ti_mmwave_rospkg/share/ti_mmwave_rospkg/hook/cmake_prefix_path.ps1'
[29.761s] INFO:colcon.colcon_core.shell:Creating environment descriptor '/home/ashu/workspace/Obstacle-Avoidance/ros2_driver/install/ti_mmwave_rospkg/share/ti_mmwave_rospkg/hook/cmake_prefix_path.dsv'
[29.761s] INFO:colcon.colcon_core.shell:Creating environment hook '/home/ashu/workspace/Obstacle-Avoidance/ros2_driver/install/ti_mmwave_rospkg/share/ti_mmwave_rospkg/hook/cmake_prefix_path.sh'
[29.762s] Level 1:colcon.colcon_core.environment:checking '/home/ashu/workspace/Obstacle-Avoidance/ros2_driver/install/ti_mmwave_rospkg/lib'
[29.762s] Level 1:colcon.colcon_core.shell:create_environment_hook('ti_mmwave_rospkg', 'ld_library_path_lib')
[29.778s] INFO:colcon.colcon_core.shell:Creating environment hook '/home/ashu/workspace/Obstacle-Avoidance/ros2_driver/install/ti_mmwave_rospkg/share/ti_mmwave_rospkg/hook/ld_library_path_lib.ps1'
[29.778s] INFO:colcon.colcon_core.shell:Creating environment descriptor '/home/ashu/workspace/Obstacle-Avoidance/ros2_driver/install/ti_mmwave_rospkg/share/ti_mmwave_rospkg/hook/ld_library_path_lib.dsv'
[29.778s] INFO:colcon.colcon_core.shell:Creating environment hook '/home/ashu/workspace/Obstacle-Avoidance/ros2_driver/install/ti_mmwave_rospkg/share/ti_mmwave_rospkg/hook/ld_library_path_lib.sh'
[29.779s] Level 1:colcon.colcon_core.environment:checking '/home/ashu/workspace/Obstacle-Avoidance/ros2_driver/install/ti_mmwave_rospkg/bin'
[29.779s] Level 1:colcon.colcon_core.environment:checking '/home/ashu/workspace/Obstacle-Avoidance/ros2_driver/install/ti_mmwave_rospkg/lib/pkgconfig/ti_mmwave_rospkg.pc'
[29.779s] Level 1:colcon.colcon_core.environment:checking '/home/ashu/workspace/Obstacle-Avoidance/ros2_driver/install/ti_mmwave_rospkg/lib/python3.10/site-packages'
[29.779s] Level 1:colcon.colcon_core.environment:checking '/home/ashu/workspace/Obstacle-Avoidance/ros2_driver/install/ti_mmwave_rospkg/bin'
[29.796s] INFO:colcon.colcon_core.shell:Creating package script '/home/ashu/workspace/Obstacle-Avoidance/ros2_driver/install/ti_mmwave_rospkg/share/ti_mmwave_rospkg/package.ps1'
[29.796s] INFO:colcon.colcon_core.shell:Creating package descriptor '/home/ashu/workspace/Obstacle-Avoidance/ros2_driver/install/ti_mmwave_rospkg/share/ti_mmwave_rospkg/package.dsv'
[29.797s] INFO:colcon.colcon_core.shell:Creating package script '/home/ashu/workspace/Obstacle-Avoidance/ros2_driver/install/ti_mmwave_rospkg/share/ti_mmwave_rospkg/package.sh'
[29.797s] INFO:colcon.colcon_core.shell:Creating package script '/home/ashu/workspace/Obstacle-Avoidance/ros2_driver/install/ti_mmwave_rospkg/share/ti_mmwave_rospkg/package.bash'
[29.797s] INFO:colcon.colcon_core.shell:Creating package script '/home/ashu/workspace/Obstacle-Avoidance/ros2_driver/install/ti_mmwave_rospkg/share/ti_mmwave_rospkg/package.zsh'
[29.798s] Level 1:colcon.colcon_core.environment:create_file_with_runtime_dependencies(/home/ashu/workspace/Obstacle-Avoidance/ros2_driver/install/ti_mmwave_rospkg/share/colcon-core/packages/ti_mmwave_rospkg)
[29.853s] Level 1:colcon.colcon_core.environment:create_environment_scripts_only(ti_mmwave_rospkg)
[29.871s] Level 1:colcon.colcon_core.environment:checking '/home/ashu/workspace/Obstacle-Avoidance/ros2_driver/install/ti_mmwave_rospkg' for CMake module files
[29.871s] Level 1:colcon.colcon_core.environment:checking '/home/ashu/workspace/Obstacle-Avoidance/ros2_driver/install/ti_mmwave_rospkg' for CMake config files
[29.871s] Level 1:colcon.colcon_core.shell:create_environment_hook('ti_mmwave_rospkg', 'cmake_prefix_path')
[29.888s] INFO:colcon.colcon_core.shell:Creating environment hook '/home/ashu/workspace/Obstacle-Avoidance/ros2_driver/install/ti_mmwave_rospkg/share/ti_mmwave_rospkg/hook/cmake_prefix_path.ps1'
[29.888s] INFO:colcon.colcon_core.shell:Creating environment descriptor '/home/ashu/workspace/Obstacle-Avoidance/ros2_driver/install/ti_mmwave_rospkg/share/ti_mmwave_rospkg/hook/cmake_prefix_path.dsv'
[29.889s] INFO:colcon.colcon_core.shell:Creating environment hook '/home/ashu/workspace/Obstacle-Avoidance/ros2_driver/install/ti_mmwave_rospkg/share/ti_mmwave_rospkg/hook/cmake_prefix_path.sh'
[29.889s] Level 1:colcon.colcon_core.environment:checking '/home/ashu/workspace/Obstacle-Avoidance/ros2_driver/install/ti_mmwave_rospkg/lib'
[29.889s] Level 1:colcon.colcon_core.shell:create_environment_hook('ti_mmwave_rospkg', 'ld_library_path_lib')
[29.906s] INFO:colcon.colcon_core.shell:Creating environment hook '/home/ashu/workspace/Obstacle-Avoidance/ros2_driver/install/ti_mmwave_rospkg/share/ti_mmwave_rospkg/hook/ld_library_path_lib.ps1'
[29.907s] INFO:colcon.colcon_core.shell:Creating environment descriptor '/home/ashu/workspace/Obstacle-Avoidance/ros2_driver/install/ti_mmwave_rospkg/share/ti_mmwave_rospkg/hook/ld_library_path_lib.dsv'
[29.907s] INFO:colcon.colcon_core.shell:Creating environment hook '/home/ashu/workspace/Obstacle-Avoidance/ros2_driver/install/ti_mmwave_rospkg/share/ti_mmwave_rospkg/hook/ld_library_path_lib.sh'
[29.907s] Level 1:colcon.colcon_core.environment:checking '/home/ashu/workspace/Obstacle-Avoidance/ros2_driver/install/ti_mmwave_rospkg/bin'
[29.908s] Level 1:colcon.colcon_core.environment:checking '/home/ashu/workspace/Obstacle-Avoidance/ros2_driver/install/ti_mmwave_rospkg/lib/pkgconfig/ti_mmwave_rospkg.pc'
[29.908s] Level 1:colcon.colcon_core.environment:checking '/home/ashu/workspace/Obstacle-Avoidance/ros2_driver/install/ti_mmwave_rospkg/lib/python3.10/site-packages'
[29.908s] Level 1:colcon.colcon_core.environment:checking '/home/ashu/workspace/Obstacle-Avoidance/ros2_driver/install/ti_mmwave_rospkg/bin'
[29.926s] INFO:colcon.colcon_core.shell:Creating package script '/home/ashu/workspace/Obstacle-Avoidance/ros2_driver/install/ti_mmwave_rospkg/share/ti_mmwave_rospkg/package.ps1'
[29.927s] INFO:colcon.colcon_core.shell:Creating package descriptor '/home/ashu/workspace/Obstacle-Avoidance/ros2_driver/install/ti_mmwave_rospkg/share/ti_mmwave_rospkg/package.dsv'
[29.927s] INFO:colcon.colcon_core.shell:Creating package script '/home/ashu/workspace/Obstacle-Avoidance/ros2_driver/install/ti_mmwave_rospkg/share/ti_mmwave_rospkg/package.sh'
[29.928s] INFO:colcon.colcon_core.shell:Creating package script '/home/ashu/workspace/Obstacle-Avoidance/ros2_driver/install/ti_mmwave_rospkg/share/ti_mmwave_rospkg/package.bash'
[29.928s] INFO:colcon.colcon_core.shell:Creating package script '/home/ashu/workspace/Obstacle-Avoidance/ros2_driver/install/ti_mmwave_rospkg/share/ti_mmwave_rospkg/package.zsh'
[29.928s] Level 1:colcon.colcon_core.environment:create_file_with_runtime_dependencies(/home/ashu/workspace/Obstacle-Avoidance/ros2_driver/install/ti_mmwave_rospkg/share/colcon-core/packages/ti_mmwave_rospkg)
[29.929s] DEBUG:colcon.colcon_parallel_executor.executor.parallel:closing loop
[29.929s] DEBUG:colcon.colcon_parallel_executor.executor.parallel:loop closed
[29.929s] DEBUG:colcon.colcon_parallel_executor.executor.parallel:run_until_complete finished with '0'
[29.929s] DEBUG:colcon.colcon_core.event_reactor:joining thread
[29.951s] INFO:colcon.colcon_core.plugin_system:Skipping extension 'colcon_notification.desktop_notification.terminal_notifier': Not used on non-Darwin systems
[29.951s] INFO:colcon.colcon_core.plugin_system:Skipping extension 'colcon_notification.desktop_notification.win32': Not used on non-Windows systems
[29.951s] INFO:colcon.colcon_notification.desktop_notification:Sending desktop notification using 'notify2'
[29.959s] DEBUG:colcon.colcon_core.event_reactor:joined thread
[29.989s] INFO:colcon.colcon_core.shell:Creating prefix script '/home/ashu/workspace/Obstacle-Avoidance/ros2_driver/install/local_setup.ps1'
[29.991s] INFO:colcon.colcon_core.shell:Creating prefix util module '/home/ashu/workspace/Obstacle-Avoidance/ros2_driver/install/_local_setup_util_ps1.py'
[29.993s] INFO:colcon.colcon_core.shell:Creating prefix chain script '/home/ashu/workspace/Obstacle-Avoidance/ros2_driver/install/setup.ps1'
[30.013s] INFO:colcon.colcon_core.shell:Creating prefix script '/home/ashu/workspace/Obstacle-Avoidance/ros2_driver/install/local_setup.sh'
[30.013s] INFO:colcon.colcon_core.shell:Creating prefix util module '/home/ashu/workspace/Obstacle-Avoidance/ros2_driver/install/_local_setup_util_sh.py'
[30.014s] INFO:colcon.colcon_core.shell:Creating prefix chain script '/home/ashu/workspace/Obstacle-Avoidance/ros2_driver/install/setup.sh'
[30.032s] INFO:colcon.colcon_core.shell:Creating prefix script '/home/ashu/workspace/Obstacle-Avoidance/ros2_driver/install/local_setup.bash'
[30.032s] INFO:colcon.colcon_core.shell:Creating prefix chain script '/home/ashu/workspace/Obstacle-Avoidance/ros2_driver/install/setup.bash'
[30.051s] INFO:colcon.colcon_core.shell:Creating prefix script '/home/ashu/workspace/Obstacle-Avoidance/ros2_driver/install/local_setup.zsh'
[30.051s] INFO:colcon.colcon_core.shell:Creating prefix chain script '/home/ashu/workspace/Obstacle-Avoidance/ros2_driver/install/setup.zsh'
