[1.007s] DEBUG:colcon:Command line arguments: ['/usr/bin/colcon', 'build']
[1.007s] DEBUG:colcon:Parsed command line arguments: Namespace(log_base=None, log_level=None, verb_name='build', build_base='build', install_base='install', merge_install=False, symlink_install=False, test_result_base=None, continue_on_error=False, executor='parallel', parallel_workers=12, event_handlers=None, ignore_user_meta=False, metas=['./colcon.meta'], base_paths=['.'], packages_ignore=None, packages_ignore_regex=None, paths=None, packages_up_to=None, packages_up_to_regex=None, packages_above=None, packages_above_and_dependencies=None, packages_above_depth=None, packages_select_by_dep=None, packages_skip_by_dep=None, packages_skip_up_to=None, packages_select_build_failed=False, packages_skip_build_finished=False, packages_select_test_failures=False, packages_skip_test_passed=False, packages_select=None, packages_skip=None, packages_select_regex=None, packages_skip_regex=None, packages_start=None, packages_end=None, allow_overriding=[], cmake_args=None, cmake_target=None, cmake_target_skip_unavailable=False, cmake_clean_cache=False, cmake_clean_first=False, cmake_force_configure=False, ament_cmake_args=None, catkin_cmake_args=None, catkin_skip_building_tests=False, verb_parser=<colcon_defaults.argument_parser.defaults.DefaultArgumentsDecorator object at 0x7f55a4606ec0>, verb_extension=<colcon_core.verb.build.BuildVerb object at 0x7f55a4bc2e30>, main=<bound method BuildVerb.main of <colcon_core.verb.build.BuildVerb object at 0x7f55a4bc2e30>>)
[1.051s] Level 1:colcon.colcon_core.package_discovery:discover_packages(colcon_meta) check parameters
[1.051s] Level 1:colcon.colcon_core.package_discovery:discover_packages(recursive) check parameters
[1.051s] Level 1:colcon.colcon_core.package_discovery:discover_packages(ignore) check parameters
[1.051s] Level 1:colcon.colcon_core.package_discovery:discover_packages(path) check parameters
[1.051s] Level 1:colcon.colcon_core.package_discovery:discover_packages(colcon_meta) discover
[1.051s] Level 1:colcon.colcon_core.package_discovery:discover_packages(recursive) discover
[1.051s] INFO:colcon.colcon_core.package_discovery:Crawling recursively for packages in '/home/ashu/workspace/Obstacle-Avoidance/ros2_driver'
[1.051s] Level 1:colcon.colcon_core.package_identification:_identify(.) by extensions ['ignore', 'ignore_ament_install']
[1.051s] Level 1:colcon.colcon_core.package_identification:_identify(.) by extension 'ignore'
[1.051s] Level 1:colcon.colcon_core.package_identification:_identify(.) by extension 'ignore_ament_install'
[1.051s] Level 1:colcon.colcon_core.package_identification:_identify(.) by extensions ['colcon_pkg']
[1.051s] Level 1:colcon.colcon_core.package_identification:_identify(.) by extension 'colcon_pkg'
[1.052s] Level 1:colcon.colcon_core.package_identification:_identify(.) by extensions ['colcon_meta']
[1.052s] Level 1:colcon.colcon_core.package_identification:_identify(.) by extension 'colcon_meta'
[1.052s] Level 1:colcon.colcon_core.package_identification:_identify(.) by extensions ['ros']
[1.052s] Level 1:colcon.colcon_core.package_identification:_identify(.) by extension 'ros'
[1.061s] Level 1:colcon.colcon_core.package_identification:_identify(.) by extensions ['cmake', 'python']
[1.061s] Level 1:colcon.colcon_core.package_identification:_identify(.) by extension 'cmake'
[1.061s] Level 1:colcon.colcon_core.package_identification:_identify(.) by extension 'python'
[1.061s] Level 1:colcon.colcon_core.package_identification:_identify(.) by extensions ['python_setup_py']
[1.062s] Level 1:colcon.colcon_core.package_identification:_identify(.) by extension 'python_setup_py'
[1.062s] Level 1:colcon.colcon_core.package_identification:_identify(build) by extensions ['ignore', 'ignore_ament_install']
[1.062s] Level 1:colcon.colcon_core.package_identification:_identify(build) by extension 'ignore'
[1.062s] Level 1:colcon.colcon_core.package_identification:_identify(build) ignored
[1.062s] Level 1:colcon.colcon_core.package_identification:_identify(install) by extensions ['ignore', 'ignore_ament_install']
[1.062s] Level 1:colcon.colcon_core.package_identification:_identify(install) by extension 'ignore'
[1.062s] Level 1:colcon.colcon_core.package_identification:_identify(install) ignored
[1.062s] Level 1:colcon.colcon_core.package_identification:_identify(log) by extensions ['ignore', 'ignore_ament_install']
[1.062s] Level 1:colcon.colcon_core.package_identification:_identify(log) by extension 'ignore'
[1.062s] Level 1:colcon.colcon_core.package_identification:_identify(log) ignored
[1.062s] Level 1:colcon.colcon_core.package_identification:_identify(src) by extensions ['ignore', 'ignore_ament_install']
[1.062s] Level 1:colcon.colcon_core.package_identification:_identify(src) by extension 'ignore'
[1.062s] Level 1:colcon.colcon_core.package_identification:_identify(src) by extension 'ignore_ament_install'
[1.062s] Level 1:colcon.colcon_core.package_identification:_identify(src) by extensions ['colcon_pkg']
[1.063s] Level 1:colcon.colcon_core.package_identification:_identify(src) by extension 'colcon_pkg'
[1.063s] Level 1:colcon.colcon_core.package_identification:_identify(src) by extensions ['colcon_meta']
[1.063s] Level 1:colcon.colcon_core.package_identification:_identify(src) by extension 'colcon_meta'
[1.063s] Level 1:colcon.colcon_core.package_identification:_identify(src) by extensions ['ros']
[1.063s] Level 1:colcon.colcon_core.package_identification:_identify(src) by extension 'ros'
[1.063s] Level 1:colcon.colcon_core.package_identification:_identify(src) by extensions ['cmake', 'python']
[1.063s] Level 1:colcon.colcon_core.package_identification:_identify(src) by extension 'cmake'
[1.063s] Level 1:colcon.colcon_core.package_identification:_identify(src) by extension 'python'
[1.063s] Level 1:colcon.colcon_core.package_identification:_identify(src) by extensions ['python_setup_py']
[1.063s] Level 1:colcon.colcon_core.package_identification:_identify(src) by extension 'python_setup_py'
[1.063s] Level 1:colcon.colcon_core.package_identification:_identify(src/serial-ros2-master) by extensions ['ignore', 'ignore_ament_install']
[1.063s] Level 1:colcon.colcon_core.package_identification:_identify(src/serial-ros2-master) by extension 'ignore'
[1.063s] Level 1:colcon.colcon_core.package_identification:_identify(src/serial-ros2-master) by extension 'ignore_ament_install'
[1.063s] Level 1:colcon.colcon_core.package_identification:_identify(src/serial-ros2-master) by extensions ['colcon_pkg']
[1.063s] Level 1:colcon.colcon_core.package_identification:_identify(src/serial-ros2-master) by extension 'colcon_pkg'
[1.063s] Level 1:colcon.colcon_core.package_identification:_identify(src/serial-ros2-master) by extensions ['colcon_meta']
[1.063s] Level 1:colcon.colcon_core.package_identification:_identify(src/serial-ros2-master) by extension 'colcon_meta'
[1.063s] Level 1:colcon.colcon_core.package_identification:_identify(src/serial-ros2-master) by extensions ['ros']
[1.063s] Level 1:colcon.colcon_core.package_identification:_identify(src/serial-ros2-master) by extension 'ros'
[1.065s] DEBUG:colcon.colcon_core.package_identification:Package 'src/serial-ros2-master' with type 'ros.ament_cmake' and name 'serial'
[1.065s] Level 1:colcon.colcon_core.package_identification:_identify(src/ti_mmwave_rospkg) by extensions ['ignore', 'ignore_ament_install']
[1.066s] Level 1:colcon.colcon_core.package_identification:_identify(src/ti_mmwave_rospkg) by extension 'ignore'
[1.066s] Level 1:colcon.colcon_core.package_identification:_identify(src/ti_mmwave_rospkg) by extension 'ignore_ament_install'
[1.066s] Level 1:colcon.colcon_core.package_identification:_identify(src/ti_mmwave_rospkg) by extensions ['colcon_pkg']
[1.066s] Level 1:colcon.colcon_core.package_identification:_identify(src/ti_mmwave_rospkg) by extension 'colcon_pkg'
[1.066s] Level 1:colcon.colcon_core.package_identification:_identify(src/ti_mmwave_rospkg) by extensions ['colcon_meta']
[1.066s] Level 1:colcon.colcon_core.package_identification:_identify(src/ti_mmwave_rospkg) by extension 'colcon_meta'
[1.066s] Level 1:colcon.colcon_core.package_identification:_identify(src/ti_mmwave_rospkg) by extensions ['ros']
[1.066s] Level 1:colcon.colcon_core.package_identification:_identify(src/ti_mmwave_rospkg) by extension 'ros'
[1.067s] DEBUG:colcon.colcon_core.package_identification:Package 'src/ti_mmwave_rospkg' with type 'ros.ament_cmake' and name 'ti_mmwave_rospkg'
[1.067s] Level 1:colcon.colcon_core.package_identification:_identify(src/ti_mmwave_rospkg_msgs) by extensions ['ignore', 'ignore_ament_install']
[1.067s] Level 1:colcon.colcon_core.package_identification:_identify(src/ti_mmwave_rospkg_msgs) by extension 'ignore'
[1.067s] Level 1:colcon.colcon_core.package_identification:_identify(src/ti_mmwave_rospkg_msgs) by extension 'ignore_ament_install'
[1.067s] Level 1:colcon.colcon_core.package_identification:_identify(src/ti_mmwave_rospkg_msgs) by extensions ['colcon_pkg']
[1.067s] Level 1:colcon.colcon_core.package_identification:_identify(src/ti_mmwave_rospkg_msgs) by extension 'colcon_pkg'
[1.067s] Level 1:colcon.colcon_core.package_identification:_identify(src/ti_mmwave_rospkg_msgs) by extensions ['colcon_meta']
[1.067s] Level 1:colcon.colcon_core.package_identification:_identify(src/ti_mmwave_rospkg_msgs) by extension 'colcon_meta'
[1.067s] Level 1:colcon.colcon_core.package_identification:_identify(src/ti_mmwave_rospkg_msgs) by extensions ['ros']
[1.067s] Level 1:colcon.colcon_core.package_identification:_identify(src/ti_mmwave_rospkg_msgs) by extension 'ros'
[1.068s] DEBUG:colcon.colcon_core.package_identification:Package 'src/ti_mmwave_rospkg_msgs' with type 'ros.ament_cmake' and name 'ti_mmwave_rospkg_msgs'
[1.068s] Level 1:colcon.colcon_core.package_discovery:discover_packages(recursive) using defaults
[1.068s] Level 1:colcon.colcon_core.package_discovery:discover_packages(ignore) discover
[1.068s] Level 1:colcon.colcon_core.package_discovery:discover_packages(ignore) using defaults
[1.068s] Level 1:colcon.colcon_core.package_discovery:discover_packages(path) discover
[1.068s] Level 1:colcon.colcon_core.package_discovery:discover_packages(path) using defaults
[1.160s] Level 1:colcon.colcon_core.package_discovery:discover_packages(prefix_path) check parameters
[1.160s] Level 1:colcon.colcon_core.package_discovery:discover_packages(prefix_path) discover
[1.191s] DEBUG:colcon.colcon_installed_package_information.package_discovery:Found 288 installed packages in /opt/ros/humble
[1.201s] Level 1:colcon.colcon_core.package_discovery:discover_packages(prefix_path) using defaults
[1.288s] Level 5:colcon.colcon_core.verb:set package 'serial' build argument 'cmake_args' from command line to 'None'
[1.289s] Level 5:colcon.colcon_core.verb:set package 'serial' build argument 'cmake_target' from command line to 'None'
[1.289s] Level 5:colcon.colcon_core.verb:set package 'serial' build argument 'cmake_target_skip_unavailable' from command line to 'False'
[1.289s] Level 5:colcon.colcon_core.verb:set package 'serial' build argument 'cmake_clean_cache' from command line to 'False'
[1.289s] Level 5:colcon.colcon_core.verb:set package 'serial' build argument 'cmake_clean_first' from command line to 'False'
[1.289s] Level 5:colcon.colcon_core.verb:set package 'serial' build argument 'cmake_force_configure' from command line to 'False'
[1.289s] Level 5:colcon.colcon_core.verb:set package 'serial' build argument 'ament_cmake_args' from command line to 'None'
[1.289s] Level 5:colcon.colcon_core.verb:set package 'serial' build argument 'catkin_cmake_args' from command line to 'None'
[1.289s] Level 5:colcon.colcon_core.verb:set package 'serial' build argument 'catkin_skip_building_tests' from command line to 'False'
[1.289s] DEBUG:colcon.colcon_core.verb:Building package 'serial' with the following arguments: {'ament_cmake_args': None, 'build_base': '/home/ashu/workspace/Obstacle-Avoidance/ros2_driver/build/serial', 'catkin_cmake_args': None, 'catkin_skip_building_tests': False, 'cmake_args': None, 'cmake_clean_cache': False, 'cmake_clean_first': False, 'cmake_force_configure': False, 'cmake_target': None, 'cmake_target_skip_unavailable': False, 'install_base': '/home/ashu/workspace/Obstacle-Avoidance/ros2_driver/install/serial', 'merge_install': False, 'path': '/home/ashu/workspace/Obstacle-Avoidance/ros2_driver/src/serial-ros2-master', 'symlink_install': False, 'test_result_base': None}
[1.304s] Level 5:colcon.colcon_core.verb:set package 'ti_mmwave_rospkg_msgs' build argument 'cmake_args' from command line to 'None'
[1.304s] Level 5:colcon.colcon_core.verb:set package 'ti_mmwave_rospkg_msgs' build argument 'cmake_target' from command line to 'None'
[1.304s] Level 5:colcon.colcon_core.verb:set package 'ti_mmwave_rospkg_msgs' build argument 'cmake_target_skip_unavailable' from command line to 'False'
[1.304s] Level 5:colcon.colcon_core.verb:set package 'ti_mmwave_rospkg_msgs' build argument 'cmake_clean_cache' from command line to 'False'
[1.304s] Level 5:colcon.colcon_core.verb:set package 'ti_mmwave_rospkg_msgs' build argument 'cmake_clean_first' from command line to 'False'
[1.304s] Level 5:colcon.colcon_core.verb:set package 'ti_mmwave_rospkg_msgs' build argument 'cmake_force_configure' from command line to 'False'
[1.304s] Level 5:colcon.colcon_core.verb:set package 'ti_mmwave_rospkg_msgs' build argument 'ament_cmake_args' from command line to 'None'
[1.304s] Level 5:colcon.colcon_core.verb:set package 'ti_mmwave_rospkg_msgs' build argument 'catkin_cmake_args' from command line to 'None'
[1.304s] Level 5:colcon.colcon_core.verb:set package 'ti_mmwave_rospkg_msgs' build argument 'catkin_skip_building_tests' from command line to 'False'
[1.304s] DEBUG:colcon.colcon_core.verb:Building package 'ti_mmwave_rospkg_msgs' with the following arguments: {'ament_cmake_args': None, 'build_base': '/home/ashu/workspace/Obstacle-Avoidance/ros2_driver/build/ti_mmwave_rospkg_msgs', 'catkin_cmake_args': None, 'catkin_skip_building_tests': False, 'cmake_args': None, 'cmake_clean_cache': False, 'cmake_clean_first': False, 'cmake_force_configure': False, 'cmake_target': None, 'cmake_target_skip_unavailable': False, 'install_base': '/home/ashu/workspace/Obstacle-Avoidance/ros2_driver/install/ti_mmwave_rospkg_msgs', 'merge_install': False, 'path': '/home/ashu/workspace/Obstacle-Avoidance/ros2_driver/src/ti_mmwave_rospkg_msgs', 'symlink_install': False, 'test_result_base': None}
[1.319s] Level 5:colcon.colcon_core.verb:set package 'ti_mmwave_rospkg' build argument 'cmake_args' from command line to 'None'
[1.319s] Level 5:colcon.colcon_core.verb:set package 'ti_mmwave_rospkg' build argument 'cmake_target' from command line to 'None'
[1.319s] Level 5:colcon.colcon_core.verb:set package 'ti_mmwave_rospkg' build argument 'cmake_target_skip_unavailable' from command line to 'False'
[1.319s] Level 5:colcon.colcon_core.verb:set package 'ti_mmwave_rospkg' build argument 'cmake_clean_cache' from command line to 'False'
[1.319s] Level 5:colcon.colcon_core.verb:set package 'ti_mmwave_rospkg' build argument 'cmake_clean_first' from command line to 'False'
[1.319s] Level 5:colcon.colcon_core.verb:set package 'ti_mmwave_rospkg' build argument 'cmake_force_configure' from command line to 'False'
[1.319s] Level 5:colcon.colcon_core.verb:set package 'ti_mmwave_rospkg' build argument 'ament_cmake_args' from command line to 'None'
[1.319s] Level 5:colcon.colcon_core.verb:set package 'ti_mmwave_rospkg' build argument 'catkin_cmake_args' from command line to 'None'
[1.319s] Level 5:colcon.colcon_core.verb:set package 'ti_mmwave_rospkg' build argument 'catkin_skip_building_tests' from command line to 'False'
[1.319s] DEBUG:colcon.colcon_core.verb:Building package 'ti_mmwave_rospkg' with the following arguments: {'ament_cmake_args': None, 'build_base': '/home/ashu/workspace/Obstacle-Avoidance/ros2_driver/build/ti_mmwave_rospkg', 'catkin_cmake_args': None, 'catkin_skip_building_tests': False, 'cmake_args': None, 'cmake_clean_cache': False, 'cmake_clean_first': False, 'cmake_force_configure': False, 'cmake_target': None, 'cmake_target_skip_unavailable': False, 'install_base': '/home/ashu/workspace/Obstacle-Avoidance/ros2_driver/install/ti_mmwave_rospkg', 'merge_install': False, 'path': '/home/ashu/workspace/Obstacle-Avoidance/ros2_driver/src/ti_mmwave_rospkg', 'symlink_install': False, 'test_result_base': None}
[1.334s] INFO:colcon.colcon_core.executor:Executing jobs using 'parallel' executor
[1.350s] DEBUG:colcon.colcon_parallel_executor.executor.parallel:run_until_complete
[1.350s] INFO:colcon.colcon_ros.task.ament_cmake.build:Building ROS package in '/home/ashu/workspace/Obstacle-Avoidance/ros2_driver/src/serial-ros2-master' with build type 'ament_cmake'
[1.350s] INFO:colcon.colcon_cmake.task.cmake.build:Building CMake package in '/home/ashu/workspace/Obstacle-Avoidance/ros2_driver/src/serial-ros2-master'
[1.367s] INFO:colcon.colcon_core.plugin_system:Skipping extension 'colcon_core.shell.bat': Not used on non-Windows systems
[1.367s] INFO:colcon.colcon_core.shell:Skip shell extension 'powershell' for command environment: Not usable outside of PowerShell
[1.367s] DEBUG:colcon.colcon_core.shell:Skip shell extension 'dsv' for command environment
[1.398s] INFO:colcon.colcon_ros.task.ament_cmake.build:Building ROS package in '/home/ashu/workspace/Obstacle-Avoidance/ros2_driver/src/ti_mmwave_rospkg_msgs' with build type 'ament_cmake'
[1.399s] INFO:colcon.colcon_cmake.task.cmake.build:Building CMake package in '/home/ashu/workspace/Obstacle-Avoidance/ros2_driver/src/ti_mmwave_rospkg_msgs'
[1.415s] INFO:colcon.colcon_core.shell:Skip shell extension 'powershell' for command environment: Not usable outside of PowerShell
[1.415s] DEBUG:colcon.colcon_core.shell:Skip shell extension 'dsv' for command environment
[1.451s] DEBUG:colcon.colcon_core.event_handler.log_command:Invoking command in '/home/ashu/workspace/Obstacle-Avoidance/ros2_driver/build/serial': CMAKE_PREFIX_PATH=/opt/ros/humble /usr/bin/cmake --build /home/ashu/workspace/Obstacle-Avoidance/ros2_driver/build/serial -- -j12 -l12
[1.456s] DEBUG:colcon.colcon_core.event_handler.log_command:Invoking command in '/home/ashu/workspace/Obstacle-Avoidance/ros2_driver/build/ti_mmwave_rospkg_msgs': CMAKE_PREFIX_PATH=/opt/ros/humble /usr/bin/cmake --build /home/ashu/workspace/Obstacle-Avoidance/ros2_driver/build/ti_mmwave_rospkg_msgs -- -j12 -l12
[1.517s] DEBUG:colcon.colcon_core.event_handler.log_command:Invoked command in '/home/ashu/workspace/Obstacle-Avoidance/ros2_driver/build/serial' returned '0': CMAKE_PREFIX_PATH=/opt/ros/humble /usr/bin/cmake --build /home/ashu/workspace/Obstacle-Avoidance/ros2_driver/build/serial -- -j12 -l12
[1.558s] DEBUG:colcon.colcon_core.event_handler.log_command:Invoking command in '/home/ashu/workspace/Obstacle-Avoidance/ros2_driver/build/serial': CMAKE_PREFIX_PATH=/opt/ros/humble /usr/bin/cmake --install /home/ashu/workspace/Obstacle-Avoidance/ros2_driver/build/serial
[1.568s] Level 1:colcon.colcon_core.environment:create_environment_scripts_only(serial)
[1.569s] DEBUG:colcon.colcon_core.event_handler.log_command:Invoked command in '/home/ashu/workspace/Obstacle-Avoidance/ros2_driver/build/serial' returned '0': CMAKE_PREFIX_PATH=/opt/ros/humble /usr/bin/cmake --install /home/ashu/workspace/Obstacle-Avoidance/ros2_driver/build/serial
[1.593s] Level 1:colcon.colcon_core.environment:checking '/home/ashu/workspace/Obstacle-Avoidance/ros2_driver/install/serial' for CMake module files
[1.593s] Level 1:colcon.colcon_core.environment:checking '/home/ashu/workspace/Obstacle-Avoidance/ros2_driver/install/serial' for CMake config files
[1.594s] Level 1:colcon.colcon_core.shell:create_environment_hook('serial', 'cmake_prefix_path')
[1.625s] INFO:colcon.colcon_core.shell:Creating environment hook '/home/ashu/workspace/Obstacle-Avoidance/ros2_driver/install/serial/share/serial/hook/cmake_prefix_path.ps1'
[1.625s] INFO:colcon.colcon_core.shell:Creating environment descriptor '/home/ashu/workspace/Obstacle-Avoidance/ros2_driver/install/serial/share/serial/hook/cmake_prefix_path.dsv'
[1.626s] INFO:colcon.colcon_core.shell:Creating environment hook '/home/ashu/workspace/Obstacle-Avoidance/ros2_driver/install/serial/share/serial/hook/cmake_prefix_path.sh'
[1.627s] Level 1:colcon.colcon_core.environment:checking '/home/ashu/workspace/Obstacle-Avoidance/ros2_driver/install/serial/lib'
[1.627s] Level 1:colcon.colcon_core.shell:create_environment_hook('serial', 'ld_library_path_lib')
[1.664s] INFO:colcon.colcon_core.shell:Creating environment hook '/home/ashu/workspace/Obstacle-Avoidance/ros2_driver/install/serial/share/serial/hook/ld_library_path_lib.ps1'
[1.665s] INFO:colcon.colcon_core.shell:Creating environment descriptor '/home/ashu/workspace/Obstacle-Avoidance/ros2_driver/install/serial/share/serial/hook/ld_library_path_lib.dsv'
[1.666s] INFO:colcon.colcon_core.shell:Creating environment hook '/home/ashu/workspace/Obstacle-Avoidance/ros2_driver/install/serial/share/serial/hook/ld_library_path_lib.sh'
[1.667s] Level 1:colcon.colcon_core.environment:checking '/home/ashu/workspace/Obstacle-Avoidance/ros2_driver/install/serial/bin'
[1.667s] Level 1:colcon.colcon_core.environment:checking '/home/ashu/workspace/Obstacle-Avoidance/ros2_driver/install/serial/lib/pkgconfig/serial.pc'
[1.668s] Level 1:colcon.colcon_core.environment:checking '/home/ashu/workspace/Obstacle-Avoidance/ros2_driver/install/serial/lib/python3.10/site-packages'
[1.669s] Level 1:colcon.colcon_core.environment:checking '/home/ashu/workspace/Obstacle-Avoidance/ros2_driver/install/serial/bin'
[1.709s] INFO:colcon.colcon_core.shell:Creating package script '/home/ashu/workspace/Obstacle-Avoidance/ros2_driver/install/serial/share/serial/package.ps1'
[1.710s] INFO:colcon.colcon_core.shell:Creating package descriptor '/home/ashu/workspace/Obstacle-Avoidance/ros2_driver/install/serial/share/serial/package.dsv'
[1.711s] INFO:colcon.colcon_core.shell:Creating package script '/home/ashu/workspace/Obstacle-Avoidance/ros2_driver/install/serial/share/serial/package.sh'
[1.712s] INFO:colcon.colcon_core.shell:Creating package script '/home/ashu/workspace/Obstacle-Avoidance/ros2_driver/install/serial/share/serial/package.bash'
[1.714s] INFO:colcon.colcon_core.shell:Creating package script '/home/ashu/workspace/Obstacle-Avoidance/ros2_driver/install/serial/share/serial/package.zsh'
[1.715s] Level 1:colcon.colcon_core.environment:create_file_with_runtime_dependencies(/home/ashu/workspace/Obstacle-Avoidance/ros2_driver/install/serial/share/colcon-core/packages/serial)
[1.770s] Level 1:colcon.colcon_core.environment:create_environment_scripts_only(serial)
[1.789s] Level 1:colcon.colcon_core.environment:checking '/home/ashu/workspace/Obstacle-Avoidance/ros2_driver/install/serial' for CMake module files
[1.789s] Level 1:colcon.colcon_core.environment:checking '/home/ashu/workspace/Obstacle-Avoidance/ros2_driver/install/serial' for CMake config files
[1.790s] Level 1:colcon.colcon_core.shell:create_environment_hook('serial', 'cmake_prefix_path')
[1.808s] INFO:colcon.colcon_core.shell:Creating environment hook '/home/ashu/workspace/Obstacle-Avoidance/ros2_driver/install/serial/share/serial/hook/cmake_prefix_path.ps1'
[1.809s] INFO:colcon.colcon_core.shell:Creating environment descriptor '/home/ashu/workspace/Obstacle-Avoidance/ros2_driver/install/serial/share/serial/hook/cmake_prefix_path.dsv'
[1.809s] INFO:colcon.colcon_core.shell:Creating environment hook '/home/ashu/workspace/Obstacle-Avoidance/ros2_driver/install/serial/share/serial/hook/cmake_prefix_path.sh'
[1.810s] Level 1:colcon.colcon_core.environment:checking '/home/ashu/workspace/Obstacle-Avoidance/ros2_driver/install/serial/lib'
[1.810s] Level 1:colcon.colcon_core.shell:create_environment_hook('serial', 'ld_library_path_lib')
[1.828s] INFO:colcon.colcon_core.shell:Creating environment hook '/home/ashu/workspace/Obstacle-Avoidance/ros2_driver/install/serial/share/serial/hook/ld_library_path_lib.ps1'
[1.829s] INFO:colcon.colcon_core.shell:Creating environment descriptor '/home/ashu/workspace/Obstacle-Avoidance/ros2_driver/install/serial/share/serial/hook/ld_library_path_lib.dsv'
[1.829s] INFO:colcon.colcon_core.shell:Creating environment hook '/home/ashu/workspace/Obstacle-Avoidance/ros2_driver/install/serial/share/serial/hook/ld_library_path_lib.sh'
[1.829s] Level 1:colcon.colcon_core.environment:checking '/home/ashu/workspace/Obstacle-Avoidance/ros2_driver/install/serial/bin'
[1.829s] Level 1:colcon.colcon_core.environment:checking '/home/ashu/workspace/Obstacle-Avoidance/ros2_driver/install/serial/lib/pkgconfig/serial.pc'
[1.830s] Level 1:colcon.colcon_core.environment:checking '/home/ashu/workspace/Obstacle-Avoidance/ros2_driver/install/serial/lib/python3.10/site-packages'
[1.830s] Level 1:colcon.colcon_core.environment:checking '/home/ashu/workspace/Obstacle-Avoidance/ros2_driver/install/serial/bin'
[1.849s] INFO:colcon.colcon_core.shell:Creating package script '/home/ashu/workspace/Obstacle-Avoidance/ros2_driver/install/serial/share/serial/package.ps1'
[1.849s] INFO:colcon.colcon_core.shell:Creating package descriptor '/home/ashu/workspace/Obstacle-Avoidance/ros2_driver/install/serial/share/serial/package.dsv'
[1.850s] INFO:colcon.colcon_core.shell:Creating package script '/home/ashu/workspace/Obstacle-Avoidance/ros2_driver/install/serial/share/serial/package.sh'
[1.850s] INFO:colcon.colcon_core.shell:Creating package script '/home/ashu/workspace/Obstacle-Avoidance/ros2_driver/install/serial/share/serial/package.bash'
[1.851s] INFO:colcon.colcon_core.shell:Creating package script '/home/ashu/workspace/Obstacle-Avoidance/ros2_driver/install/serial/share/serial/package.zsh'
[1.851s] Level 1:colcon.colcon_core.environment:create_file_with_runtime_dependencies(/home/ashu/workspace/Obstacle-Avoidance/ros2_driver/install/serial/share/colcon-core/packages/serial)
[1.959s] DEBUG:colcon.colcon_core.event_handler.log_command:Invoked command in '/home/ashu/workspace/Obstacle-Avoidance/ros2_driver/build/ti_mmwave_rospkg_msgs' returned '0': CMAKE_PREFIX_PATH=/opt/ros/humble /usr/bin/cmake --build /home/ashu/workspace/Obstacle-Avoidance/ros2_driver/build/ti_mmwave_rospkg_msgs -- -j12 -l12
[2.121s] DEBUG:colcon.colcon_core.event_handler.log_command:Invoking command in '/home/ashu/workspace/Obstacle-Avoidance/ros2_driver/build/ti_mmwave_rospkg_msgs': CMAKE_PREFIX_PATH=/opt/ros/humble /usr/bin/cmake --install /home/ashu/workspace/Obstacle-Avoidance/ros2_driver/build/ti_mmwave_rospkg_msgs
[2.181s] Level 1:colcon.colcon_core.environment:create_environment_scripts_only(ti_mmwave_rospkg_msgs)
[2.184s] DEBUG:colcon.colcon_core.event_handler.log_command:Invoked command in '/home/ashu/workspace/Obstacle-Avoidance/ros2_driver/build/ti_mmwave_rospkg_msgs' returned '0': CMAKE_PREFIX_PATH=/opt/ros/humble /usr/bin/cmake --install /home/ashu/workspace/Obstacle-Avoidance/ros2_driver/build/ti_mmwave_rospkg_msgs
[2.201s] Level 1:colcon.colcon_core.environment:checking '/home/ashu/workspace/Obstacle-Avoidance/ros2_driver/install/ti_mmwave_rospkg_msgs' for CMake module files
[2.202s] Level 1:colcon.colcon_core.environment:checking '/home/ashu/workspace/Obstacle-Avoidance/ros2_driver/install/ti_mmwave_rospkg_msgs' for CMake config files
[2.202s] Level 1:colcon.colcon_core.shell:create_environment_hook('ti_mmwave_rospkg_msgs', 'cmake_prefix_path')
[2.220s] INFO:colcon.colcon_core.shell:Creating environment hook '/home/ashu/workspace/Obstacle-Avoidance/ros2_driver/install/ti_mmwave_rospkg_msgs/share/ti_mmwave_rospkg_msgs/hook/cmake_prefix_path.ps1'
[2.221s] INFO:colcon.colcon_core.shell:Creating environment descriptor '/home/ashu/workspace/Obstacle-Avoidance/ros2_driver/install/ti_mmwave_rospkg_msgs/share/ti_mmwave_rospkg_msgs/hook/cmake_prefix_path.dsv'
[2.221s] INFO:colcon.colcon_core.shell:Creating environment hook '/home/ashu/workspace/Obstacle-Avoidance/ros2_driver/install/ti_mmwave_rospkg_msgs/share/ti_mmwave_rospkg_msgs/hook/cmake_prefix_path.sh'
[2.222s] Level 1:colcon.colcon_core.environment:checking '/home/ashu/workspace/Obstacle-Avoidance/ros2_driver/install/ti_mmwave_rospkg_msgs/lib'
[2.222s] Level 1:colcon.colcon_core.shell:create_environment_hook('ti_mmwave_rospkg_msgs', 'ld_library_path_lib')
[2.239s] INFO:colcon.colcon_core.shell:Creating environment hook '/home/ashu/workspace/Obstacle-Avoidance/ros2_driver/install/ti_mmwave_rospkg_msgs/share/ti_mmwave_rospkg_msgs/hook/ld_library_path_lib.ps1'
[2.240s] INFO:colcon.colcon_core.shell:Creating environment descriptor '/home/ashu/workspace/Obstacle-Avoidance/ros2_driver/install/ti_mmwave_rospkg_msgs/share/ti_mmwave_rospkg_msgs/hook/ld_library_path_lib.dsv'
[2.240s] INFO:colcon.colcon_core.shell:Creating environment hook '/home/ashu/workspace/Obstacle-Avoidance/ros2_driver/install/ti_mmwave_rospkg_msgs/share/ti_mmwave_rospkg_msgs/hook/ld_library_path_lib.sh'
[2.240s] Level 1:colcon.colcon_core.environment:checking '/home/ashu/workspace/Obstacle-Avoidance/ros2_driver/install/ti_mmwave_rospkg_msgs/bin'
[2.240s] Level 1:colcon.colcon_core.environment:checking '/home/ashu/workspace/Obstacle-Avoidance/ros2_driver/install/ti_mmwave_rospkg_msgs/lib/pkgconfig/ti_mmwave_rospkg_msgs.pc'
[2.241s] Level 1:colcon.colcon_core.environment:checking '/home/ashu/workspace/Obstacle-Avoidance/ros2_driver/install/ti_mmwave_rospkg_msgs/lib/python3.10/site-packages'
[2.241s] Level 1:colcon.colcon_core.environment:checking '/home/ashu/workspace/Obstacle-Avoidance/ros2_driver/install/ti_mmwave_rospkg_msgs/bin'
[2.259s] INFO:colcon.colcon_core.shell:Creating package script '/home/ashu/workspace/Obstacle-Avoidance/ros2_driver/install/ti_mmwave_rospkg_msgs/share/ti_mmwave_rospkg_msgs/package.ps1'
[2.259s] INFO:colcon.colcon_core.shell:Creating package descriptor '/home/ashu/workspace/Obstacle-Avoidance/ros2_driver/install/ti_mmwave_rospkg_msgs/share/ti_mmwave_rospkg_msgs/package.dsv'
[2.260s] INFO:colcon.colcon_core.shell:Creating package script '/home/ashu/workspace/Obstacle-Avoidance/ros2_driver/install/ti_mmwave_rospkg_msgs/share/ti_mmwave_rospkg_msgs/package.sh'
[2.260s] INFO:colcon.colcon_core.shell:Creating package script '/home/ashu/workspace/Obstacle-Avoidance/ros2_driver/install/ti_mmwave_rospkg_msgs/share/ti_mmwave_rospkg_msgs/package.bash'
[2.260s] INFO:colcon.colcon_core.shell:Creating package script '/home/ashu/workspace/Obstacle-Avoidance/ros2_driver/install/ti_mmwave_rospkg_msgs/share/ti_mmwave_rospkg_msgs/package.zsh'
[2.261s] Level 1:colcon.colcon_core.environment:create_file_with_runtime_dependencies(/home/ashu/workspace/Obstacle-Avoidance/ros2_driver/install/ti_mmwave_rospkg_msgs/share/colcon-core/packages/ti_mmwave_rospkg_msgs)
[2.436s] Level 1:colcon.colcon_core.environment:create_environment_scripts_only(ti_mmwave_rospkg_msgs)
[2.455s] Level 1:colcon.colcon_core.environment:checking '/home/ashu/workspace/Obstacle-Avoidance/ros2_driver/install/ti_mmwave_rospkg_msgs' for CMake module files
[2.455s] Level 1:colcon.colcon_core.environment:checking '/home/ashu/workspace/Obstacle-Avoidance/ros2_driver/install/ti_mmwave_rospkg_msgs' for CMake config files
[2.456s] Level 1:colcon.colcon_core.shell:create_environment_hook('ti_mmwave_rospkg_msgs', 'cmake_prefix_path')
[2.473s] INFO:colcon.colcon_core.shell:Creating environment hook '/home/ashu/workspace/Obstacle-Avoidance/ros2_driver/install/ti_mmwave_rospkg_msgs/share/ti_mmwave_rospkg_msgs/hook/cmake_prefix_path.ps1'
[2.474s] INFO:colcon.colcon_core.shell:Creating environment descriptor '/home/ashu/workspace/Obstacle-Avoidance/ros2_driver/install/ti_mmwave_rospkg_msgs/share/ti_mmwave_rospkg_msgs/hook/cmake_prefix_path.dsv'
[2.474s] INFO:colcon.colcon_core.shell:Creating environment hook '/home/ashu/workspace/Obstacle-Avoidance/ros2_driver/install/ti_mmwave_rospkg_msgs/share/ti_mmwave_rospkg_msgs/hook/cmake_prefix_path.sh'
[2.474s] Level 1:colcon.colcon_core.environment:checking '/home/ashu/workspace/Obstacle-Avoidance/ros2_driver/install/ti_mmwave_rospkg_msgs/lib'
[2.475s] Level 1:colcon.colcon_core.shell:create_environment_hook('ti_mmwave_rospkg_msgs', 'ld_library_path_lib')
[2.493s] INFO:colcon.colcon_core.shell:Creating environment hook '/home/ashu/workspace/Obstacle-Avoidance/ros2_driver/install/ti_mmwave_rospkg_msgs/share/ti_mmwave_rospkg_msgs/hook/ld_library_path_lib.ps1'
[2.493s] INFO:colcon.colcon_core.shell:Creating environment descriptor '/home/ashu/workspace/Obstacle-Avoidance/ros2_driver/install/ti_mmwave_rospkg_msgs/share/ti_mmwave_rospkg_msgs/hook/ld_library_path_lib.dsv'
[2.494s] INFO:colcon.colcon_core.shell:Creating environment hook '/home/ashu/workspace/Obstacle-Avoidance/ros2_driver/install/ti_mmwave_rospkg_msgs/share/ti_mmwave_rospkg_msgs/hook/ld_library_path_lib.sh'
[2.494s] Level 1:colcon.colcon_core.environment:checking '/home/ashu/workspace/Obstacle-Avoidance/ros2_driver/install/ti_mmwave_rospkg_msgs/bin'
[2.494s] Level 1:colcon.colcon_core.environment:checking '/home/ashu/workspace/Obstacle-Avoidance/ros2_driver/install/ti_mmwave_rospkg_msgs/lib/pkgconfig/ti_mmwave_rospkg_msgs.pc'
[2.494s] Level 1:colcon.colcon_core.environment:checking '/home/ashu/workspace/Obstacle-Avoidance/ros2_driver/install/ti_mmwave_rospkg_msgs/lib/python3.10/site-packages'
[2.495s] Level 1:colcon.colcon_core.environment:checking '/home/ashu/workspace/Obstacle-Avoidance/ros2_driver/install/ti_mmwave_rospkg_msgs/bin'
[2.512s] INFO:colcon.colcon_core.shell:Creating package script '/home/ashu/workspace/Obstacle-Avoidance/ros2_driver/install/ti_mmwave_rospkg_msgs/share/ti_mmwave_rospkg_msgs/package.ps1'
[2.513s] INFO:colcon.colcon_core.shell:Creating package descriptor '/home/ashu/workspace/Obstacle-Avoidance/ros2_driver/install/ti_mmwave_rospkg_msgs/share/ti_mmwave_rospkg_msgs/package.dsv'
[2.513s] INFO:colcon.colcon_core.shell:Creating package script '/home/ashu/workspace/Obstacle-Avoidance/ros2_driver/install/ti_mmwave_rospkg_msgs/share/ti_mmwave_rospkg_msgs/package.sh'
[2.514s] INFO:colcon.colcon_core.shell:Creating package script '/home/ashu/workspace/Obstacle-Avoidance/ros2_driver/install/ti_mmwave_rospkg_msgs/share/ti_mmwave_rospkg_msgs/package.bash'
[2.514s] INFO:colcon.colcon_core.shell:Creating package script '/home/ashu/workspace/Obstacle-Avoidance/ros2_driver/install/ti_mmwave_rospkg_msgs/share/ti_mmwave_rospkg_msgs/package.zsh'
[2.515s] Level 1:colcon.colcon_core.environment:create_file_with_runtime_dependencies(/home/ashu/workspace/Obstacle-Avoidance/ros2_driver/install/ti_mmwave_rospkg_msgs/share/colcon-core/packages/ti_mmwave_rospkg_msgs)
[2.515s] INFO:colcon.colcon_ros.task.ament_cmake.build:Building ROS package in '/home/ashu/workspace/Obstacle-Avoidance/ros2_driver/src/ti_mmwave_rospkg' with build type 'ament_cmake'
[2.515s] INFO:colcon.colcon_cmake.task.cmake.build:Building CMake package in '/home/ashu/workspace/Obstacle-Avoidance/ros2_driver/src/ti_mmwave_rospkg'
[2.534s] INFO:colcon.colcon_core.shell:Skip shell extension 'powershell' for command environment: Not usable outside of PowerShell
[2.534s] DEBUG:colcon.colcon_core.shell:Skip shell extension 'dsv' for command environment
[2.580s] DEBUG:colcon.colcon_core.event_handler.log_command:Invoking command in '/home/ashu/workspace/Obstacle-Avoidance/ros2_driver/build/ti_mmwave_rospkg': AMENT_PREFIX_PATH=/home/ashu/workspace/Obstacle-Avoidance/ros2_driver/install/ti_mmwave_rospkg_msgs:/home/ashu/workspace/Obstacle-Avoidance/ros2_driver/install/serial:${AMENT_PREFIX_PATH} CMAKE_PREFIX_PATH=/home/ashu/workspace/Obstacle-Avoidance/ros2_driver/install/ti_mmwave_rospkg_msgs:/home/ashu/workspace/Obstacle-Avoidance/ros2_driver/install/serial:/opt/ros/humble LD_LIBRARY_PATH=/home/ashu/workspace/Obstacle-Avoidance/ros2_driver/install/ti_mmwave_rospkg_msgs/lib:/home/ashu/workspace/Obstacle-Avoidance/ros2_driver/install/serial/lib:${LD_LIBRARY_PATH} PYTHONPATH=/home/ashu/workspace/Obstacle-Avoidance/ros2_driver/install/ti_mmwave_rospkg_msgs/local/lib/python3.10/dist-packages:${PYTHONPATH} /usr/bin/cmake --build /home/ashu/workspace/Obstacle-Avoidance/ros2_driver/build/ti_mmwave_rospkg -- -j12 -l12
[2.719s] DEBUG:colcon.colcon_core.event_handler.log_command:Invoked command in '/home/ashu/workspace/Obstacle-Avoidance/ros2_driver/build/ti_mmwave_rospkg' returned '0': AMENT_PREFIX_PATH=/home/ashu/workspace/Obstacle-Avoidance/ros2_driver/install/ti_mmwave_rospkg_msgs:/home/ashu/workspace/Obstacle-Avoidance/ros2_driver/install/serial:${AMENT_PREFIX_PATH} CMAKE_PREFIX_PATH=/home/ashu/workspace/Obstacle-Avoidance/ros2_driver/install/ti_mmwave_rospkg_msgs:/home/ashu/workspace/Obstacle-Avoidance/ros2_driver/install/serial:/opt/ros/humble LD_LIBRARY_PATH=/home/ashu/workspace/Obstacle-Avoidance/ros2_driver/install/ti_mmwave_rospkg_msgs/lib:/home/ashu/workspace/Obstacle-Avoidance/ros2_driver/install/serial/lib:${LD_LIBRARY_PATH} PYTHONPATH=/home/ashu/workspace/Obstacle-Avoidance/ros2_driver/install/ti_mmwave_rospkg_msgs/local/lib/python3.10/dist-packages:${PYTHONPATH} /usr/bin/cmake --build /home/ashu/workspace/Obstacle-Avoidance/ros2_driver/build/ti_mmwave_rospkg -- -j12 -l12
[2.762s] DEBUG:colcon.colcon_core.event_handler.log_command:Invoking command in '/home/ashu/workspace/Obstacle-Avoidance/ros2_driver/build/ti_mmwave_rospkg': AMENT_PREFIX_PATH=/home/ashu/workspace/Obstacle-Avoidance/ros2_driver/install/ti_mmwave_rospkg_msgs:/home/ashu/workspace/Obstacle-Avoidance/ros2_driver/install/serial:${AMENT_PREFIX_PATH} CMAKE_PREFIX_PATH=/home/ashu/workspace/Obstacle-Avoidance/ros2_driver/install/ti_mmwave_rospkg_msgs:/home/ashu/workspace/Obstacle-Avoidance/ros2_driver/install/serial:/opt/ros/humble LD_LIBRARY_PATH=/home/ashu/workspace/Obstacle-Avoidance/ros2_driver/install/ti_mmwave_rospkg_msgs/lib:/home/ashu/workspace/Obstacle-Avoidance/ros2_driver/install/serial/lib:${LD_LIBRARY_PATH} PYTHONPATH=/home/ashu/workspace/Obstacle-Avoidance/ros2_driver/install/ti_mmwave_rospkg_msgs/local/lib/python3.10/dist-packages:${PYTHONPATH} /usr/bin/cmake --install /home/ashu/workspace/Obstacle-Avoidance/ros2_driver/build/ti_mmwave_rospkg
[2.776s] Level 1:colcon.colcon_core.environment:create_environment_scripts_only(ti_mmwave_rospkg)
[2.776s] DEBUG:colcon.colcon_core.event_handler.log_command:Invoked command in '/home/ashu/workspace/Obstacle-Avoidance/ros2_driver/build/ti_mmwave_rospkg' returned '0': AMENT_PREFIX_PATH=/home/ashu/workspace/Obstacle-Avoidance/ros2_driver/install/ti_mmwave_rospkg_msgs:/home/ashu/workspace/Obstacle-Avoidance/ros2_driver/install/serial:${AMENT_PREFIX_PATH} CMAKE_PREFIX_PATH=/home/ashu/workspace/Obstacle-Avoidance/ros2_driver/install/ti_mmwave_rospkg_msgs:/home/ashu/workspace/Obstacle-Avoidance/ros2_driver/install/serial:/opt/ros/humble LD_LIBRARY_PATH=/home/ashu/workspace/Obstacle-Avoidance/ros2_driver/install/ti_mmwave_rospkg_msgs/lib:/home/ashu/workspace/Obstacle-Avoidance/ros2_driver/install/serial/lib:${LD_LIBRARY_PATH} PYTHONPATH=/home/ashu/workspace/Obstacle-Avoidance/ros2_driver/install/ti_mmwave_rospkg_msgs/local/lib/python3.10/dist-packages:${PYTHONPATH} /usr/bin/cmake --install /home/ashu/workspace/Obstacle-Avoidance/ros2_driver/build/ti_mmwave_rospkg
[2.794s] Level 1:colcon.colcon_core.environment:checking '/home/ashu/workspace/Obstacle-Avoidance/ros2_driver/install/ti_mmwave_rospkg' for CMake module files
[2.794s] Level 1:colcon.colcon_core.environment:checking '/home/ashu/workspace/Obstacle-Avoidance/ros2_driver/install/ti_mmwave_rospkg' for CMake config files
[2.795s] Level 1:colcon.colcon_core.shell:create_environment_hook('ti_mmwave_rospkg', 'cmake_prefix_path')
[2.812s] INFO:colcon.colcon_core.shell:Creating environment hook '/home/ashu/workspace/Obstacle-Avoidance/ros2_driver/install/ti_mmwave_rospkg/share/ti_mmwave_rospkg/hook/cmake_prefix_path.ps1'
[2.813s] INFO:colcon.colcon_core.shell:Creating environment descriptor '/home/ashu/workspace/Obstacle-Avoidance/ros2_driver/install/ti_mmwave_rospkg/share/ti_mmwave_rospkg/hook/cmake_prefix_path.dsv'
[2.813s] INFO:colcon.colcon_core.shell:Creating environment hook '/home/ashu/workspace/Obstacle-Avoidance/ros2_driver/install/ti_mmwave_rospkg/share/ti_mmwave_rospkg/hook/cmake_prefix_path.sh'
[2.814s] Level 1:colcon.colcon_core.environment:checking '/home/ashu/workspace/Obstacle-Avoidance/ros2_driver/install/ti_mmwave_rospkg/lib'
[2.814s] Level 1:colcon.colcon_core.shell:create_environment_hook('ti_mmwave_rospkg', 'ld_library_path_lib')
[2.831s] INFO:colcon.colcon_core.shell:Creating environment hook '/home/ashu/workspace/Obstacle-Avoidance/ros2_driver/install/ti_mmwave_rospkg/share/ti_mmwave_rospkg/hook/ld_library_path_lib.ps1'
[2.831s] INFO:colcon.colcon_core.shell:Creating environment descriptor '/home/ashu/workspace/Obstacle-Avoidance/ros2_driver/install/ti_mmwave_rospkg/share/ti_mmwave_rospkg/hook/ld_library_path_lib.dsv'
[2.832s] INFO:colcon.colcon_core.shell:Creating environment hook '/home/ashu/workspace/Obstacle-Avoidance/ros2_driver/install/ti_mmwave_rospkg/share/ti_mmwave_rospkg/hook/ld_library_path_lib.sh'
[2.832s] Level 1:colcon.colcon_core.environment:checking '/home/ashu/workspace/Obstacle-Avoidance/ros2_driver/install/ti_mmwave_rospkg/bin'
[2.832s] Level 1:colcon.colcon_core.environment:checking '/home/ashu/workspace/Obstacle-Avoidance/ros2_driver/install/ti_mmwave_rospkg/lib/pkgconfig/ti_mmwave_rospkg.pc'
[2.832s] Level 1:colcon.colcon_core.environment:checking '/home/ashu/workspace/Obstacle-Avoidance/ros2_driver/install/ti_mmwave_rospkg/lib/python3.10/site-packages'
[2.832s] Level 1:colcon.colcon_core.environment:checking '/home/ashu/workspace/Obstacle-Avoidance/ros2_driver/install/ti_mmwave_rospkg/bin'
[2.850s] INFO:colcon.colcon_core.shell:Creating package script '/home/ashu/workspace/Obstacle-Avoidance/ros2_driver/install/ti_mmwave_rospkg/share/ti_mmwave_rospkg/package.ps1'
[2.850s] INFO:colcon.colcon_core.shell:Creating package descriptor '/home/ashu/workspace/Obstacle-Avoidance/ros2_driver/install/ti_mmwave_rospkg/share/ti_mmwave_rospkg/package.dsv'
[2.851s] INFO:colcon.colcon_core.shell:Creating package script '/home/ashu/workspace/Obstacle-Avoidance/ros2_driver/install/ti_mmwave_rospkg/share/ti_mmwave_rospkg/package.sh'
[2.851s] INFO:colcon.colcon_core.shell:Creating package script '/home/ashu/workspace/Obstacle-Avoidance/ros2_driver/install/ti_mmwave_rospkg/share/ti_mmwave_rospkg/package.bash'
[2.851s] INFO:colcon.colcon_core.shell:Creating package script '/home/ashu/workspace/Obstacle-Avoidance/ros2_driver/install/ti_mmwave_rospkg/share/ti_mmwave_rospkg/package.zsh'
[2.852s] Level 1:colcon.colcon_core.environment:create_file_with_runtime_dependencies(/home/ashu/workspace/Obstacle-Avoidance/ros2_driver/install/ti_mmwave_rospkg/share/colcon-core/packages/ti_mmwave_rospkg)
[2.912s] Level 1:colcon.colcon_core.environment:create_environment_scripts_only(ti_mmwave_rospkg)
[2.930s] Level 1:colcon.colcon_core.environment:checking '/home/ashu/workspace/Obstacle-Avoidance/ros2_driver/install/ti_mmwave_rospkg' for CMake module files
[2.930s] Level 1:colcon.colcon_core.environment:checking '/home/ashu/workspace/Obstacle-Avoidance/ros2_driver/install/ti_mmwave_rospkg' for CMake config files
[2.931s] Level 1:colcon.colcon_core.shell:create_environment_hook('ti_mmwave_rospkg', 'cmake_prefix_path')
[2.949s] INFO:colcon.colcon_core.shell:Creating environment hook '/home/ashu/workspace/Obstacle-Avoidance/ros2_driver/install/ti_mmwave_rospkg/share/ti_mmwave_rospkg/hook/cmake_prefix_path.ps1'
[2.950s] INFO:colcon.colcon_core.shell:Creating environment descriptor '/home/ashu/workspace/Obstacle-Avoidance/ros2_driver/install/ti_mmwave_rospkg/share/ti_mmwave_rospkg/hook/cmake_prefix_path.dsv'
[2.950s] INFO:colcon.colcon_core.shell:Creating environment hook '/home/ashu/workspace/Obstacle-Avoidance/ros2_driver/install/ti_mmwave_rospkg/share/ti_mmwave_rospkg/hook/cmake_prefix_path.sh'
[2.950s] Level 1:colcon.colcon_core.environment:checking '/home/ashu/workspace/Obstacle-Avoidance/ros2_driver/install/ti_mmwave_rospkg/lib'
[2.950s] Level 1:colcon.colcon_core.shell:create_environment_hook('ti_mmwave_rospkg', 'ld_library_path_lib')
[2.969s] INFO:colcon.colcon_core.shell:Creating environment hook '/home/ashu/workspace/Obstacle-Avoidance/ros2_driver/install/ti_mmwave_rospkg/share/ti_mmwave_rospkg/hook/ld_library_path_lib.ps1'
[2.970s] INFO:colcon.colcon_core.shell:Creating environment descriptor '/home/ashu/workspace/Obstacle-Avoidance/ros2_driver/install/ti_mmwave_rospkg/share/ti_mmwave_rospkg/hook/ld_library_path_lib.dsv'
[2.970s] INFO:colcon.colcon_core.shell:Creating environment hook '/home/ashu/workspace/Obstacle-Avoidance/ros2_driver/install/ti_mmwave_rospkg/share/ti_mmwave_rospkg/hook/ld_library_path_lib.sh'
[2.971s] Level 1:colcon.colcon_core.environment:checking '/home/ashu/workspace/Obstacle-Avoidance/ros2_driver/install/ti_mmwave_rospkg/bin'
[2.971s] Level 1:colcon.colcon_core.environment:checking '/home/ashu/workspace/Obstacle-Avoidance/ros2_driver/install/ti_mmwave_rospkg/lib/pkgconfig/ti_mmwave_rospkg.pc'
[2.971s] Level 1:colcon.colcon_core.environment:checking '/home/ashu/workspace/Obstacle-Avoidance/ros2_driver/install/ti_mmwave_rospkg/lib/python3.10/site-packages'
[2.971s] Level 1:colcon.colcon_core.environment:checking '/home/ashu/workspace/Obstacle-Avoidance/ros2_driver/install/ti_mmwave_rospkg/bin'
[2.990s] INFO:colcon.colcon_core.shell:Creating package script '/home/ashu/workspace/Obstacle-Avoidance/ros2_driver/install/ti_mmwave_rospkg/share/ti_mmwave_rospkg/package.ps1'
[2.991s] INFO:colcon.colcon_core.shell:Creating package descriptor '/home/ashu/workspace/Obstacle-Avoidance/ros2_driver/install/ti_mmwave_rospkg/share/ti_mmwave_rospkg/package.dsv'
[2.991s] INFO:colcon.colcon_core.shell:Creating package script '/home/ashu/workspace/Obstacle-Avoidance/ros2_driver/install/ti_mmwave_rospkg/share/ti_mmwave_rospkg/package.sh'
[2.991s] INFO:colcon.colcon_core.shell:Creating package script '/home/ashu/workspace/Obstacle-Avoidance/ros2_driver/install/ti_mmwave_rospkg/share/ti_mmwave_rospkg/package.bash'
[2.992s] INFO:colcon.colcon_core.shell:Creating package script '/home/ashu/workspace/Obstacle-Avoidance/ros2_driver/install/ti_mmwave_rospkg/share/ti_mmwave_rospkg/package.zsh'
[2.992s] Level 1:colcon.colcon_core.environment:create_file_with_runtime_dependencies(/home/ashu/workspace/Obstacle-Avoidance/ros2_driver/install/ti_mmwave_rospkg/share/colcon-core/packages/ti_mmwave_rospkg)
[2.992s] DEBUG:colcon.colcon_parallel_executor.executor.parallel:closing loop
[2.993s] DEBUG:colcon.colcon_parallel_executor.executor.parallel:loop closed
[2.993s] DEBUG:colcon.colcon_parallel_executor.executor.parallel:run_until_complete finished with '0'
[2.993s] DEBUG:colcon.colcon_core.event_reactor:joining thread
[3.020s] INFO:colcon.colcon_core.plugin_system:Skipping extension 'colcon_notification.desktop_notification.terminal_notifier': Not used on non-Darwin systems
[3.020s] INFO:colcon.colcon_core.plugin_system:Skipping extension 'colcon_notification.desktop_notification.win32': Not used on non-Windows systems
[3.020s] INFO:colcon.colcon_notification.desktop_notification:Sending desktop notification using 'notify2'
[3.033s] DEBUG:colcon.colcon_core.event_reactor:joined thread
[3.052s] INFO:colcon.colcon_core.shell:Creating prefix script '/home/ashu/workspace/Obstacle-Avoidance/ros2_driver/install/local_setup.ps1'
[3.053s] INFO:colcon.colcon_core.shell:Creating prefix util module '/home/ashu/workspace/Obstacle-Avoidance/ros2_driver/install/_local_setup_util_ps1.py'
[3.055s] INFO:colcon.colcon_core.shell:Creating prefix chain script '/home/ashu/workspace/Obstacle-Avoidance/ros2_driver/install/setup.ps1'
[3.174s] INFO:colcon.colcon_core.shell:Creating prefix script '/home/ashu/workspace/Obstacle-Avoidance/ros2_driver/install/local_setup.sh'
[3.175s] INFO:colcon.colcon_core.shell:Creating prefix util module '/home/ashu/workspace/Obstacle-Avoidance/ros2_driver/install/_local_setup_util_sh.py'
[3.175s] INFO:colcon.colcon_core.shell:Creating prefix chain script '/home/ashu/workspace/Obstacle-Avoidance/ros2_driver/install/setup.sh'
[3.194s] INFO:colcon.colcon_core.shell:Creating prefix script '/home/ashu/workspace/Obstacle-Avoidance/ros2_driver/install/local_setup.bash'
[3.195s] INFO:colcon.colcon_core.shell:Creating prefix chain script '/home/ashu/workspace/Obstacle-Avoidance/ros2_driver/install/setup.bash'
[3.214s] INFO:colcon.colcon_core.shell:Creating prefix script '/home/ashu/workspace/Obstacle-Avoidance/ros2_driver/install/local_setup.zsh'
[3.214s] INFO:colcon.colcon_core.shell:Creating prefix chain script '/home/ashu/workspace/Obstacle-Avoidance/ros2_driver/install/setup.zsh'
