-- The C compiler identification is GNU 11.4.0
-- The CXX compiler identification is GNU 11.4.0
-- Detecting C compiler ABI info
-- Detecting C compiler ABI info - done
-- Check for working C compiler: /usr/bin/cc - skipped
-- Detecting C compile features
-- Detecting C compile features - done
-- Detecting CXX compiler ABI info
-- Detecting CXX compiler ABI info - done
-- Check for working CXX compiler: /usr/bin/c++ - skipped
-- Detecting CXX compile features
-- Detecting CXX compile features - done
-- Found ament_cmake: 1.3.6 (/opt/ros/humble/share/ament_cmake/cmake)
-- Found Python3: /usr/bin/python3.10 (found version "3.10.12") found components: Interpreter 
[33mCMake Warning (dev) at CMakeLists.txt:26 (target_sources):
  Policy CMP0076 is not set: target_sources() command converts relative paths
  to absolute.  Run "cmake --help-policy CMP0076" for policy details.  Use
  the cmake_policy command to set the policy and suppress this warning.

  An interface source of target "serial" has a relative path.
This warning is for project developers.  Use -Wno-dev to suppress it.
[0m
-- Configuring done
-- Generating done
-- Build files have been written to: /home/ashu/workspace/Obstacle-Avoidance/ros2_driver/build/serial
[ 75%] [32mBuilding CXX object CMakeFiles/serial.dir/src/impl/unix.cc.o[0m
[ 75%] [32mBuilding CXX object CMakeFiles/serial.dir/src/impl/list_ports/list_ports_linux.cc.o[0m
[ 75%] [32mBuilding CXX object CMakeFiles/serial.dir/src/serial.cc.o[0m
[100%] [32m[1mLinking CXX shared library libserial.so[0m
[100%] Built target serial
-- Install configuration: ""
-- Installing: /home/ashu/workspace/Obstacle-Avoidance/ros2_driver/install/serial/share/serial/environment/library_path.sh
-- Installing: /home/ashu/workspace/Obstacle-Avoidance/ros2_driver/install/serial/share/serial/environment/library_path.dsv
-- Installing: /home/ashu/workspace/Obstacle-Avoidance/ros2_driver/install/serial/lib/libserial.so
-- Installing: /home/ashu/workspace/Obstacle-Avoidance/ros2_driver/install/serial/include/serial/serial.h
-- Installing: /home/ashu/workspace/Obstacle-Avoidance/ros2_driver/install/serial/include/serial/v8stdint.h
-- Installing: /home/ashu/workspace/Obstacle-Avoidance/ros2_driver/install/serial/share/ament_index/resource_index/package_run_dependencies/serial
-- Installing: /home/ashu/workspace/Obstacle-Avoidance/ros2_driver/install/serial/share/ament_index/resource_index/parent_prefix_path/serial
-- Installing: /home/ashu/workspace/Obstacle-Avoidance/ros2_driver/install/serial/share/serial/environment/ament_prefix_path.sh
-- Installing: /home/ashu/workspace/Obstacle-Avoidance/ros2_driver/install/serial/share/serial/environment/ament_prefix_path.dsv
-- Installing: /home/ashu/workspace/Obstacle-Avoidance/ros2_driver/install/serial/share/serial/environment/path.sh
-- Installing: /home/ashu/workspace/Obstacle-Avoidance/ros2_driver/install/serial/share/serial/environment/path.dsv
-- Installing: /home/ashu/workspace/Obstacle-Avoidance/ros2_driver/install/serial/share/serial/local_setup.bash
-- Installing: /home/ashu/workspace/Obstacle-Avoidance/ros2_driver/install/serial/share/serial/local_setup.sh
-- Installing: /home/ashu/workspace/Obstacle-Avoidance/ros2_driver/install/serial/share/serial/local_setup.zsh
-- Installing: /home/ashu/workspace/Obstacle-Avoidance/ros2_driver/install/serial/share/serial/local_setup.dsv
-- Installing: /home/ashu/workspace/Obstacle-Avoidance/ros2_driver/install/serial/share/serial/package.dsv
-- Installing: /home/ashu/workspace/Obstacle-Avoidance/ros2_driver/install/serial/share/ament_index/resource_index/packages/serial
-- Installing: /home/ashu/workspace/Obstacle-Avoidance/ros2_driver/install/serial/share/serial/cmake/ament_cmake_export_include_directories-extras.cmake
-- Installing: /home/ashu/workspace/Obstacle-Avoidance/ros2_driver/install/serial/share/serial/cmake/ament_cmake_export_libraries-extras.cmake
-- Installing: /home/ashu/workspace/Obstacle-Avoidance/ros2_driver/install/serial/share/serial/cmake/serialConfig.cmake
-- Installing: /home/ashu/workspace/Obstacle-Avoidance/ros2_driver/install/serial/share/serial/cmake/serialConfig-version.cmake
-- Installing: /home/ashu/workspace/Obstacle-Avoidance/ros2_driver/install/serial/share/serial/package.xml
