[0.139s] Invoking command in '/home/ashu/workspace/Obstacle-Avoidance/ros2_driver/build/serial': CMAKE_PREFIX_PATH=${CMAKE_PREFIX_PATH}:/opt/ros/humble /usr/bin/cmake /home/ashu/workspace/Obstacle-Avoidance/ros2_driver/src/serial-ros2-master -DCMAKE_INSTALL_PREFIX=/home/ashu/workspace/Obstacle-Avoidance/ros2_driver/install/serial
[0.187s] -- The C compiler identification is GNU 11.4.0
[0.249s] -- The CXX compiler identification is GNU 11.4.0
[0.256s] -- Detecting C compiler ABI info
[0.326s] -- Detecting C compiler ABI info - done
[0.335s] -- Check for working C compiler: /usr/bin/cc - skipped
[0.336s] -- Detecting C compile features
[0.336s] -- Detecting C compile features - done
[0.340s] -- Detecting CXX compiler ABI info
[0.416s] -- Detecting CXX compiler ABI info - done
[0.423s] -- Check for working CXX compiler: /usr/bin/c++ - skipped
[0.423s] -- Detecting CXX compile features
[0.424s] -- Detecting CXX compile features - done
[0.426s] -- Found ament_cmake: 1.3.6 (/opt/ros/humble/share/ament_cmake/cmake)
[0.590s] -- Found Python3: /usr/bin/python3.10 (found version "3.10.12") found components: Interpreter 
[0.676s] [33mCMake Warning (dev) at CMakeLists.txt:26 (target_sources):
[0.676s]   Policy CMP0076 is not set: target_sources() command converts relative paths
[0.676s]   to absolute.  Run "cmake --help-policy CMP0076" for policy details.  Use
[0.676s]   the cmake_policy command to set the policy and suppress this warning.
[0.676s] 
[0.676s]   An interface source of target "serial" has a relative path.
[0.676s] This warning is for project developers.  Use -Wno-dev to suppress it.
[0.676s] [0m
[0.737s] -- Configuring done
[0.741s] -- Generating done
[0.742s] -- Build files have been written to: /home/ashu/workspace/Obstacle-Avoidance/ros2_driver/build/serial
[0.746s] Invoked command in '/home/ashu/workspace/Obstacle-Avoidance/ros2_driver/build/serial' returned '0': CMAKE_PREFIX_PATH=${CMAKE_PREFIX_PATH}:/opt/ros/humble /usr/bin/cmake /home/ashu/workspace/Obstacle-Avoidance/ros2_driver/src/serial-ros2-master -DCMAKE_INSTALL_PREFIX=/home/ashu/workspace/Obstacle-Avoidance/ros2_driver/install/serial
[0.747s] Invoking command in '/home/ashu/workspace/Obstacle-Avoidance/ros2_driver/build/serial': CMAKE_PREFIX_PATH=${CMAKE_PREFIX_PATH}:/opt/ros/humble /usr/bin/cmake --build /home/ashu/workspace/Obstacle-Avoidance/ros2_driver/build/serial -- -j12 -l12
[0.794s] [ 75%] [32mBuilding CXX object CMakeFiles/serial.dir/src/impl/unix.cc.o[0m
[0.794s] [ 75%] [32mBuilding CXX object CMakeFiles/serial.dir/src/impl/list_ports/list_ports_linux.cc.o[0m
[0.794s] [ 75%] [32mBuilding CXX object CMakeFiles/serial.dir/src/serial.cc.o[0m
[1.402s] [100%] [32m[1mLinking CXX shared library libserial.so[0m
[1.487s] [100%] Built target serial
[1.499s] Invoked command in '/home/ashu/workspace/Obstacle-Avoidance/ros2_driver/build/serial' returned '0': CMAKE_PREFIX_PATH=${CMAKE_PREFIX_PATH}:/opt/ros/humble /usr/bin/cmake --build /home/ashu/workspace/Obstacle-Avoidance/ros2_driver/build/serial -- -j12 -l12
[1.539s] Invoking command in '/home/ashu/workspace/Obstacle-Avoidance/ros2_driver/build/serial': CMAKE_PREFIX_PATH=${CMAKE_PREFIX_PATH}:/opt/ros/humble /usr/bin/cmake --install /home/ashu/workspace/Obstacle-Avoidance/ros2_driver/build/serial
[1.546s] -- Install configuration: ""
[1.547s] -- Installing: /home/ashu/workspace/Obstacle-Avoidance/ros2_driver/install/serial/share/serial/environment/library_path.sh
[1.547s] -- Installing: /home/ashu/workspace/Obstacle-Avoidance/ros2_driver/install/serial/share/serial/environment/library_path.dsv
[1.547s] -- Installing: /home/ashu/workspace/Obstacle-Avoidance/ros2_driver/install/serial/lib/libserial.so
[1.547s] -- Installing: /home/ashu/workspace/Obstacle-Avoidance/ros2_driver/install/serial/include/serial/serial.h
[1.548s] -- Installing: /home/ashu/workspace/Obstacle-Avoidance/ros2_driver/install/serial/include/serial/v8stdint.h
[1.548s] -- Installing: /home/ashu/workspace/Obstacle-Avoidance/ros2_driver/install/serial/share/ament_index/resource_index/package_run_dependencies/serial
[1.548s] -- Installing: /home/ashu/workspace/Obstacle-Avoidance/ros2_driver/install/serial/share/ament_index/resource_index/parent_prefix_path/serial
[1.548s] -- Installing: /home/ashu/workspace/Obstacle-Avoidance/ros2_driver/install/serial/share/serial/environment/ament_prefix_path.sh
[1.548s] -- Installing: /home/ashu/workspace/Obstacle-Avoidance/ros2_driver/install/serial/share/serial/environment/ament_prefix_path.dsv
[1.548s] -- Installing: /home/ashu/workspace/Obstacle-Avoidance/ros2_driver/install/serial/share/serial/environment/path.sh
[1.548s] -- Installing: /home/ashu/workspace/Obstacle-Avoidance/ros2_driver/install/serial/share/serial/environment/path.dsv
[1.548s] -- Installing: /home/ashu/workspace/Obstacle-Avoidance/ros2_driver/install/serial/share/serial/local_setup.bash
[1.549s] -- Installing: /home/ashu/workspace/Obstacle-Avoidance/ros2_driver/install/serial/share/serial/local_setup.sh
[1.549s] -- Installing: /home/ashu/workspace/Obstacle-Avoidance/ros2_driver/install/serial/share/serial/local_setup.zsh
[1.549s] -- Installing: /home/ashu/workspace/Obstacle-Avoidance/ros2_driver/install/serial/share/serial/local_setup.dsv
[1.549s] -- Installing: /home/ashu/workspace/Obstacle-Avoidance/ros2_driver/install/serial/share/serial/package.dsv
[1.549s] -- Installing: /home/ashu/workspace/Obstacle-Avoidance/ros2_driver/install/serial/share/ament_index/resource_index/packages/serial
[1.549s] -- Installing: /home/ashu/workspace/Obstacle-Avoidance/ros2_driver/install/serial/share/serial/cmake/ament_cmake_export_include_directories-extras.cmake
[1.549s] -- Installing: /home/ashu/workspace/Obstacle-Avoidance/ros2_driver/install/serial/share/serial/cmake/ament_cmake_export_libraries-extras.cmake
[1.550s] -- Installing: /home/ashu/workspace/Obstacle-Avoidance/ros2_driver/install/serial/share/serial/cmake/serialConfig.cmake
[1.550s] -- Installing: /home/ashu/workspace/Obstacle-Avoidance/ros2_driver/install/serial/share/serial/cmake/serialConfig-version.cmake
[1.550s] -- Installing: /home/ashu/workspace/Obstacle-Avoidance/ros2_driver/install/serial/share/serial/package.xml
[1.551s] Invoked command in '/home/ashu/workspace/Obstacle-Avoidance/ros2_driver/build/serial' returned '0': CMAKE_PREFIX_PATH=${CMAKE_PREFIX_PATH}:/opt/ros/humble /usr/bin/cmake --install /home/ashu/workspace/Obstacle-Avoidance/ros2_driver/build/serial
